#
# There is insufficient memory for the Java Runtime Environment to continue.
# Native memory allocation (mmap) failed to map 1048576 bytes for G1 virtual space
# Possible reasons:
#   The system is out of physical RAM or swap space
#   The process is running with CompressedOops enabled, and the Java Heap may be blocking the growth of the native heap
# Possible solutions:
#   Reduce memory load on the system
#   Increase physical memory or swap space
#   Check if swap backing store is full
#   Decrease Java heap size (-Xmx/-Xms)
#   Decrease number of Java threads
#   Decrease Java thread stack sizes (-Xss)
#   Set larger code cache with -XX:ReservedCodeCacheSize=
#   JVM is running with Unscaled Compressed Oops mode in which the Java heap is
#     placed in the first 4GB address space. The Java Heap base address is the
#     maximum limit for the native heap growth. Please use -XX:HeapBaseMinAddress
#     to set the Java Heap base and to place the Java Heap above 4GB virtual address.
# This output file may be truncated or incomplete.
#
#  Out of Memory Error (os_windows.cpp:3541), pid=3580, tid=7320
#
# JRE version: OpenJDK Runtime Environment Temurin-17.0.4.1+1 (17.0.4.1+1) (build 17.0.4.1+1)
# Java VM: OpenJDK 64-Bit Server VM Temurin-17.0.4.1+1 (17.0.4.1+1, mixed mode, tiered, compressed oops, compressed class ptrs, g1 gc, windows-amd64)
# No core dump will be written. Minidumps are not enabled by default on client versions of Windows
#

---------------  S U M M A R Y ------------

Command Line: --module-path=C:\Users\hieuc\Downloads\Save\javafx-sdk-19\lib --add-modules=javafx.controls,javafx.fxml -Dfile.encoding=UTF-8 -XX:+ShowCodeDetailsInExceptionMessages application.Main

Host: Intel(R) Core(TM) i5-3320M CPU @ 2.60GHz, 4 cores, 7G,  Windows 10 , 64 bit Build 19041 (10.0.19041.2364)
Time: Sat Feb  4 14:47:51 2023 SE Asia Standard Time elapsed time: 4.316284 seconds (0d 0h 0m 4s)

---------------  T H R E A D  ---------------

Current thread (0x000001f54687f040):  JavaThread "JavaFX Application Thread" [_thread_in_vm, id=7320, stack(0x00000066a1200000,0x00000066a1300000)]

Stack: [0x00000066a1200000,0x00000066a1300000]
Native frames: (J=compiled Java code, j=interpreted, Vv=VM code, C=native code)
V  [jvm.dll+0x67731a]
V  [jvm.dll+0x832284]
V  [jvm.dll+0x833a2e]
V  [jvm.dll+0x834093]
V  [jvm.dll+0x245775]
V  [jvm.dll+0x674209]
V  [jvm.dll+0x668a92]
V  [jvm.dll+0x30471b]
V  [jvm.dll+0x30bc66]
V  [jvm.dll+0x35b78b]
V  [jvm.dll+0x35bdb4]
V  [jvm.dll+0x35b966]
V  [jvm.dll+0x2dbb04]
V  [jvm.dll+0x2d7b46]
V  [jvm.dll+0x60a5b3]
V  [jvm.dll+0x2104f5]
V  [jvm.dll+0x7fc1b6]
V  [jvm.dll+0x381a4a]
C  0x000001f52e8eb76d

Java frames: (J=compiled Java code, j=interpreted, Vv=VM code)
j  com.sun.javafx.iio.jpeg.JPEGImageLoader.load(IIIZZ)Lcom/sun/javafx/iio/ImageFrame;+184 javafx.graphics@19
j  com.sun.javafx.iio.ImageStorage.loadAll(Lcom/sun/javafx/iio/ImageLoader;DDZFZ)[Lcom/sun/javafx/iio/ImageFrame;+55 javafx.graphics@19
j  com.sun.javafx.iio.ImageStorage.loadAll(Ljava/lang/String;Lcom/sun/javafx/iio/ImageLoadListener;DDZFZ)[Lcom/sun/javafx/iio/ImageFrame;+399 javafx.graphics@19
j  com.sun.javafx.tk.quantum.PrismImageLoader2.loadAll(Ljava/lang/String;DDZFZ)V+25 javafx.graphics@19
j  com.sun.javafx.tk.quantum.PrismImageLoader2.<init>(Ljava/lang/String;DDZFZ)V+15 javafx.graphics@19
j  com.sun.javafx.tk.quantum.QuantumToolkit.loadImage(Ljava/lang/String;DDZZ)Lcom/sun/javafx/tk/ImageLoader;+16 javafx.graphics@19
j  javafx.scene.image.Image.loadImage(Ljava/lang/String;DDZZ)Lcom/sun/javafx/tk/ImageLoader;+10 javafx.graphics@19
j  javafx.scene.image.Image.initialize(Ljava/lang/Object;)V+92 javafx.graphics@19
j  javafx.scene.image.Image.<init>(Ljava/lang/String;DDZZZ)V+20 javafx.graphics@19
j  com.sun.javafx.fxml.builder.JavaFXImageBuilder.build()Ljavafx/scene/image/Image;+28 javafx.fxml@19
j  com.sun.javafx.fxml.builder.JavaFXImageBuilder.build()Ljava/lang/Object;+1 javafx.fxml@19
j  javafx.fxml.FXMLLoader$ValueElement.processEndElement()V+24 javafx.fxml@19
j  javafx.fxml.FXMLLoader.processEndElement()V+4 javafx.fxml@19
j  javafx.fxml.FXMLLoader.loadImpl(Ljava/io/InputStream;Ljava/lang/Class;)Ljava/lang/Object;+214 javafx.fxml@19
j  javafx.fxml.FXMLLoader.loadImpl(Ljava/lang/Class;)Ljava/lang/Object;+31 javafx.fxml@19
j  javafx.fxml.FXMLLoader.load()Ljava/lang/Object;+17 javafx.fxml@19
j  views.base.FXMLScreenHandler.<init>(Ljava/lang/String;)V+36
j  views.screen.home.BikeItemHandler.<init>(Ljava/lang/String;Lentity/dockitem/Bike;Lviews/screen/home/HomeScreenHandler;)V+2
j  views.screen.home.HomeScreenHandler.initialize(Ljava/net/URL;Ljava/util/ResourceBundle;)V+206
j  javafx.fxml.FXMLLoader.loadImpl(Ljava/io/InputStream;Ljava/lang/Class;)Ljava/lang/Object;+269 javafx.fxml@19
j  javafx.fxml.FXMLLoader.loadImpl(Ljava/lang/Class;)Ljava/lang/Object;+31 javafx.fxml@19
j  javafx.fxml.FXMLLoader.load()Ljava/lang/Object;+17 javafx.fxml@19
j  views.base.FXMLScreenHandler.<init>(Ljava/lang/String;)V+36
j  views.base.BaseScreenHandler.<init>(Ljavafx/stage/Stage;Ljava/lang/String;)V+2
j  views.screen.home.HomeScreenHandler.<init>(Ljavafx/stage/Stage;Ljava/lang/String;)V+3
j  application.Main.start(Ljavafx/stage/Stage;)V+8
j  com.sun.javafx.application.LauncherImpl.lambda$launchApplication1$9(Ljava/util/concurrent/atomic/AtomicBoolean;Ljavafx/application/Application;)V+20 javafx.graphics@19
j  com.sun.javafx.application.LauncherImpl$$Lambda$102+0x00000001000ffdd0.run()V+8 javafx.graphics@19
j  com.sun.javafx.application.PlatformImpl.lambda$runAndWait$12(Ljava/lang/Runnable;Ljava/util/concurrent/CountDownLatch;)V+1 javafx.graphics@19
j  com.sun.javafx.application.PlatformImpl$$Lambda$95+0x00000001000fd4a0.run()V+8 javafx.graphics@19
j  com.sun.javafx.application.PlatformImpl.lambda$runLater$10(Ljava/lang/Runnable;)Ljava/lang/Void;+1 javafx.graphics@19
j  com.sun.javafx.application.PlatformImpl$$Lambda$97+0x00000001000fe910.run()Ljava/lang/Object;+4 javafx.graphics@19
j  java.security.AccessController.executePrivileged(Ljava/security/PrivilegedAction;Ljava/security/AccessControlContext;Ljava/lang/Class;)Ljava/lang/Object;+29 java.base@17.0.4.1
j  java.security.AccessController.doPrivileged(Ljava/security/PrivilegedAction;Ljava/security/AccessControlContext;)Ljava/lang/Object;+13 java.base@17.0.4.1
j  com.sun.javafx.application.PlatformImpl.lambda$runLater$11(Ljava/lang/Runnable;Ljava/security/AccessControlContext;)V+7 javafx.graphics@19
j  com.sun.javafx.application.PlatformImpl$$Lambda$96+0x00000001000fd8c0.run()V+8 javafx.graphics@19
j  com.sun.glass.ui.InvokeLaterDispatcher$Future.run()V+4 javafx.graphics@19
v  ~StubRoutines::call_stub
j  com.sun.glass.ui.win.WinApplication._runLoop(Ljava/lang/Runnable;)V+0 javafx.graphics@19
j  com.sun.glass.ui.win.WinApplication.lambda$runLoop$3(ILjava/lang/Runnable;)V+8 javafx.graphics@19
j  com.sun.glass.ui.win.WinApplication$$Lambda$85+0x00000001000ec430.run()V+12 javafx.graphics@19
j  java.lang.Thread.run()V+11 java.base@17.0.4.1
v  ~StubRoutines::call_stub

---------------  P R O C E S S  ---------------

Threads class SMR info:
_java_thread_list=0x000001f546b044b0, length=18, elements={
0x000001f52b1fddd0, 0x000001f544917bf0, 0x000001f54491a330, 0x000001f544976080,
0x000001f544976940, 0x000001f5454062b0, 0x000001f54540e820, 0x000001f545411120,
0x000001f545413730, 0x000001f545413d30, 0x000001f5454c1b90, 0x000001f54594d840,
0x000001f5460eaca0, 0x000001f545b76d00, 0x000001f54687f040, 0x000001f546129840,
0x000001f5457d38d0, 0x000001f5464dd560
}

Java Threads: ( => current thread )
  0x000001f52b1fddd0 JavaThread "main" [_thread_blocked, id=11272, stack(0x000000669f900000,0x000000669fa00000)]
  0x000001f544917bf0 JavaThread "Reference Handler" daemon [_thread_blocked, id=5420, stack(0x00000066a0000000,0x00000066a0100000)]
  0x000001f54491a330 JavaThread "Finalizer" daemon [_thread_blocked, id=4256, stack(0x00000066a0100000,0x00000066a0200000)]
  0x000001f544976080 JavaThread "Signal Dispatcher" daemon [_thread_blocked, id=8376, stack(0x00000066a0300000,0x00000066a0400000)]
  0x000001f544976940 JavaThread "Attach Listener" daemon [_thread_blocked, id=6628, stack(0x00000066a0400000,0x00000066a0500000)]
  0x000001f5454062b0 JavaThread "Service Thread" daemon [_thread_blocked, id=10000, stack(0x00000066a0500000,0x00000066a0600000)]
  0x000001f54540e820 JavaThread "Monitor Deflation Thread" daemon [_thread_blocked, id=9660, stack(0x00000066a0600000,0x00000066a0700000)]
  0x000001f545411120 JavaThread "C2 CompilerThread0" daemon [_thread_blocked, id=5340, stack(0x00000066a0700000,0x00000066a0800000)]
  0x000001f545413730 JavaThread "C1 CompilerThread0" daemon [_thread_blocked, id=12284, stack(0x00000066a0800000,0x00000066a0900000)]
  0x000001f545413d30 JavaThread "Sweeper thread" daemon [_thread_blocked, id=1756, stack(0x00000066a0900000,0x00000066a0a00000)]
  0x000001f5454c1b90 JavaThread "Common-Cleaner" daemon [_thread_blocked, id=2204, stack(0x00000066a0a00000,0x00000066a0b00000)]
  0x000001f54594d840 JavaThread "Notification Thread" daemon [_thread_blocked, id=8676, stack(0x00000066a0c00000,0x00000066a0d00000)]
  0x000001f5460eaca0 JavaThread "QuantumRenderer-0" daemon [_thread_blocked, id=6108, stack(0x00000066a0e00000,0x00000066a0f00000)]
  0x000001f545b76d00 JavaThread "InvokeLaterDispatcher" daemon [_thread_blocked, id=7808, stack(0x00000066a1100000,0x00000066a1200000)]
=>0x000001f54687f040 JavaThread "JavaFX Application Thread" [_thread_in_vm, id=7320, stack(0x00000066a1200000,0x00000066a1300000)]
  0x000001f546129840 JavaThread "JavaFX-Launcher" [_thread_blocked, id=11524, stack(0x00000066a1a00000,0x00000066a1b00000)]
  0x000001f5457d38d0 JavaThread "Thread-2" daemon [_thread_in_native, id=972, stack(0x00000066a1900000,0x00000066a1a00000)]
  0x000001f5464dd560 JavaThread "Prism Font Disposer" daemon [_thread_blocked, id=10908, stack(0x00000066a1b00000,0x00000066a1c00000)]

Other Threads:
  0x000001f544910ed0 VMThread "VM Thread" [stack: 0x000000669ff00000,0x00000066a0000000] [id=1268]
  0x000001f5457a0ce0 WatcherThread [stack: 0x00000066a0d00000,0x00000066a0e00000] [id=12872]
  0x000001f52b258120 GCTaskThread "GC Thread#0" [stack: 0x000000669fa00000,0x000000669fb00000] [id=6020]
  0x000001f545f87d20 GCTaskThread "GC Thread#1" [stack: 0x00000066a0b00000,0x00000066a0c00000] [id=10356]
  0x000001f545f87fd0 GCTaskThread "GC Thread#2" [stack: 0x00000066a1700000,0x00000066a1800000] [id=1476]
  0x000001f545f8f280 GCTaskThread "GC Thread#3" [stack: 0x00000066a1800000,0x00000066a1900000] [id=8300]
  0x000001f52b26a270 ConcurrentGCThread "G1 Main Marker" [stack: 0x000000669fb00000,0x000000669fc00000] [id=1164]
  0x000001f52b26c570 ConcurrentGCThread "G1 Conc#0" [stack: 0x000000669fc00000,0x000000669fd00000] [id=12400]
  0x000001f544790090 ConcurrentGCThread "G1 Refine#0" [stack: 0x000000669fd00000,0x000000669fe00000] [id=8068]
  0x000001f544791390 ConcurrentGCThread "G1 Service" [stack: 0x000000669fe00000,0x000000669ff00000] [id=12268]

Threads with active compile tasks:

VM state: not at safepoint (normal execution)

VM Mutex/Monitor currently owned by a thread:  ([mutex/lock_event])
[0x000001f52b1f9d00] Heap_lock - owner thread: 0x000001f54687f040

Heap address: 0x0000000081000000, size: 2032 MB, Compressed Oops mode: 32-bit

CDS archive(s) not mapped
Compressed class space mapped at: 0x0000000100000000-0x0000000140000000, reserved size: 1073741824
Narrow klass base: 0x0000000000000000, Narrow klass shift: 3, Narrow klass range: 0x140000000

GC Precious Log:
 CPUs: 4 total, 4 available
 Memory: 8123M
 Large Page Support: Disabled
 NUMA Support: Disabled
 Compressed Oops: Enabled (32-bit)
 Heap Region Size: 1M
 Heap Min Capacity: 8M
 Heap Initial Capacity: 128M
 Heap Max Capacity: 2032M
 Pre-touch: Disabled
 Parallel Workers: 4
 Concurrent Workers: 1
 Concurrent Refinement Workers: 4
 Periodic GC: Disabled

Heap:
 garbage-first heap   total 228352K, used 163876K [0x0000000081000000, 0x0000000100000000)
  region size 1024K, 11 young (11264K), 2 survivors (2048K)
 Metaspace       used 26365K, committed 26624K, reserved 1073152K
  class space    used 2934K, committed 3072K, reserved 1048576K

Heap Regions: E=young(eden), S=young(survivor), O=old, HS=humongous(starts), HC=humongous(continues), CS=collection set, F=free, OA=open archive, CA=closed archive, TAMS=top-at-mark-start (previous, next)
|   0|0x0000000081000000, 0x0000000081100000, 0x0000000081100000|100%| O|  |TAMS 0x0000000081100000, 0x0000000081000000| Untracked 
|   1|0x0000000081100000, 0x0000000081200000, 0x0000000081200000|100%| O|  |TAMS 0x0000000081200000, 0x0000000081100000| Untracked 
|   2|0x0000000081200000, 0x0000000081300000, 0x0000000081300000|100%| O|  |TAMS 0x00000000812b5800, 0x0000000081200000| Untracked 
|   3|0x0000000081300000, 0x0000000081400000, 0x0000000081400000|100%| O|  |TAMS 0x0000000081300000, 0x0000000081300000| Untracked 
|   4|0x0000000081400000, 0x0000000081500000, 0x0000000081500000|100%| O|  |TAMS 0x0000000081400000, 0x0000000081400000| Untracked 
|   5|0x0000000081500000, 0x00000000815b0c00, 0x0000000081600000| 69%| O|  |TAMS 0x0000000081500000, 0x0000000081500000| Complete 
|   6|0x0000000081600000, 0x0000000081600000, 0x0000000081700000|  0%| F|  |TAMS 0x0000000081600000, 0x0000000081600000| Untracked 
|   7|0x0000000081700000, 0x0000000081700000, 0x0000000081800000|  0%| F|  |TAMS 0x0000000081700000, 0x0000000081700000| Untracked 
|   8|0x0000000081800000, 0x0000000081800000, 0x0000000081900000|  0%| F|  |TAMS 0x0000000081800000, 0x0000000081800000| Untracked 
|   9|0x0000000081900000, 0x0000000081900000, 0x0000000081a00000|  0%| F|  |TAMS 0x0000000081900000, 0x0000000081900000| Untracked 
|  10|0x0000000081a00000, 0x0000000081a00000, 0x0000000081b00000|  0%| F|  |TAMS 0x0000000081a00000, 0x0000000081a00000| Untracked 
|  11|0x0000000081b00000, 0x0000000081b00000, 0x0000000081c00000|  0%| F|  |TAMS 0x0000000081b00000, 0x0000000081b00000| Untracked 
|  12|0x0000000081c00000, 0x0000000081c00000, 0x0000000081d00000|  0%| F|  |TAMS 0x0000000081c00000, 0x0000000081c00000| Untracked 
|  13|0x0000000081d00000, 0x0000000081d00000, 0x0000000081e00000|  0%| F|  |TAMS 0x0000000081d00000, 0x0000000081d00000| Untracked 
|  14|0x0000000081e00000, 0x0000000081e00000, 0x0000000081f00000|  0%| F|  |TAMS 0x0000000081e00000, 0x0000000081e00000| Untracked 
|  15|0x0000000081f00000, 0x0000000081f00000, 0x0000000082000000|  0%| F|  |TAMS 0x0000000081f00000, 0x0000000081f00000| Untracked 
|  16|0x0000000082000000, 0x0000000082000000, 0x0000000082100000|  0%| F|  |TAMS 0x0000000082000000, 0x0000000082000000| Untracked 
|  17|0x0000000082100000, 0x0000000082100000, 0x0000000082200000|  0%| F|  |TAMS 0x0000000082100000, 0x0000000082100000| Untracked 
|  18|0x0000000082200000, 0x0000000082200000, 0x0000000082300000|  0%| F|  |TAMS 0x0000000082200000, 0x0000000082200000| Untracked 
|  19|0x0000000082300000, 0x0000000082374788, 0x0000000082400000| 45%| E|  |TAMS 0x0000000082300000, 0x0000000082300000| Complete 
|  20|0x0000000082400000, 0x0000000082500000, 0x0000000082500000|100%| E|CS|TAMS 0x0000000082400000, 0x0000000082400000| Complete 
|  21|0x0000000082500000, 0x0000000082600000, 0x0000000082600000|100%| E|CS|TAMS 0x0000000082500000, 0x0000000082500000| Complete 
|  22|0x0000000082600000, 0x0000000082700000, 0x0000000082700000|100%| E|CS|TAMS 0x0000000082600000, 0x0000000082600000| Complete 
|  23|0x0000000082700000, 0x0000000082800000, 0x0000000082800000|100%| E|CS|TAMS 0x0000000082700000, 0x0000000082700000| Complete 
|  24|0x0000000082800000, 0x0000000082900000, 0x0000000082900000|100%| E|CS|TAMS 0x0000000082800000, 0x0000000082800000| Complete 
|  25|0x0000000082900000, 0x0000000082a00000, 0x0000000082a00000|100%| E|CS|TAMS 0x0000000082900000, 0x0000000082900000| Complete 
|  26|0x0000000082a00000, 0x0000000082b00000, 0x0000000082b00000|100%| E|CS|TAMS 0x0000000082a00000, 0x0000000082a00000| Complete 
|  27|0x0000000082b00000, 0x0000000082c00000, 0x0000000082c00000|100%|HS|  |TAMS 0x0000000082b00000, 0x0000000082b00000| Complete 
|  28|0x0000000082c00000, 0x0000000082d00000, 0x0000000082d00000|100%|HC|  |TAMS 0x0000000082c00000, 0x0000000082c00000| Complete 
|  29|0x0000000082d00000, 0x0000000082e00000, 0x0000000082e00000|100%|HC|  |TAMS 0x0000000082d00000, 0x0000000082d00000| Complete 
|  30|0x0000000082e00000, 0x0000000082f00000, 0x0000000082f00000|100%|HC|  |TAMS 0x0000000082e00000, 0x0000000082e00000| Complete 
|  31|0x0000000082f00000, 0x0000000083000000, 0x0000000083000000|100%|HC|  |TAMS 0x0000000082f00000, 0x0000000082f00000| Complete 
|  32|0x0000000083000000, 0x0000000083100000, 0x0000000083100000|100%|HC|  |TAMS 0x0000000083000000, 0x0000000083000000| Complete 
|  33|0x0000000083100000, 0x0000000083200000, 0x0000000083200000|100%|HC|  |TAMS 0x0000000083100000, 0x0000000083100000| Complete 
|  34|0x0000000083200000, 0x0000000083300000, 0x0000000083300000|100%|HC|  |TAMS 0x0000000083200000, 0x0000000083200000| Complete 
|  35|0x0000000083300000, 0x0000000083400000, 0x0000000083400000|100%|HC|  |TAMS 0x0000000083300000, 0x0000000083300000| Complete 
|  36|0x0000000083400000, 0x0000000083500000, 0x0000000083500000|100%|HC|  |TAMS 0x0000000083400000, 0x0000000083400000| Complete 
|  37|0x0000000083500000, 0x0000000083600000, 0x0000000083600000|100%|HC|  |TAMS 0x0000000083500000, 0x0000000083500000| Complete 
|  38|0x0000000083600000, 0x0000000083700000, 0x0000000083700000|100%|HC|  |TAMS 0x0000000083600000, 0x0000000083600000| Complete 
|  39|0x0000000083700000, 0x0000000083800000, 0x0000000083800000|100%|HC|  |TAMS 0x0000000083700000, 0x0000000083700000| Complete 
|  40|0x0000000083800000, 0x0000000083900000, 0x0000000083900000|100%|HC|  |TAMS 0x0000000083800000, 0x0000000083800000| Complete 
|  41|0x0000000083900000, 0x0000000083a00000, 0x0000000083a00000|100%|HC|  |TAMS 0x0000000083900000, 0x0000000083900000| Complete 
|  42|0x0000000083a00000, 0x0000000083b00000, 0x0000000083b00000|100%|HC|  |TAMS 0x0000000083a00000, 0x0000000083a00000| Complete 
|  43|0x0000000083b00000, 0x0000000083c00000, 0x0000000083c00000|100%|HC|  |TAMS 0x0000000083b00000, 0x0000000083b00000| Complete 
|  44|0x0000000083c00000, 0x0000000083d00000, 0x0000000083d00000|100%|HC|  |TAMS 0x0000000083c00000, 0x0000000083c00000| Complete 
|  45|0x0000000083d00000, 0x0000000083e00000, 0x0000000083e00000|100%|HC|  |TAMS 0x0000000083d00000, 0x0000000083d00000| Complete 
|  46|0x0000000083e00000, 0x0000000083f00000, 0x0000000083f00000|100%|HC|  |TAMS 0x0000000083e00000, 0x0000000083e00000| Complete 
|  47|0x0000000083f00000, 0x0000000084000000, 0x0000000084000000|100%|HC|  |TAMS 0x0000000083f00000, 0x0000000083f00000| Complete 
|  48|0x0000000084000000, 0x0000000084100000, 0x0000000084100000|100%|HC|  |TAMS 0x0000000084000000, 0x0000000084000000| Complete 
|  49|0x0000000084100000, 0x0000000084200000, 0x0000000084200000|100%|HC|  |TAMS 0x0000000084100000, 0x0000000084100000| Complete 
|  50|0x0000000084200000, 0x0000000084300000, 0x0000000084300000|100%|HC|  |TAMS 0x0000000084200000, 0x0000000084200000| Complete 
|  51|0x0000000084300000, 0x0000000084400000, 0x0000000084400000|100%|HC|  |TAMS 0x0000000084300000, 0x0000000084300000| Complete 
|  52|0x0000000084400000, 0x0000000084500000, 0x0000000084500000|100%|HC|  |TAMS 0x0000000084400000, 0x0000000084400000| Complete 
|  53|0x0000000084500000, 0x0000000084600000, 0x0000000084600000|100%|HC|  |TAMS 0x0000000084500000, 0x0000000084500000| Complete 
|  54|0x0000000084600000, 0x0000000084700000, 0x0000000084700000|100%|HC|  |TAMS 0x0000000084600000, 0x0000000084600000| Complete 
|  55|0x0000000084700000, 0x0000000084800000, 0x0000000084800000|100%|HC|  |TAMS 0x0000000084700000, 0x0000000084700000| Complete 
|  56|0x0000000084800000, 0x0000000084900000, 0x0000000084900000|100%|HC|  |TAMS 0x0000000084800000, 0x0000000084800000| Complete 
|  57|0x0000000084900000, 0x0000000084a00000, 0x0000000084a00000|100%|HC|  |TAMS 0x0000000084900000, 0x0000000084900000| Complete 
|  58|0x0000000084a00000, 0x0000000084b00000, 0x0000000084b00000|100%|HC|  |TAMS 0x0000000084a00000, 0x0000000084a00000| Complete 
|  59|0x0000000084b00000, 0x0000000084c00000, 0x0000000084c00000|100%|HC|  |TAMS 0x0000000084b00000, 0x0000000084b00000| Complete 
|  60|0x0000000084c00000, 0x0000000084d00000, 0x0000000084d00000|100%|HC|  |TAMS 0x0000000084c00000, 0x0000000084c00000| Complete 
|  61|0x0000000084d00000, 0x0000000084e00000, 0x0000000084e00000|100%|HC|  |TAMS 0x0000000084d00000, 0x0000000084d00000| Complete 
|  62|0x0000000084e00000, 0x0000000084f00000, 0x0000000084f00000|100%|HC|  |TAMS 0x0000000084e00000, 0x0000000084e00000| Complete 
|  63|0x0000000084f00000, 0x0000000085000000, 0x0000000085000000|100%|HC|  |TAMS 0x0000000084f00000, 0x0000000084f00000| Complete 
|  64|0x0000000085000000, 0x0000000085100000, 0x0000000085100000|100%|HC|  |TAMS 0x0000000085000000, 0x0000000085000000| Complete 
|  65|0x0000000085100000, 0x0000000085200000, 0x0000000085200000|100%|HC|  |TAMS 0x0000000085100000, 0x0000000085100000| Complete 
|  66|0x0000000085200000, 0x0000000085300000, 0x0000000085300000|100%|HC|  |TAMS 0x0000000085200000, 0x0000000085200000| Complete 
|  67|0x0000000085300000, 0x0000000085400000, 0x0000000085400000|100%|HC|  |TAMS 0x0000000085300000, 0x0000000085300000| Complete 
|  68|0x0000000085400000, 0x0000000085500000, 0x0000000085500000|100%|HC|  |TAMS 0x0000000085400000, 0x0000000085400000| Complete 
|  69|0x0000000085500000, 0x0000000085600000, 0x0000000085600000|100%|HC|  |TAMS 0x0000000085500000, 0x0000000085500000| Complete 
|  70|0x0000000085600000, 0x0000000085700000, 0x0000000085700000|100%|HC|  |TAMS 0x0000000085600000, 0x0000000085600000| Complete 
|  71|0x0000000085700000, 0x0000000085800000, 0x0000000085800000|100%|HC|  |TAMS 0x0000000085700000, 0x0000000085700000| Complete 
|  72|0x0000000085800000, 0x0000000085900000, 0x0000000085900000|100%|HC|  |TAMS 0x0000000085800000, 0x0000000085800000| Complete 
|  73|0x0000000085900000, 0x0000000085a00000, 0x0000000085a00000|100%|HC|  |TAMS 0x0000000085900000, 0x0000000085900000| Complete 
|  74|0x0000000085a00000, 0x0000000085b00000, 0x0000000085b00000|100%|HC|  |TAMS 0x0000000085a00000, 0x0000000085a00000| Complete 
|  75|0x0000000085b00000, 0x0000000085c00000, 0x0000000085c00000|100%|HC|  |TAMS 0x0000000085b00000, 0x0000000085b00000| Complete 
|  76|0x0000000085c00000, 0x0000000085d00000, 0x0000000085d00000|100%|HC|  |TAMS 0x0000000085c00000, 0x0000000085c00000| Complete 
|  77|0x0000000085d00000, 0x0000000085e00000, 0x0000000085e00000|100%|HC|  |TAMS 0x0000000085d00000, 0x0000000085d00000| Complete 
|  78|0x0000000085e00000, 0x0000000085f00000, 0x0000000085f00000|100%|HC|  |TAMS 0x0000000085e00000, 0x0000000085e00000| Complete 
|  79|0x0000000085f00000, 0x0000000086000000, 0x0000000086000000|100%|HC|  |TAMS 0x0000000085f00000, 0x0000000085f00000| Complete 
|  80|0x0000000086000000, 0x0000000086100000, 0x0000000086100000|100%|HC|  |TAMS 0x0000000086000000, 0x0000000086000000| Complete 
|  81|0x0000000086100000, 0x0000000086200000, 0x0000000086200000|100%|HC|  |TAMS 0x0000000086100000, 0x0000000086100000| Complete 
|  82|0x0000000086200000, 0x0000000086300000, 0x0000000086300000|100%|HC|  |TAMS 0x0000000086200000, 0x0000000086200000| Complete 
|  83|0x0000000086300000, 0x0000000086400000, 0x0000000086400000|100%|HC|  |TAMS 0x0000000086300000, 0x0000000086300000| Complete 
|  84|0x0000000086400000, 0x0000000086500000, 0x0000000086500000|100%|HC|  |TAMS 0x0000000086400000, 0x0000000086400000| Complete 
|  85|0x0000000086500000, 0x0000000086600000, 0x0000000086600000|100%|HC|  |TAMS 0x0000000086500000, 0x0000000086500000| Complete 
|  86|0x0000000086600000, 0x0000000086700000, 0x0000000086700000|100%|HC|  |TAMS 0x0000000086600000, 0x0000000086600000| Complete 
|  87|0x0000000086700000, 0x0000000086800000, 0x0000000086800000|100%|HC|  |TAMS 0x0000000086700000, 0x0000000086700000| Complete 
|  88|0x0000000086800000, 0x0000000086900000, 0x0000000086900000|100%|HC|  |TAMS 0x0000000086800000, 0x0000000086800000| Complete 
|  89|0x0000000086900000, 0x0000000086a00000, 0x0000000086a00000|100%|HC|  |TAMS 0x0000000086900000, 0x0000000086900000| Complete 
|  90|0x0000000086a00000, 0x0000000086b00000, 0x0000000086b00000|100%|HC|  |TAMS 0x0000000086a00000, 0x0000000086a00000| Complete 
|  91|0x0000000086b00000, 0x0000000086c00000, 0x0000000086c00000|100%|HC|  |TAMS 0x0000000086b00000, 0x0000000086b00000| Complete 
|  92|0x0000000086c00000, 0x0000000086d00000, 0x0000000086d00000|100%|HC|  |TAMS 0x0000000086c00000, 0x0000000086c00000| Complete 
|  93|0x0000000086d00000, 0x0000000086e00000, 0x0000000086e00000|100%|HC|  |TAMS 0x0000000086d00000, 0x0000000086d00000| Complete 
|  94|0x0000000086e00000, 0x0000000086f00000, 0x0000000086f00000|100%|HC|  |TAMS 0x0000000086e00000, 0x0000000086e00000| Complete 
|  95|0x0000000086f00000, 0x0000000087000000, 0x0000000087000000|100%|HC|  |TAMS 0x0000000086f00000, 0x0000000086f00000| Complete 
|  96|0x0000000087000000, 0x0000000087100000, 0x0000000087100000|100%|HC|  |TAMS 0x0000000087000000, 0x0000000087000000| Complete 
|  97|0x0000000087100000, 0x0000000087200000, 0x0000000087200000|100%|HC|  |TAMS 0x0000000087100000, 0x0000000087100000| Complete 
|  98|0x0000000087200000, 0x0000000087300000, 0x0000000087300000|100%|HC|  |TAMS 0x0000000087200000, 0x0000000087200000| Complete 
| 113|0x0000000088100000, 0x00000000881e3fd8, 0x0000000088200000| 89%| S|CS|TAMS 0x0000000088100000, 0x0000000088100000| Complete 
| 114|0x0000000088200000, 0x0000000088300000, 0x0000000088300000|100%| S|CS|TAMS 0x0000000088200000, 0x0000000088200000| Complete 
| 127|0x0000000088f00000, 0x0000000089000000, 0x0000000089000000|100%| E|CS|TAMS 0x0000000088f00000, 0x0000000088f00000| Complete 
| 128|0x0000000089000000, 0x0000000089100000, 0x0000000089100000|100%|HS|  |TAMS 0x0000000089000000, 0x0000000089000000| Complete 
| 129|0x0000000089100000, 0x0000000089200000, 0x0000000089200000|100%|HC|  |TAMS 0x0000000089100000, 0x0000000089100000| Complete 
| 130|0x0000000089200000, 0x0000000089300000, 0x0000000089300000|100%|HC|  |TAMS 0x0000000089200000, 0x0000000089200000| Complete 
| 131|0x0000000089300000, 0x0000000089400000, 0x0000000089400000|100%|HC|  |TAMS 0x0000000089300000, 0x0000000089300000| Complete 
| 132|0x0000000089400000, 0x0000000089500000, 0x0000000089500000|100%|HC|  |TAMS 0x0000000089400000, 0x0000000089400000| Complete 
| 133|0x0000000089500000, 0x0000000089600000, 0x0000000089600000|100%|HC|  |TAMS 0x0000000089500000, 0x0000000089500000| Complete 
| 134|0x0000000089600000, 0x0000000089700000, 0x0000000089700000|100%|HC|  |TAMS 0x0000000089600000, 0x0000000089600000| Complete 
| 135|0x0000000089700000, 0x0000000089800000, 0x0000000089800000|100%|HC|  |TAMS 0x0000000089700000, 0x0000000089700000| Complete 
| 136|0x0000000089800000, 0x0000000089900000, 0x0000000089900000|100%|HC|  |TAMS 0x0000000089800000, 0x0000000089800000| Complete 
| 137|0x0000000089900000, 0x0000000089a00000, 0x0000000089a00000|100%|HC|  |TAMS 0x0000000089900000, 0x0000000089900000| Complete 
| 138|0x0000000089a00000, 0x0000000089b00000, 0x0000000089b00000|100%|HC|  |TAMS 0x0000000089a00000, 0x0000000089a00000| Complete 
| 139|0x0000000089b00000, 0x0000000089c00000, 0x0000000089c00000|100%|HC|  |TAMS 0x0000000089b00000, 0x0000000089b00000| Complete 
| 140|0x0000000089c00000, 0x0000000089d00000, 0x0000000089d00000|100%|HC|  |TAMS 0x0000000089c00000, 0x0000000089c00000| Complete 
| 141|0x0000000089d00000, 0x0000000089e00000, 0x0000000089e00000|100%|HC|  |TAMS 0x0000000089d00000, 0x0000000089d00000| Complete 
| 142|0x0000000089e00000, 0x0000000089f00000, 0x0000000089f00000|100%|HC|  |TAMS 0x0000000089e00000, 0x0000000089e00000| Complete 
| 143|0x0000000089f00000, 0x000000008a000000, 0x000000008a000000|100%|HC|  |TAMS 0x0000000089f00000, 0x0000000089f00000| Complete 
| 144|0x000000008a000000, 0x000000008a100000, 0x000000008a100000|100%|HC|  |TAMS 0x000000008a000000, 0x000000008a000000| Complete 
| 145|0x000000008a100000, 0x000000008a200000, 0x000000008a200000|100%|HC|  |TAMS 0x000000008a100000, 0x000000008a100000| Complete 
| 146|0x000000008a200000, 0x000000008a300000, 0x000000008a300000|100%|HC|  |TAMS 0x000000008a200000, 0x000000008a200000| Complete 
| 147|0x000000008a300000, 0x000000008a400000, 0x000000008a400000|100%|HC|  |TAMS 0x000000008a300000, 0x000000008a300000| Complete 
| 148|0x000000008a400000, 0x000000008a500000, 0x000000008a500000|100%|HC|  |TAMS 0x000000008a400000, 0x000000008a400000| Complete 
| 149|0x000000008a500000, 0x000000008a600000, 0x000000008a600000|100%|HC|  |TAMS 0x000000008a500000, 0x000000008a500000| Complete 
| 150|0x000000008a600000, 0x000000008a700000, 0x000000008a700000|100%|HC|  |TAMS 0x000000008a600000, 0x000000008a600000| Complete 
| 151|0x000000008a700000, 0x000000008a800000, 0x000000008a800000|100%|HC|  |TAMS 0x000000008a700000, 0x000000008a700000| Complete 
| 152|0x000000008a800000, 0x000000008a900000, 0x000000008a900000|100%|HC|  |TAMS 0x000000008a800000, 0x000000008a800000| Complete 
| 153|0x000000008a900000, 0x000000008aa00000, 0x000000008aa00000|100%|HC|  |TAMS 0x000000008a900000, 0x000000008a900000| Complete 
| 154|0x000000008aa00000, 0x000000008ab00000, 0x000000008ab00000|100%|HC|  |TAMS 0x000000008aa00000, 0x000000008aa00000| Complete 
| 155|0x000000008ab00000, 0x000000008ac00000, 0x000000008ac00000|100%|HC|  |TAMS 0x000000008ab00000, 0x000000008ab00000| Complete 
| 156|0x000000008ac00000, 0x000000008ad00000, 0x000000008ad00000|100%|HC|  |TAMS 0x000000008ac00000, 0x000000008ac00000| Complete 
| 157|0x000000008ad00000, 0x000000008ae00000, 0x000000008ae00000|100%|HC|  |TAMS 0x000000008ad00000, 0x000000008ad00000| Complete 
| 158|0x000000008ae00000, 0x000000008af00000, 0x000000008af00000|100%|HC|  |TAMS 0x000000008ae00000, 0x000000008ae00000| Complete 
| 159|0x000000008af00000, 0x000000008b000000, 0x000000008b000000|100%|HC|  |TAMS 0x000000008af00000, 0x000000008af00000| Complete 
| 160|0x000000008b000000, 0x000000008b100000, 0x000000008b100000|100%|HC|  |TAMS 0x000000008b000000, 0x000000008b000000| Complete 
| 161|0x000000008b100000, 0x000000008b200000, 0x000000008b200000|100%|HC|  |TAMS 0x000000008b100000, 0x000000008b100000| Complete 
| 162|0x000000008b200000, 0x000000008b300000, 0x000000008b300000|100%|HC|  |TAMS 0x000000008b200000, 0x000000008b200000| Complete 
| 163|0x000000008b300000, 0x000000008b400000, 0x000000008b400000|100%|HC|  |TAMS 0x000000008b300000, 0x000000008b300000| Complete 
| 164|0x000000008b400000, 0x000000008b500000, 0x000000008b500000|100%|HC|  |TAMS 0x000000008b400000, 0x000000008b400000| Complete 
| 165|0x000000008b500000, 0x000000008b600000, 0x000000008b600000|100%|HC|  |TAMS 0x000000008b500000, 0x000000008b500000| Complete 
| 166|0x000000008b600000, 0x000000008b700000, 0x000000008b700000|100%|HC|  |TAMS 0x000000008b600000, 0x000000008b600000| Complete 
| 167|0x000000008b700000, 0x000000008b800000, 0x000000008b800000|100%|HC|  |TAMS 0x000000008b700000, 0x000000008b700000| Complete 
| 168|0x000000008b800000, 0x000000008b900000, 0x000000008b900000|100%|HC|  |TAMS 0x000000008b800000, 0x000000008b800000| Complete 
| 169|0x000000008b900000, 0x000000008ba00000, 0x000000008ba00000|100%|HC|  |TAMS 0x000000008b900000, 0x000000008b900000| Complete 
| 170|0x000000008ba00000, 0x000000008bb00000, 0x000000008bb00000|100%|HC|  |TAMS 0x000000008ba00000, 0x000000008ba00000| Complete 
| 171|0x000000008bb00000, 0x000000008bc00000, 0x000000008bc00000|100%|HC|  |TAMS 0x000000008bb00000, 0x000000008bb00000| Complete 
| 172|0x000000008bc00000, 0x000000008bd00000, 0x000000008bd00000|100%|HC|  |TAMS 0x000000008bc00000, 0x000000008bc00000| Complete 
| 173|0x000000008bd00000, 0x000000008be00000, 0x000000008be00000|100%|HC|  |TAMS 0x000000008bd00000, 0x000000008bd00000| Complete 
| 174|0x000000008be00000, 0x000000008bf00000, 0x000000008bf00000|100%|HC|  |TAMS 0x000000008be00000, 0x000000008be00000| Complete 
| 175|0x000000008bf00000, 0x000000008c000000, 0x000000008c000000|100%|HC|  |TAMS 0x000000008bf00000, 0x000000008bf00000| Complete 
| 176|0x000000008c000000, 0x000000008c100000, 0x000000008c100000|100%|HC|  |TAMS 0x000000008c000000, 0x000000008c000000| Complete 
| 177|0x000000008c100000, 0x000000008c200000, 0x000000008c200000|100%|HC|  |TAMS 0x000000008c100000, 0x000000008c100000| Complete 
| 178|0x000000008c200000, 0x000000008c300000, 0x000000008c300000|100%|HC|  |TAMS 0x000000008c200000, 0x000000008c200000| Complete 
| 179|0x000000008c300000, 0x000000008c400000, 0x000000008c400000|100%|HC|  |TAMS 0x000000008c300000, 0x000000008c300000| Complete 
| 180|0x000000008c400000, 0x000000008c500000, 0x000000008c500000|100%|HC|  |TAMS 0x000000008c400000, 0x000000008c400000| Complete 
| 181|0x000000008c500000, 0x000000008c600000, 0x000000008c600000|100%|HC|  |TAMS 0x000000008c500000, 0x000000008c500000| Complete 
| 182|0x000000008c600000, 0x000000008c700000, 0x000000008c700000|100%|HC|  |TAMS 0x000000008c600000, 0x000000008c600000| Complete 
| 183|0x000000008c700000, 0x000000008c800000, 0x000000008c800000|100%|HC|  |TAMS 0x000000008c700000, 0x000000008c700000| Complete 
| 184|0x000000008c800000, 0x000000008c900000, 0x000000008c900000|100%|HC|  |TAMS 0x000000008c800000, 0x000000008c800000| Complete 
| 185|0x000000008c900000, 0x000000008ca00000, 0x000000008ca00000|100%|HC|  |TAMS 0x000000008c900000, 0x000000008c900000| Complete 
| 186|0x000000008ca00000, 0x000000008cb00000, 0x000000008cb00000|100%|HC|  |TAMS 0x000000008ca00000, 0x000000008ca00000| Complete 
| 187|0x000000008cb00000, 0x000000008cc00000, 0x000000008cc00000|100%|HC|  |TAMS 0x000000008cb00000, 0x000000008cb00000| Complete 
| 188|0x000000008cc00000, 0x000000008cd00000, 0x000000008cd00000|100%|HC|  |TAMS 0x000000008cc00000, 0x000000008cc00000| Complete 
| 189|0x000000008cd00000, 0x000000008ce00000, 0x000000008ce00000|100%|HC|  |TAMS 0x000000008cd00000, 0x000000008cd00000| Complete 
| 190|0x000000008ce00000, 0x000000008cf00000, 0x000000008cf00000|100%|HC|  |TAMS 0x000000008ce00000, 0x000000008ce00000| Complete 
| 191|0x000000008cf00000, 0x000000008d000000, 0x000000008d000000|100%|HC|  |TAMS 0x000000008cf00000, 0x000000008cf00000| Complete 
| 192|0x000000008d000000, 0x000000008d100000, 0x000000008d100000|100%|HC|  |TAMS 0x000000008d000000, 0x000000008d000000| Complete 
| 193|0x000000008d100000, 0x000000008d200000, 0x000000008d200000|100%|HC|  |TAMS 0x000000008d100000, 0x000000008d100000| Complete 
| 194|0x000000008d200000, 0x000000008d300000, 0x000000008d300000|100%|HC|  |TAMS 0x000000008d200000, 0x000000008d200000| Complete 
| 195|0x000000008d300000, 0x000000008d400000, 0x000000008d400000|100%|HC|  |TAMS 0x000000008d300000, 0x000000008d300000| Complete 
| 196|0x000000008d400000, 0x000000008d500000, 0x000000008d500000|100%|HC|  |TAMS 0x000000008d400000, 0x000000008d400000| Complete 
| 197|0x000000008d500000, 0x000000008d600000, 0x000000008d600000|100%|HC|  |TAMS 0x000000008d500000, 0x000000008d500000| Complete 
| 198|0x000000008d600000, 0x000000008d700000, 0x000000008d700000|100%|HC|  |TAMS 0x000000008d600000, 0x000000008d600000| Complete 
| 199|0x000000008d700000, 0x000000008d800000, 0x000000008d800000|100%|HC|  |TAMS 0x000000008d700000, 0x000000008d700000| Complete 
| 200|0x000000008d800000, 0x000000008d800000, 0x000000008d900000|  0%| F|  |TAMS 0x000000008d800000, 0x000000008d800000| Untracked 
| 201|0x000000008d900000, 0x000000008d900000, 0x000000008da00000|  0%| F|  |TAMS 0x000000008d900000, 0x000000008d900000| Untracked 
| 202|0x000000008da00000, 0x000000008da00000, 0x000000008db00000|  0%| F|  |TAMS 0x000000008da00000, 0x000000008da00000| Untracked 
| 203|0x000000008db00000, 0x000000008db00000, 0x000000008dc00000|  0%| F|  |TAMS 0x000000008db00000, 0x000000008db00000| Untracked 
| 204|0x000000008dc00000, 0x000000008dc00000, 0x000000008dd00000|  0%| F|  |TAMS 0x000000008dc00000, 0x000000008dc00000| Untracked 
| 205|0x000000008dd00000, 0x000000008dd00000, 0x000000008de00000|  0%| F|  |TAMS 0x000000008dd00000, 0x000000008dd00000| Untracked 
| 206|0x000000008de00000, 0x000000008de00000, 0x000000008df00000|  0%| F|  |TAMS 0x000000008de00000, 0x000000008de00000| Untracked 
| 207|0x000000008df00000, 0x000000008df00000, 0x000000008e000000|  0%| F|  |TAMS 0x000000008df00000, 0x000000008df00000| Untracked 
| 208|0x000000008e000000, 0x000000008e000000, 0x000000008e100000|  0%| F|  |TAMS 0x000000008e000000, 0x000000008e000000| Untracked 
| 209|0x000000008e100000, 0x000000008e100000, 0x000000008e200000|  0%| F|  |TAMS 0x000000008e100000, 0x000000008e100000| Untracked 
| 210|0x000000008e200000, 0x000000008e200000, 0x000000008e300000|  0%| F|  |TAMS 0x000000008e200000, 0x000000008e200000| Untracked 
| 211|0x000000008e300000, 0x000000008e300000, 0x000000008e400000|  0%| F|  |TAMS 0x000000008e300000, 0x000000008e300000| Untracked 
| 212|0x000000008e400000, 0x000000008e400000, 0x000000008e500000|  0%| F|  |TAMS 0x000000008e400000, 0x000000008e400000| Untracked 
| 213|0x000000008e500000, 0x000000008e500000, 0x000000008e600000|  0%| F|  |TAMS 0x000000008e500000, 0x000000008e500000| Untracked 
| 214|0x000000008e600000, 0x000000008e600000, 0x000000008e700000|  0%| F|  |TAMS 0x000000008e600000, 0x000000008e600000| Untracked 
| 215|0x000000008e700000, 0x000000008e700000, 0x000000008e800000|  0%| F|  |TAMS 0x000000008e700000, 0x000000008e700000| Untracked 
| 216|0x000000008e800000, 0x000000008e800000, 0x000000008e900000|  0%| F|  |TAMS 0x000000008e800000, 0x000000008e800000| Untracked 
| 217|0x000000008e900000, 0x000000008e900000, 0x000000008ea00000|  0%| F|  |TAMS 0x000000008e900000, 0x000000008e900000| Untracked 
| 218|0x000000008ea00000, 0x000000008ea00000, 0x000000008eb00000|  0%| F|  |TAMS 0x000000008ea00000, 0x000000008ea00000| Untracked 
| 219|0x000000008eb00000, 0x000000008eb00000, 0x000000008ec00000|  0%| F|  |TAMS 0x000000008eb00000, 0x000000008eb00000| Untracked 
| 220|0x000000008ec00000, 0x000000008ec00000, 0x000000008ed00000|  0%| F|  |TAMS 0x000000008ec00000, 0x000000008ec00000| Untracked 
| 221|0x000000008ed00000, 0x000000008ed00000, 0x000000008ee00000|  0%| F|  |TAMS 0x000000008ed00000, 0x000000008ed00000| Untracked 
| 222|0x000000008ee00000, 0x000000008ee00000, 0x000000008ef00000|  0%| F|  |TAMS 0x000000008ee00000, 0x000000008ee00000| Untracked 
| 223|0x000000008ef00000, 0x000000008ef00000, 0x000000008f000000|  0%| F|  |TAMS 0x000000008ef00000, 0x000000008ef00000| Untracked 
| 224|0x000000008f000000, 0x000000008f000000, 0x000000008f100000|  0%| F|  |TAMS 0x000000008f000000, 0x000000008f000000| Untracked 
| 225|0x000000008f100000, 0x000000008f100000, 0x000000008f200000|  0%| F|  |TAMS 0x000000008f100000, 0x000000008f100000| Untracked 
| 226|0x000000008f200000, 0x000000008f200000, 0x000000008f300000|  0%| F|  |TAMS 0x000000008f200000, 0x000000008f200000| Untracked 
| 227|0x000000008f300000, 0x000000008f300000, 0x000000008f400000|  0%| F|  |TAMS 0x000000008f300000, 0x000000008f300000| Untracked 
| 228|0x000000008f400000, 0x000000008f400000, 0x000000008f500000|  0%| F|  |TAMS 0x000000008f400000, 0x000000008f400000| Untracked 
| 229|0x000000008f500000, 0x000000008f500000, 0x000000008f600000|  0%| F|  |TAMS 0x000000008f500000, 0x000000008f500000| Untracked 
| 230|0x000000008f600000, 0x000000008f600000, 0x000000008f700000|  0%| F|  |TAMS 0x000000008f600000, 0x000000008f600000| Untracked 
| 231|0x000000008f700000, 0x000000008f700000, 0x000000008f800000|  0%| F|  |TAMS 0x000000008f700000, 0x000000008f700000| Untracked 
| 232|0x000000008f800000, 0x000000008f800000, 0x000000008f900000|  0%| F|  |TAMS 0x000000008f800000, 0x000000008f800000| Untracked 
| 233|0x000000008f900000, 0x000000008f900000, 0x000000008fa00000|  0%| F|  |TAMS 0x000000008f900000, 0x000000008f900000| Untracked 
| 234|0x000000008fa00000, 0x000000008fa00000, 0x000000008fb00000|  0%| F|  |TAMS 0x000000008fa00000, 0x000000008fa00000| Untracked 
| 235|0x000000008fb00000, 0x000000008fb00000, 0x000000008fc00000|  0%| F|  |TAMS 0x000000008fb00000, 0x000000008fb00000| Untracked 
| 236|0x000000008fc00000, 0x000000008fc00000, 0x000000008fd00000|  0%| F|  |TAMS 0x000000008fc00000, 0x000000008fc00000| Untracked 
| 237|0x000000008fd00000, 0x000000008fd00000, 0x000000008fe00000|  0%| F|  |TAMS 0x000000008fd00000, 0x000000008fd00000| Untracked 
| 238|0x000000008fe00000, 0x000000008fe00000, 0x000000008ff00000|  0%| F|  |TAMS 0x000000008fe00000, 0x000000008fe00000| Untracked 
| 239|0x000000008ff00000, 0x000000008ff00000, 0x0000000090000000|  0%| F|  |TAMS 0x000000008ff00000, 0x000000008ff00000| Untracked 
| 240|0x0000000090000000, 0x0000000090000000, 0x0000000090100000|  0%| F|  |TAMS 0x0000000090000000, 0x0000000090000000| Untracked 
| 241|0x0000000090100000, 0x0000000090100000, 0x0000000090200000|  0%| F|  |TAMS 0x0000000090100000, 0x0000000090100000| Untracked 
| 242|0x0000000090200000, 0x0000000090200000, 0x0000000090300000|  0%| F|  |TAMS 0x0000000090200000, 0x0000000090200000| Untracked 
| 243|0x0000000090300000, 0x0000000090300000, 0x0000000090400000|  0%| F|  |TAMS 0x0000000090300000, 0x0000000090300000| Untracked 
| 244|0x0000000090400000, 0x0000000090400000, 0x0000000090500000|  0%| F|  |TAMS 0x0000000090400000, 0x0000000090400000| Untracked 
| 245|0x0000000090500000, 0x0000000090500000, 0x0000000090600000|  0%| F|  |TAMS 0x0000000090500000, 0x0000000090500000| Untracked 
| 246|0x0000000090600000, 0x0000000090600000, 0x0000000090700000|  0%| F|  |TAMS 0x0000000090600000, 0x0000000090600000| Untracked 
| 247|0x0000000090700000, 0x0000000090700000, 0x0000000090800000|  0%| F|  |TAMS 0x0000000090700000, 0x0000000090700000| Untracked 
| 248|0x0000000090800000, 0x0000000090800000, 0x0000000090900000|  0%| F|  |TAMS 0x0000000090800000, 0x0000000090800000| Untracked 

Card table byte_map: [0x000001f53dcd0000,0x000001f53e0d0000] _byte_map_base: 0x000001f53d8c8000

Marking Bits (Prev, Next): (CMBitMap*) 0x000001f52b259b80, (CMBitMap*) 0x000001f52b259b40
 Prev Bits: [0x000001f540490000, 0x000001f542450000)
 Next Bits: [0x000001f53e4d0000, 0x000001f540490000)

Polling page: 0x000001f528f70000

Metaspace:

Usage:
  Non-class:     22.88 MB used.
      Class:      2.87 MB used.
       Both:     25.75 MB used.

Virtual space:
  Non-class space:       24.00 MB reserved,      23.00 MB ( 96%) committed,  3 nodes.
      Class space:        1.00 GB reserved,       3.00 MB ( <1%) committed,  1 nodes.
             Both:        1.02 GB reserved,      26.00 MB (  2%) committed. 

Chunk freelists:
   Non-Class:  173.00 KB
       Class:  1023.00 KB
        Both:  1.17 MB

MaxMetaspaceSize: unlimited
CompressedClassSpaceSize: 1.00 GB
Initial GC threshold: 21.00 MB
Current GC threshold: 35.12 MB
CDS: off
MetaspaceReclaimPolicy: balanced
 - commit_granule_bytes: 65536.
 - commit_granule_words: 8192.
 - virtual_space_node_default_size: 1048576.
 - enlarge_chunks_in_place: 1.
 - new_chunks_are_fully_committed: 0.
 - uncommit_free_chunks: 1.
 - use_allocation_guard: 0.
 - handle_deallocations: 1.


Internal statistics:

num_allocs_failed_limit: 3.
num_arena_births: 166.
num_arena_deaths: 0.
num_vsnodes_births: 4.
num_vsnodes_deaths: 0.
num_space_committed: 416.
num_space_uncommitted: 0.
num_chunks_returned_to_freelist: 3.
num_chunks_taken_from_freelist: 583.
num_chunk_merges: 3.
num_chunk_splits: 397.
num_chunks_enlarged: 288.
num_purges: 0.
num_inconsistent_stats: 0.

CodeHeap 'non-profiled nmethods': size=120000Kb used=739Kb max_used=739Kb free=119261Kb
 bounds [0x000001f5363a0000, 0x000001f536610000, 0x000001f53d8d0000]
CodeHeap 'profiled nmethods': size=120000Kb used=3899Kb max_used=3899Kb free=116100Kb
 bounds [0x000001f52ee70000, 0x000001f52f240000, 0x000001f5363a0000]
CodeHeap 'non-nmethods': size=5760Kb used=1381Kb max_used=1399Kb free=4379Kb
 bounds [0x000001f52e8d0000, 0x000001f52eb40000, 0x000001f52ee70000]
 total_blobs=2778 nmethods=2053 adapters=637
 compilation: enabled
              stopped_count=0, restarted_count=0
 full_count=0

Compilation events (20 events):
Event: 4.074 Thread 0x000001f545413730 nmethod 2048 0x000001f536455f90 code [0x000001f536456120, 0x000001f5364561f8]
Event: 4.076 Thread 0x000001f545411120 2049       4       java.nio.DirectIntBufferU::ix (10 bytes)
Event: 4.076 Thread 0x000001f545411120 nmethod 2049 0x000001f536456290 code [0x000001f536456400, 0x000001f536456478]
Event: 4.076 Thread 0x000001f545413730 2050       3       java.nio.charset.CoderResult::isUnderflow (13 bytes)
Event: 4.076 Thread 0x000001f545413730 nmethod 2050 0x000001f52f23a790 code [0x000001f52f23a920, 0x000001f52f23aa98]
Event: 4.078 Thread 0x000001f545413730 2051       3       com.sun.org.apache.xerces.internal.impl.XMLEntityScanner::normalizeNewlines (498 bytes)
Event: 4.079 Thread 0x000001f545413730 nmethod 2051 0x000001f52f23ab10 code [0x000001f52f23ad80, 0x000001f52f23ba88]
Event: 4.079 Thread 0x000001f545413730 2053       3       com.sun.org.apache.xerces.internal.util.SymbolTable::hash (53 bytes)
Event: 4.079 Thread 0x000001f545411120 2054       4       java.lang.String::getBytes (44 bytes)
Event: 4.080 Thread 0x000001f545413730 nmethod 2053 0x000001f52f23bf10 code [0x000001f52f23c0c0, 0x000001f52f23c348]
Event: 4.080 Thread 0x000001f545413730 2052       3       com.sun.org.apache.xerces.internal.util.SymbolTable::addSymbol (110 bytes)
Event: 4.080 Thread 0x000001f545413730 nmethod 2052 0x000001f52f23c490 code [0x000001f52f23c680, 0x000001f52f23cb18]
Event: 4.081 Thread 0x000001f545411120 nmethod 2054 0x000001f536456590 code [0x000001f536456700, 0x000001f536456818]
Event: 4.081 Thread 0x000001f545413730 2055       3       jdk.internal.reflect.UTF8::utf8Length (81 bytes)
Event: 4.082 Thread 0x000001f545413730 nmethod 2055 0x000001f52f23cd90 code [0x000001f52f23cfc0, 0x000001f52f23d878]
Event: 4.082 Thread 0x000001f545413730 2057       3       jdk.internal.reflect.ClassFileAssembler::emitConstantPoolUTF8 (50 bytes)
Event: 4.083 Thread 0x000001f545413730 nmethod 2057 0x000001f52f23dc10 code [0x000001f52f23de40, 0x000001f52f23e488]
Event: 4.083 Thread 0x000001f545413730 2056       3       jdk.internal.reflect.ClassFileAssembler::cpi (22 bytes)
Event: 4.083 Thread 0x000001f545413730 nmethod 2056 0x000001f52f23e810 code [0x000001f52f23e9c0, 0x000001f52f23ebc8]
Event: 4.294 Thread 0x000001f545411120 2058  s    4       java.io.BufferedInputStream::read (113 bytes)

GC Heap History (6 events):
Event: 1.113 GC heap before
{Heap before GC invocations=0 (full 0):
 garbage-first heap   total 131072K, used 13312K [0x0000000081000000, 0x0000000100000000)
  region size 1024K, 13 young (13312K), 0 survivors (0K)
 Metaspace       used 9271K, committed 9472K, reserved 1064960K
  class space    used 870K, committed 960K, reserved 1048576K
}
Event: 1.118 GC heap after
{Heap after GC invocations=1 (full 0):
 garbage-first heap   total 131072K, used 1629K [0x0000000081000000, 0x0000000100000000)
  region size 1024K, 2 young (2048K), 2 survivors (2048K)
 Metaspace       used 9271K, committed 9472K, reserved 1064960K
  class space    used 870K, committed 960K, reserved 1048576K
}
Event: 1.669 GC heap before
{Heap before GC invocations=1 (full 0):
 garbage-first heap   total 131072K, used 19037K [0x0000000081000000, 0x0000000100000000)
  region size 1024K, 20 young (20480K), 2 survivors (2048K)
 Metaspace       used 16088K, committed 16256K, reserved 1064960K
  class space    used 1764K, committed 1856K, reserved 1048576K
}
Event: 1.678 GC heap after
{Heap after GC invocations=2 (full 0):
 garbage-first heap   total 131072K, used 5846K [0x0000000081000000, 0x0000000100000000)
  region size 1024K, 3 young (3072K), 3 survivors (3072K)
 Metaspace       used 16088K, committed 16256K, reserved 1064960K
  class space    used 1764K, committed 1856K, reserved 1048576K
}
Event: 2.296 GC heap before
{Heap before GC invocations=2 (full 0):
 garbage-first heap   total 131072K, used 17110K [0x0000000081000000, 0x0000000100000000)
  region size 1024K, 16 young (16384K), 3 survivors (3072K)
 Metaspace       used 21272K, committed 21504K, reserved 1073152K
  class space    used 2381K, committed 2496K, reserved 1048576K
}
Event: 2.302 GC heap after
{Heap after GC invocations=3 (full 0):
 garbage-first heap   total 131072K, used 7762K [0x0000000081000000, 0x0000000100000000)
  region size 1024K, 2 young (2048K), 2 survivors (2048K)
 Metaspace       used 21272K, committed 21504K, reserved 1073152K
  class space    used 2381K, committed 2496K, reserved 1048576K
}

Deoptimization events (20 events):
Event: 2.749 Thread 0x000001f54687f040 DEOPT PACKING pc=0x000001f53643e5c0 sp=0x00000066a12fc5f0
Event: 2.749 Thread 0x000001f54687f040 DEOPT UNPACKING pc=0x000001f52e9223a3 sp=0x00000066a12fc610 mode 2
Event: 2.749 Thread 0x000001f54687f040 Uncommon trap: trap_request=0xffffffc6 fr.pc=0x000001f53643e5c0 relative=0x0000000000000ca0
Event: 2.749 Thread 0x000001f54687f040 Uncommon trap: reason=bimorphic_or_optimized_type_check action=maybe_recompile pc=0x000001f53643e5c0 method=java.util.regex.Pattern$Branch.match(Ljava/util/regex/Matcher;ILjava/lang/CharSequence;)Z @ 50 c2
Event: 2.749 Thread 0x000001f54687f040 DEOPT PACKING pc=0x000001f53643e5c0 sp=0x00000066a12fc340
Event: 2.749 Thread 0x000001f54687f040 DEOPT UNPACKING pc=0x000001f52e9223a3 sp=0x00000066a12fc360 mode 2
Event: 2.750 Thread 0x000001f54687f040 Uncommon trap: trap_request=0xffffffde fr.pc=0x000001f536442e5c relative=0x0000000000000f9c
Event: 2.750 Thread 0x000001f54687f040 Uncommon trap: reason=class_check action=maybe_recompile pc=0x000001f536442e5c method=java.util.regex.Pattern$Start.match(Ljava/util/regex/Matcher;ILjava/lang/CharSequence;)Z @ 44 c2
Event: 2.750 Thread 0x000001f54687f040 DEOPT PACKING pc=0x000001f536442e5c sp=0x00000066a12fcd00
Event: 2.750 Thread 0x000001f54687f040 DEOPT UNPACKING pc=0x000001f52e9223a3 sp=0x00000066a12fccf0 mode 2
Event: 2.750 Thread 0x000001f54687f040 Uncommon trap: trap_request=0xffffffde fr.pc=0x000001f536442e5c relative=0x0000000000000f9c
Event: 2.750 Thread 0x000001f54687f040 Uncommon trap: reason=class_check action=maybe_recompile pc=0x000001f536442e5c method=java.util.regex.Pattern$Start.match(Ljava/util/regex/Matcher;ILjava/lang/CharSequence;)Z @ 44 c2
Event: 2.750 Thread 0x000001f54687f040 DEOPT PACKING pc=0x000001f536442e5c sp=0x00000066a12fcd00
Event: 2.750 Thread 0x000001f54687f040 DEOPT UNPACKING pc=0x000001f52e9223a3 sp=0x00000066a12fccf0 mode 2
Event: 2.750 Thread 0x000001f54687f040 Uncommon trap: trap_request=0xffffffde fr.pc=0x000001f536442e5c relative=0x0000000000000f9c
Event: 2.750 Thread 0x000001f54687f040 Uncommon trap: reason=class_check action=maybe_recompile pc=0x000001f536442e5c method=java.util.regex.Pattern$Start.match(Ljava/util/regex/Matcher;ILjava/lang/CharSequence;)Z @ 44 c2
Event: 2.750 Thread 0x000001f54687f040 DEOPT PACKING pc=0x000001f536442e5c sp=0x00000066a12fcd00
Event: 2.750 Thread 0x000001f54687f040 DEOPT UNPACKING pc=0x000001f52e9223a3 sp=0x00000066a12fccf0 mode 2
Event: 2.757 Thread 0x000001f54687f040 DEOPT PACKING pc=0x000001f52f09c5e5 sp=0x00000066a12fd5a0
Event: 2.757 Thread 0x000001f54687f040 DEOPT UNPACKING pc=0x000001f52e922b43 sp=0x00000066a12fc9f0 mode 0

Classes unloaded (0 events):
No events

Classes redefined (0 events):
No events

Internal exceptions (20 events):
Event: 1.138 Thread 0x000001f54687f040 Exception <a 'java/lang/NoSuchMethodError'{0x0000000088e7ae58}: 'void java.lang.invoke.DirectMethodHandle$Holder.invokeStaticInit(java.lang.Object)'> (0x0000000088e7ae58) 
thrown [s\src\hotspot\share\interpreter\linkResolver.cpp, line 759]
Event: 1.142 Thread 0x000001f52b1fddd0 Exception <a 'java/lang/NoSuchMethodError'{0x0000000088e98bc0}: 'java.lang.Object java.lang.invoke.DirectMethodHandle$Holder.newInvokeSpecial(java.lang.Object, java.lang.Object, java.lang.Object, java.lang.Object, java.lang.Object, java.lang.Object)'> (0x0000000088e98bc0) 
thrown [s\src\hotspot\share\interpreter\linkResolver.cpp, line 759]
Event: 1.151 Thread 0x000001f52b1fddd0 Exception <a 'java/lang/NoSuchMethodError'{0x0000000088ec9160}: 'java.lang.Object java.lang.invoke.DirectMethodHandle$Holder.newInvokeSpecial(java.lang.Object, java.lang.Object, java.lang.Object, java.lang.Object, java.lang.Object)'> (0x0000000088ec9160) 
thrown [s\src\hotspot\share\interpreter\linkResolver.cpp, line 759]
Event: 1.153 Thread 0x000001f546129840 Exception <a 'java/lang/NoSuchMethodError'{0x0000000088d32c10}: 'void java.lang.invoke.DirectMethodHandle$Holder.invokeStatic(java.lang.Object, java.lang.Object, java.lang.Object, java.lang.Object)'> (0x0000000088d32c10) 
thrown [s\src\hotspot\share\interpreter\linkResolver.cpp, line 759]
Event: 1.404 Thread 0x000001f54687f040 Exception <a 'java/lang/NoSuchMethodError'{0x0000000088687f90}: 'java.lang.Object java.lang.invoke.DirectMethodHandle$Holder.invokeStaticInit(java.lang.Object, java.lang.Object, java.lang.Object, java.lang.Object)'> (0x0000000088687f90) 
thrown [s\src\hotspot\share\interpreter\linkResolver.cpp, line 759]
Event: 1.406 Thread 0x000001f54687f040 Exception <a 'java/lang/NullPointerException'{0x0000000088693bf8}> (0x0000000088693bf8) 
thrown [s\src\hotspot\share\interpreter\linkResolver.cpp, line 1350]
Event: 1.560 Thread 0x000001f54687f040 Exception <a 'java/lang/ClassNotFoundException'{0x000000008806eb40}: com/sun/glass/ui/win/themes> (0x000000008806eb40) 
thrown [s\src\hotspot\share\prims\jni.cpp, line 535]
Event: 1.561 Thread 0x000001f54687f040 Exception <a 'java/lang/ClassNotFoundException'{0x000000008807ac60}: com/sun/glass/ui/win/themes_en> (0x000000008807ac60) 
thrown [s\src\hotspot\share\prims\jni.cpp, line 535]
Event: 1.562 Thread 0x000001f54687f040 Exception <a 'java/lang/ClassNotFoundException'{0x0000000088082ca8}: com/sun/glass/ui/win/themes_en_US> (0x0000000088082ca8) 
thrown [s\src\hotspot\share\prims\jni.cpp, line 535]
Event: 1.690 Thread 0x000001f54687f040 Exception <a 'java/lang/NoSuchMethodError'{0x0000000088f82600}: 'void java.lang.invoke.DirectMethodHandle$Holder.invokeStaticInit(java.lang.Object, java.lang.Object)'> (0x0000000088f82600) 
thrown [s\src\hotspot\share\interpreter\linkResolver.cpp, line 759]
Event: 1.697 Thread 0x000001f54687f040 Exception <a 'java/lang/NoSuchMethodError'{0x0000000088fb8b50}: 'void java.lang.invoke.DirectMethodHandle$Holder.invokeSpecial(java.lang.Object, java.lang.Object, java.lang.Object, java.lang.Object, java.lang.Object)'> (0x0000000088fb8b50) 
thrown [s\src\hotspot\share\interpreter\linkResolver.cpp, line 759]
Event: 2.018 Thread 0x000001f54687f040 Exception <a 'java/lang/NoSuchMethodError'{0x000000008887f6e8}: 'java.lang.Object java.lang.invoke.DirectMethodHandle$Holder.invokeInterface(java.lang.Object, java.lang.Object)'> (0x000000008887f6e8) 
thrown [s\src\hotspot\share\interpreter\linkResolver.cpp, line 759]
Event: 2.207 Thread 0x000001f54687f040 Exception <a 'java/lang/reflect/InvocationTargetException'{0x0000000088455de0}> (0x0000000088455de0) 
thrown [s\src\hotspot\share\runtime\reflection.cpp, line 1121]
Event: 2.212 Thread 0x000001f54687f040 Exception <a 'java/lang/NoSuchMethodError'{0x000000008845e388}: 'java.lang.Object java.lang.invoke.DirectMethodHandle$Holder.invokeStaticInit(java.lang.Object, int, int, int, int)'> (0x000000008845e388) 
thrown [s\src\hotspot\share\interpreter\linkResolver.cpp, line 759]
Event: 2.283 Thread 0x000001f54687f040 Exception <a 'java/lang/NoSuchMethodError'{0x000000008831b580}: 'java.lang.Object java.lang.invoke.DirectMethodHandle$Holder.invokeStaticInit(java.lang.Object, java.lang.Object, int, int, int, int)'> (0x000000008831b580) 
thrown [s\src\hotspot\share\interpreter\linkResolver.cpp, line 759]
Event: 2.333 Thread 0x000001f54687f040 Exception <a 'sun/nio/fs/WindowsException'{0x0000000088f70ec0}> (0x0000000088f70ec0) 
thrown [s\src\hotspot\share\prims\jni.cpp, line 516]
Event: 2.350 Thread 0x000001f54687f040 Exception <a 'java/lang/NoSuchMethodError'{0x0000000088f95b78}: 'int java.lang.invoke.DirectMethodHandle$Holder.invokeStaticInit(java.lang.Object, java.lang.Object, java.lang.Object, java.lang.Object)'> (0x0000000088f95b78) 
thrown [s\src\hotspot\share\interpreter\linkResolver.cpp, line 759]
Event: 2.351 Thread 0x000001f54687f040 Exception <a 'java/lang/IncompatibleClassChangeError'{0x0000000088f9ef80}: Found class java.lang.Object, but interface was expected> (0x0000000088f9ef80) 
thrown [s\src\hotspot\share\interpreter\linkResolver.cpp, line 826]
Event: 2.352 Thread 0x000001f54687f040 Exception <a 'java/lang/NoSuchMethodError'{0x0000000088fa4508}: 'int java.lang.invoke.DirectMethodHandle$Holder.invokeStaticInit(java.lang.Object, java.lang.Object)'> (0x0000000088fa4508) 
thrown [s\src\hotspot\share\interpreter\linkResolver.cpp, line 759]
Event: 2.756 Thread 0x000001f54687f040 Exception <a 'java/lang/ClassNotFoundException'{0x0000000082629ad0}: sun/util/logging/resources/spi/loggingProvider> (0x0000000082629ad0) 
thrown [s\src\hotspot\share\classfile\systemDictionary.cpp, line 256]

VM Operations (20 events):
Event: 2.132 Executing VM operation: HandshakeAllThreads
Event: 2.132 Executing VM operation: HandshakeAllThreads done
Event: 2.296 Executing VM operation: CollectForMetadataAllocation
Event: 2.302 Executing VM operation: CollectForMetadataAllocation done
Event: 2.312 Executing VM operation: G1Concurrent
Event: 2.314 Executing VM operation: G1Concurrent done
Event: 2.319 Executing VM operation: G1Concurrent
Event: 2.322 Executing VM operation: G1Concurrent done
Event: 2.334 Executing VM operation: HandshakeAllThreads
Event: 2.334 Executing VM operation: HandshakeAllThreads done
Event: 2.344 Executing VM operation: HandshakeAllThreads
Event: 2.345 Executing VM operation: HandshakeAllThreads done
Event: 2.422 Executing VM operation: HandshakeAllThreads
Event: 2.422 Executing VM operation: HandshakeAllThreads done
Event: 2.477 Executing VM operation: HandshakeAllThreads
Event: 2.477 Executing VM operation: HandshakeAllThreads done
Event: 2.487 Executing VM operation: HandshakeAllThreads
Event: 2.487 Executing VM operation: HandshakeAllThreads done
Event: 3.486 Executing VM operation: Cleanup
Event: 3.486 Executing VM operation: Cleanup done

Events (20 events):
Event: 2.756 loading class java/util/ResourceBundle$3 done
Event: 2.756 loading class sun/util/logging/resources/logging
Event: 2.756 loading class sun/util/logging/resources/logging done
Event: 2.756 loading class sun/util/logging/resources/logging_en
Event: 2.756 loading class sun/util/logging/resources/logging_en done
Event: 2.756 loading class sun/util/logging/resources/logging_en
Event: 2.756 loading class sun/util/logging/resources/logging_en done
Event: 2.756 loading class sun/util/logging/resources/logging_en_US
Event: 2.756 loading class sun/util/logging/resources/logging_en_US done
Event: 2.756 loading class sun/util/logging/resources/logging_en_US
Event: 2.756 loading class sun/util/logging/resources/logging_en_US done
Event: 2.794 loading class java/time/OffsetTime
Event: 2.794 loading class java/time/OffsetTime done
Event: 2.795 loading class java/time/OffsetDateTime
Event: 2.795 loading class java/time/OffsetDateTime done
Event: 2.803 loading class java/math/MathContext
Event: 2.803 loading class java/math/MathContext done
Event: 2.847 Loaded shared library C:\Users\hieuc\Downloads\Save\javafx-sdk-19\bin\javafx_iio.dll
Event: 3.017 Thread 0x000001f5464dd560 Thread exited: 0x000001f5464dd560
Event: 3.454 Thread 0x000001f5464dd560 Thread added: 0x000001f5464dd560


Dynamic libraries:
0x00007ff728460000 - 0x00007ff72846e000 	C:\Users\hieuc\.p2\pool\plugins\org.eclipse.justj.openjdk.hotspot.jre.full.win32.x86_64_17.0.4.v20221004-1257\jre\bin\javaw.exe
0x00007fffc2350000 - 0x00007fffc2548000 	C:\WINDOWS\SYSTEM32\ntdll.dll
0x00007fffc1a70000 - 0x00007fffc1b2f000 	C:\WINDOWS\System32\KERNEL32.DLL
0x00007fffbfa40000 - 0x00007fffbfd12000 	C:\WINDOWS\System32\KERNELBASE.dll
0x00007fffbfdc0000 - 0x00007fffbfec0000 	C:\WINDOWS\System32\ucrtbase.dll
0x00007fffbcbe0000 - 0x00007fffbcbf8000 	C:\Users\hieuc\.p2\pool\plugins\org.eclipse.justj.openjdk.hotspot.jre.full.win32.x86_64_17.0.4.v20221004-1257\jre\bin\jli.dll
0x00007fffc18c0000 - 0x00007fffc1a61000 	C:\WINDOWS\System32\USER32.dll
0x00007fffbff50000 - 0x00007fffbff72000 	C:\WINDOWS\System32\win32u.dll
0x00007fffc1350000 - 0x00007fffc137b000 	C:\WINDOWS\System32\GDI32.dll
0x00007fffc01e0000 - 0x00007fffc02ef000 	C:\WINDOWS\System32\gdi32full.dll
0x00007fffc02f0000 - 0x00007fffc038d000 	C:\WINDOWS\System32\msvcp_win.dll
0x00007fffbce10000 - 0x00007fffbce29000 	C:\Users\hieuc\.p2\pool\plugins\org.eclipse.justj.openjdk.hotspot.jre.full.win32.x86_64_17.0.4.v20221004-1257\jre\bin\VCRUNTIME140.dll
0x00007fffabf10000 - 0x00007fffac1aa000 	C:\WINDOWS\WinSxS\amd64_microsoft.windows.common-controls_6595b64144ccf1df_6.0.19041.1110_none_60b5254171f9507e\COMCTL32.dll
0x00007fffc17c0000 - 0x00007fffc185e000 	C:\WINDOWS\System32\msvcrt.dll
0x00007fffc2230000 - 0x00007fffc2262000 	C:\WINDOWS\System32\IMM32.DLL
0x00007fffbd5a0000 - 0x00007fffbd5ac000 	C:\Users\hieuc\.p2\pool\plugins\org.eclipse.justj.openjdk.hotspot.jre.full.win32.x86_64_17.0.4.v20221004-1257\jre\bin\vcruntime140_1.dll
0x00007fff9b2a0000 - 0x00007fff9b331000 	C:\Users\hieuc\.p2\pool\plugins\org.eclipse.justj.openjdk.hotspot.jre.full.win32.x86_64_17.0.4.v20221004-1257\jre\bin\msvcp140.dll
0x00007fff7ad60000 - 0x00007fff7b9a6000 	C:\Users\hieuc\.p2\pool\plugins\org.eclipse.justj.openjdk.hotspot.jre.full.win32.x86_64_17.0.4.v20221004-1257\jre\bin\server\jvm.dll
0x00007fffc1180000 - 0x00007fffc122e000 	C:\WINDOWS\System32\ADVAPI32.dll
0x00007fffc2270000 - 0x00007fffc230c000 	C:\WINDOWS\System32\sechost.dll
0x00007fffc0440000 - 0x00007fffc0565000 	C:\WINDOWS\System32\RPCRT4.dll
0x00007fffc0410000 - 0x00007fffc0418000 	C:\WINDOWS\System32\PSAPI.DLL
0x00007fffa1490000 - 0x00007fffa1499000 	C:\WINDOWS\SYSTEM32\WSOCK32.dll
0x00007fffc16e0000 - 0x00007fffc174b000 	C:\WINDOWS\System32\WS2_32.dll
0x00007fffb3950000 - 0x00007fffb3977000 	C:\WINDOWS\SYSTEM32\WINMM.dll
0x00007fffb3940000 - 0x00007fffb394a000 	C:\WINDOWS\SYSTEM32\VERSION.dll
0x00007fffbd7b0000 - 0x00007fffbd7c2000 	C:\WINDOWS\SYSTEM32\kernel.appcore.dll
0x00007fff9dea0000 - 0x00007fff9deaa000 	C:\Users\hieuc\.p2\pool\plugins\org.eclipse.justj.openjdk.hotspot.jre.full.win32.x86_64_17.0.4.v20221004-1257\jre\bin\jimage.dll
0x00007fffacff0000 - 0x00007fffad1d4000 	C:\WINDOWS\SYSTEM32\DBGHELP.DLL
0x00007ffface60000 - 0x00007ffface95000 	C:\WINDOWS\SYSTEM32\dbgcore.DLL
0x00007fffbfec0000 - 0x00007fffbff42000 	C:\WINDOWS\System32\bcryptPrimitives.dll
0x00007fff7d380000 - 0x00007fff7d3a5000 	C:\Users\hieuc\.p2\pool\plugins\org.eclipse.justj.openjdk.hotspot.jre.full.win32.x86_64_17.0.4.v20221004-1257\jre\bin\java.dll
0x00007fff90040000 - 0x00007fff90058000 	C:\Users\hieuc\.p2\pool\plugins\org.eclipse.justj.openjdk.hotspot.jre.full.win32.x86_64_17.0.4.v20221004-1257\jre\bin\zip.dll
0x00007fffc0850000 - 0x00007fffc0f94000 	C:\WINDOWS\System32\SHELL32.dll
0x00007fffbdac0000 - 0x00007fffbe252000 	C:\WINDOWS\SYSTEM32\windows.storage.dll
0x00007fffc1380000 - 0x00007fffc16d5000 	C:\WINDOWS\System32\combase.dll
0x00007fffbf2e0000 - 0x00007fffbf310000 	C:\WINDOWS\SYSTEM32\Wldp.dll
0x00007fffc1b30000 - 0x00007fffc1bdd000 	C:\WINDOWS\System32\SHCORE.dll
0x00007fffc1760000 - 0x00007fffc17b5000 	C:\WINDOWS\System32\shlwapi.dll
0x00007fffbf980000 - 0x00007fffbf99f000 	C:\WINDOWS\SYSTEM32\profapi.dll
0x00007fff8f6c0000 - 0x00007fff8f6d9000 	C:\Users\hieuc\.p2\pool\plugins\org.eclipse.justj.openjdk.hotspot.jre.full.win32.x86_64_17.0.4.v20221004-1257\jre\bin\net.dll
0x00007fffb8ec0000 - 0x00007fffb8fcc000 	C:\WINDOWS\SYSTEM32\WINHTTP.dll
0x00007fffbf0c0000 - 0x00007fffbf12a000 	C:\WINDOWS\system32\mswsock.dll
0x00007fff8a770000 - 0x00007fff8a785000 	C:\Users\hieuc\.p2\pool\plugins\org.eclipse.justj.openjdk.hotspot.jre.full.win32.x86_64_17.0.4.v20221004-1257\jre\bin\nio.dll
0x000001f5291d0000 - 0x000001f5291d3000 	C:\Users\hieuc\Downloads\Save\javafx-sdk-19\bin\api-ms-win-core-console-l1-1-0.dll
0x000001f5291e0000 - 0x000001f5291e3000 	C:\Users\hieuc\Downloads\Save\javafx-sdk-19\bin\api-ms-win-core-console-l1-2-0.dll
0x000001f5291f0000 - 0x000001f5291f3000 	C:\Users\hieuc\Downloads\Save\javafx-sdk-19\bin\api-ms-win-core-datetime-l1-1-0.dll
0x000001f529200000 - 0x000001f529203000 	C:\Users\hieuc\Downloads\Save\javafx-sdk-19\bin\api-ms-win-core-debug-l1-1-0.dll
0x000001f529210000 - 0x000001f529213000 	C:\Users\hieuc\Downloads\Save\javafx-sdk-19\bin\api-ms-win-core-errorhandling-l1-1-0.dll
0x000001f529220000 - 0x000001f529224000 	C:\Users\hieuc\Downloads\Save\javafx-sdk-19\bin\api-ms-win-core-file-l1-1-0.dll
0x000001f52b110000 - 0x000001f52b113000 	C:\Users\hieuc\Downloads\Save\javafx-sdk-19\bin\api-ms-win-core-file-l1-2-0.dll
0x000001f52b120000 - 0x000001f52b123000 	C:\Users\hieuc\Downloads\Save\javafx-sdk-19\bin\api-ms-win-core-file-l2-1-0.dll
0x000001f52b130000 - 0x000001f52b133000 	C:\Users\hieuc\Downloads\Save\javafx-sdk-19\bin\api-ms-win-core-handle-l1-1-0.dll
0x000001f52b140000 - 0x000001f52b143000 	C:\Users\hieuc\Downloads\Save\javafx-sdk-19\bin\api-ms-win-core-heap-l1-1-0.dll
0x000001f52b150000 - 0x000001f52b153000 	C:\Users\hieuc\Downloads\Save\javafx-sdk-19\bin\api-ms-win-core-interlocked-l1-1-0.dll
0x000001f52b160000 - 0x000001f52b163000 	C:\Users\hieuc\Downloads\Save\javafx-sdk-19\bin\api-ms-win-core-libraryloader-l1-1-0.dll
0x000001f52b170000 - 0x000001f52b173000 	C:\Users\hieuc\Downloads\Save\javafx-sdk-19\bin\api-ms-win-core-localization-l1-2-0.dll
0x000001f52b180000 - 0x000001f52b183000 	C:\Users\hieuc\Downloads\Save\javafx-sdk-19\bin\api-ms-win-core-memory-l1-1-0.dll
0x000001f52b190000 - 0x000001f52b193000 	C:\Users\hieuc\Downloads\Save\javafx-sdk-19\bin\api-ms-win-core-namedpipe-l1-1-0.dll
0x000001f52b1a0000 - 0x000001f52b1a3000 	C:\Users\hieuc\Downloads\Save\javafx-sdk-19\bin\api-ms-win-core-processenvironment-l1-1-0.dll
0x000001f52b1b0000 - 0x000001f52b1b3000 	C:\Users\hieuc\Downloads\Save\javafx-sdk-19\bin\api-ms-win-core-processthreads-l1-1-0.dll
0x000001f52b1c0000 - 0x000001f52b1c3000 	C:\Users\hieuc\Downloads\Save\javafx-sdk-19\bin\api-ms-win-core-processthreads-l1-1-1.dll
0x000001f52b1d0000 - 0x000001f52b1d3000 	C:\Users\hieuc\Downloads\Save\javafx-sdk-19\bin\api-ms-win-core-profile-l1-1-0.dll
0x000001f544a80000 - 0x000001f544a83000 	C:\Users\hieuc\Downloads\Save\javafx-sdk-19\bin\api-ms-win-core-rtlsupport-l1-1-0.dll
0x000001f544a90000 - 0x000001f544a93000 	C:\Users\hieuc\Downloads\Save\javafx-sdk-19\bin\api-ms-win-core-string-l1-1-0.dll
0x000001f544aa0000 - 0x000001f544aa3000 	C:\Users\hieuc\Downloads\Save\javafx-sdk-19\bin\api-ms-win-core-synch-l1-1-0.dll
0x000001f544ab0000 - 0x000001f544ab3000 	C:\Users\hieuc\Downloads\Save\javafx-sdk-19\bin\api-ms-win-core-synch-l1-2-0.dll
0x000001f544ac0000 - 0x000001f544ac3000 	C:\Users\hieuc\Downloads\Save\javafx-sdk-19\bin\api-ms-win-core-sysinfo-l1-1-0.dll
0x000001f544ad0000 - 0x000001f544ad3000 	C:\Users\hieuc\Downloads\Save\javafx-sdk-19\bin\api-ms-win-core-timezone-l1-1-0.dll
0x000001f544ae0000 - 0x000001f544ae3000 	C:\Users\hieuc\Downloads\Save\javafx-sdk-19\bin\api-ms-win-core-util-l1-1-0.dll
0x000001f544af0000 - 0x000001f544af3000 	C:\Users\hieuc\Downloads\Save\javafx-sdk-19\bin\api-ms-win-crt-conio-l1-1-0.dll
0x000001f544b00000 - 0x000001f544b04000 	C:\Users\hieuc\Downloads\Save\javafx-sdk-19\bin\api-ms-win-crt-convert-l1-1-0.dll
0x000001f544b10000 - 0x000001f544b13000 	C:\Users\hieuc\Downloads\Save\javafx-sdk-19\bin\api-ms-win-crt-environment-l1-1-0.dll
0x000001f544b20000 - 0x000001f544b23000 	C:\Users\hieuc\Downloads\Save\javafx-sdk-19\bin\api-ms-win-crt-filesystem-l1-1-0.dll
0x000001f544b30000 - 0x000001f544b33000 	C:\Users\hieuc\Downloads\Save\javafx-sdk-19\bin\api-ms-win-crt-heap-l1-1-0.dll
0x000001f544b40000 - 0x000001f544b43000 	C:\Users\hieuc\Downloads\Save\javafx-sdk-19\bin\api-ms-win-crt-locale-l1-1-0.dll
0x000001f544b50000 - 0x000001f544b55000 	C:\Users\hieuc\Downloads\Save\javafx-sdk-19\bin\api-ms-win-crt-math-l1-1-0.dll
0x000001f544b60000 - 0x000001f544b65000 	C:\Users\hieuc\Downloads\Save\javafx-sdk-19\bin\api-ms-win-crt-multibyte-l1-1-0.dll
0x000001f544b70000 - 0x000001f544b80000 	C:\Users\hieuc\Downloads\Save\javafx-sdk-19\bin\api-ms-win-crt-private-l1-1-0.dll
0x000001f544b80000 - 0x000001f544b83000 	C:\Users\hieuc\Downloads\Save\javafx-sdk-19\bin\api-ms-win-crt-process-l1-1-0.dll
0x000001f544b90000 - 0x000001f544b94000 	C:\Users\hieuc\Downloads\Save\javafx-sdk-19\bin\api-ms-win-crt-runtime-l1-1-0.dll
0x000001f544ba0000 - 0x000001f544ba4000 	C:\Users\hieuc\Downloads\Save\javafx-sdk-19\bin\api-ms-win-crt-stdio-l1-1-0.dll
0x000001f544bb0000 - 0x000001f544bb4000 	C:\Users\hieuc\Downloads\Save\javafx-sdk-19\bin\api-ms-win-crt-string-l1-1-0.dll
0x000001f544bc0000 - 0x000001f544bc3000 	C:\Users\hieuc\Downloads\Save\javafx-sdk-19\bin\api-ms-win-crt-time-l1-1-0.dll
0x000001f544bd0000 - 0x000001f544bd3000 	C:\Users\hieuc\Downloads\Save\javafx-sdk-19\bin\api-ms-win-crt-utility-l1-1-0.dll
0x00007fff98e10000 - 0x00007fff98f0c000 	C:\Users\hieuc\Downloads\Save\javafx-sdk-19\bin\ucrtbase.dll
0x00007fffb2c90000 - 0x00007fffb2cab000 	C:\Users\hieuc\Downloads\Save\javafx-sdk-19\bin\vcruntime140.dll
0x00007fffbcbb0000 - 0x00007fffbcbbc000 	C:\Users\hieuc\Downloads\Save\javafx-sdk-19\bin\vcruntime140_1.dll
0x00007fff98d80000 - 0x00007fff98e0e000 	C:\Users\hieuc\Downloads\Save\javafx-sdk-19\bin\msvcp140.dll
0x00007fffb9e20000 - 0x00007fffb9e29000 	C:\Users\hieuc\Downloads\Save\javafx-sdk-19\bin\msvcp140_1.dll
0x00007fffb0280000 - 0x00007fffb02b0000 	C:\Users\hieuc\Downloads\Save\javafx-sdk-19\bin\msvcp140_2.dll
0x00007fffa2e00000 - 0x00007fffa2e2c000 	C:\Users\hieuc\Downloads\Save\javafx-sdk-19\bin\prism_d3d.dll
0x00007fff886f0000 - 0x00007fff888be000 	C:\WINDOWS\system32\d3d9.dll
0x00007fffbd7d0000 - 0x00007fffbd7ff000 	C:\WINDOWS\SYSTEM32\dwmapi.dll
0x00007fffbd410000 - 0x00007fffbd4ae000 	C:\WINDOWS\system32\uxtheme.dll
0x00007fffb6e10000 - 0x00007fffb6f74000 	C:\WINDOWS\SYSTEM32\aticfx64.dll
0x00007fff9ce20000 - 0x00007fff9ce41000 	C:\WINDOWS\SYSTEM32\atiu9p64.dll
0x00007fff87e90000 - 0x00007fff886e9000 	C:\WINDOWS\SYSTEM32\atiumd64.dll
0x000000006dd60000 - 0x000000006e5e8000 	C:\WINDOWS\SYSTEM32\atiumd6a.dll
0x00007fffbf8b0000 - 0x00007fffbf8fb000 	C:\WINDOWS\SYSTEM32\POWRPROF.dll
0x00007fffbf890000 - 0x00007fffbf8a2000 	C:\WINDOWS\SYSTEM32\UMPDC.dll
0x00007fff9ffe0000 - 0x00007fffa0022000 	C:\Users\hieuc\Downloads\Save\javafx-sdk-19\bin\glass.dll
0x00007fffc1be0000 - 0x00007fffc1cba000 	C:\WINDOWS\System32\COMDLG32.dll
0x00007fffc1050000 - 0x00007fffc117a000 	C:\WINDOWS\System32\ole32.dll
0x00007fffc0780000 - 0x00007fffc084d000 	C:\WINDOWS\System32\OLEAUT32.dll
0x00007fffc1230000 - 0x00007fffc1345000 	C:\WINDOWS\System32\MSCTF.dll
0x00007fffb0260000 - 0x00007fffb0274000 	C:\Users\hieuc\Downloads\Save\javafx-sdk-19\bin\javafx_font.dll
0x00007fffa2550000 - 0x00007fffa27cf000 	C:\WINDOWS\SYSTEM32\dwrite.dll
0x00007fff79580000 - 0x00007fff79597000 	C:\WINDOWS\system32\napinsp.dll
0x00007fff79560000 - 0x00007fff7957b000 	C:\WINDOWS\system32\pnrpnsp.dll
0x00007fffbaf40000 - 0x00007fffbaf55000 	C:\WINDOWS\system32\wshbth.dll
0x00007fffbb440000 - 0x00007fffbb45d000 	C:\WINDOWS\system32\NLAapi.dll
0x00007fffbedd0000 - 0x00007fffbee0b000 	C:\WINDOWS\SYSTEM32\IPHLPAPI.DLL
0x00007fffbee60000 - 0x00007fffbef2a000 	C:\WINDOWS\SYSTEM32\DNSAPI.dll
0x00007fffc1cc0000 - 0x00007fffc1cc8000 	C:\WINDOWS\System32\NSI.dll
0x00007fff8a340000 - 0x00007fff8a352000 	C:\WINDOWS\System32\winrnr.dll
0x00007fffb12b0000 - 0x00007fffb12ba000 	C:\Windows\System32\rasadhlp.dll
0x00007fffb8160000 - 0x00007fffb81e0000 	C:\WINDOWS\System32\fwpuclnt.dll
0x00007fffbfd90000 - 0x00007fffbfdb7000 	C:\WINDOWS\System32\bcrypt.dll
0x00007fffbf610000 - 0x00007fffbf628000 	C:\WINDOWS\SYSTEM32\CRYPTSP.dll
0x00007fffbea00000 - 0x00007fffbea34000 	C:\WINDOWS\system32\rsaenh.dll
0x00007fffbf940000 - 0x00007fffbf96e000 	C:\WINDOWS\SYSTEM32\USERENV.dll
0x00007fffbf250000 - 0x00007fffbf25c000 	C:\WINDOWS\SYSTEM32\CRYPTBASE.dll
0x00007fffb9a50000 - 0x00007fffb9a67000 	C:\WINDOWS\SYSTEM32\dhcpcsvc6.DLL
0x00007fffb98c0000 - 0x00007fffb98dd000 	C:\WINDOWS\SYSTEM32\dhcpcsvc.DLL
0x00007fffbce30000 - 0x00007fffbce3e000 	C:\Users\hieuc\.p2\pool\plugins\org.eclipse.justj.openjdk.hotspot.jre.full.win32.x86_64_17.0.4.v20221004-1257\jre\bin\sunmscapi.dll
0x00007fffbff80000 - 0x00007fffc00d6000 	C:\WINDOWS\System32\CRYPT32.dll
0x00007fffbf350000 - 0x00007fffbf377000 	C:\WINDOWS\SYSTEM32\ncrypt.dll

dbghelp: loaded successfully - version: 4.0.5 - missing functions: none
symbol engine: initialized successfully - sym options: 0x614 - pdb path: .;C:\Users\hieuc\.p2\pool\plugins\org.eclipse.justj.openjdk.hotspot.jre.full.win32.x86_64_17.0.4.v20221004-1257\jre\bin;C:\WINDOWS\SYSTEM32;C:\WINDOWS\WinSxS\amd64_microsoft.windows.common-controls_6595b64144ccf1df_6.0.19041.1110_none_60b5254171f9507e;C:\Users\hieuc\.p2\pool\plugins\org.eclipse.justj.openjdk.hotspot.jre.full.win32.x86_64_17.0.4.v20221004-1257\jre\bin\server;C:\Users\hieuc\Downloads\Save\javafx-sdk-19\bin

VM Arguments:
jvm_args: --module-path=C:\Users\hieuc\Downloads\Save\javafx-sdk-19\lib --add-modules=javafx.controls,javafx.fxml -Dfile.encoding=UTF-8 -XX:+ShowCodeDetailsInExceptionMessages 
java_command: application.Main
java_class_path (initial): C:\Users\hieuc\Desktop\Class - Project ITSS\Project code\EcoBike\bin;C:\Users\hieuc\Downloads\Save\javafx-sdk-19\lib\javafx.base.jar;C:\Users\hieuc\Downloads\Save\javafx-sdk-19\lib\javafx.controls.jar;C:\Users\hieuc\Downloads\Save\javafx-sdk-19\lib\javafx.fxml.jar;C:\Users\hieuc\Downloads\Save\javafx-sdk-19\lib\javafx.graphics.jar;C:\Users\hieuc\Downloads\Save\javafx-sdk-19\lib\javafx.media.jar;C:\Users\hieuc\Downloads\Save\javafx-sdk-19\lib\javafx.swing.jar;C:\Users\hieuc\Downloads\Save\javafx-sdk-19\lib\javafx.web.jar;C:\Users\hieuc\Downloads\Save\javafx-sdk-19\lib\javafx-swt.jar;C:\Users\hieuc\Downloads\Save\sqljdbc_12.2\enu\mssql-jdbc-12.2.0.jre8.jar
Launcher Type: SUN_STANDARD

[Global flags]
     intx CICompilerCount                          = 3                                         {product} {ergonomic}
     uint ConcGCThreads                            = 1                                         {product} {ergonomic}
     uint G1ConcRefinementThreads                  = 4                                         {product} {ergonomic}
   size_t G1HeapRegionSize                         = 1048576                                   {product} {ergonomic}
    uintx GCDrainStackTargetSize                   = 64                                        {product} {ergonomic}
   size_t InitialHeapSize                          = 134217728                                 {product} {ergonomic}
   size_t MarkStackSize                            = 4194304                                   {product} {ergonomic}
   size_t MaxHeapSize                              = 2130706432                                {product} {ergonomic}
   size_t MaxNewSize                               = 1278214144                                {product} {ergonomic}
   size_t MinHeapDeltaBytes                        = 1048576                                   {product} {ergonomic}
   size_t MinHeapSize                              = 8388608                                   {product} {ergonomic}
    uintx NonNMethodCodeHeapSize                   = 5832780                                {pd product} {ergonomic}
    uintx NonProfiledCodeHeapSize                  = 122912730                              {pd product} {ergonomic}
    uintx ProfiledCodeHeapSize                     = 122912730                              {pd product} {ergonomic}
    uintx ReservedCodeCacheSize                    = 251658240                              {pd product} {ergonomic}
     bool SegmentedCodeCache                       = true                                      {product} {ergonomic}
     bool ShowCodeDetailsInExceptionMessages       = true                                   {manageable} {command line}
   size_t SoftMaxHeapSize                          = 2130706432                             {manageable} {ergonomic}
     bool UseCompressedClassPointers               = true                           {product lp64_product} {ergonomic}
     bool UseCompressedOops                        = true                           {product lp64_product} {ergonomic}
     bool UseG1GC                                  = true                                      {product} {ergonomic}
     bool UseLargePagesIndividualAllocation        = false                                  {pd product} {ergonomic}

Logging:
Log output configuration:
 #0: stdout all=warning uptime,level,tags
 #1: stderr all=off uptime,level,tags

Environment Variables:
PATH=C:/Users/hieuc/.p2/pool/plugins/org.eclipse.justj.openjdk.hotspot.jre.full.win32.x86_64_17.0.4.v20221004-1257/jre/bin/server;C:/Users/hieuc/.p2/pool/plugins/org.eclipse.justj.openjdk.hotspot.jre.full.win32.x86_64_17.0.4.v20221004-1257/jre/bin;C:\WINDOWS\system32;C:\WINDOWS;C:\WINDOWS\System32\Wbem;C:\WINDOWS\System32\WindowsPowerShell\v1.0\;C:\WINDOWS\System32\OpenSSH\;C:\Program Files\Git\cmd;C:\Program Files\nodejs\;C:\Program Files\Docker\Docker\resources\bin;C:\ProgramData\DockerDesktop\version-bin;C:\Program Files\OpenSSL-Win64\bin;C:\Program Files\Go\bin;C:\Program Files\Cloudflare\Cloudflare WARP\;C:\Program Files (x86)\Microsoft SQL Server\160\Tools\Binn\;C:\Program Files\Microsoft SQL Server\160\Tools\Binn\;C:\Program Files\Microsoft SQL Server\Client SDK\ODBC\170\Tools\Binn\;C:\Program Files\Microsoft SQL Server\160\DTS\Binn\;C:\Program Files (x86)\Microsoft SQL Server\160\DTS\Binn\;C:\Program Files\Azure Data Studio\bin;C:\Users\hieuc\AppData\Local\Programs\Python\Python310\Scripts\;C:\Users\hieuc\AppData\Local\Programs\Python\Python310\;C:\Users\hieuc\AppData\Local\Microsoft\WindowsApps;;C:\Users\hieuc\AppData\Local\Programs\Microsoft VS Code\bin;C:\Users\hieuc\AppData\Roaming\npm;C:\Users\hieuc\go\bin;C:\Program Files\Azure Data Studio\bin;C:\WINDOWS\System32;
USERNAME=hieuc
OS=Windows_NT
PROCESSOR_IDENTIFIER=Intel64 Family 6 Model 58 Stepping 9, GenuineIntel
TMP=C:\Users\hieuc\AppData\Local\Temp
TEMP=C:\Users\hieuc\AppData\Local\Temp



---------------  S Y S T E M  ---------------

OS:
 Windows 10 , 64 bit Build 19041 (10.0.19041.2364)
OS uptime: 2 days 1:00 hours
Hyper-V role detected

CPU: total 4 (initial active 4) (2 cores per cpu, 2 threads per core) family 6 model 58 stepping 9 microcode 0x21, cx8, cmov, fxsr, ht, mmx, sse, sse2, sse3, ssse3, sse4.1, sse4.2, popcnt, tsc, tscinvbit, avx, aes, erms, clmul, vzeroupper, clflush, hv

Memory: 4k page, system-wide physical 8123M (2764M free)
TotalPageFile size 10171M (AvailPageFile size 22M)
current process WorkingSet (physical memory assigned to process): 330M, peak: 330M
current process commit charge ("private bytes"): 426M, peak: 426M

vm_info: OpenJDK 64-Bit Server VM (17.0.4.1+1) for windows-amd64 JRE (17.0.4.1+1), built on Aug 17 2022 07:42:43 by "temurin" with MS VC++ 16.7 (VS2019)

END.
