#
# There is insufficient memory for the Java Runtime Environment to continue.
# Native memory allocation (mmap) failed to map 1048576 bytes for G1 virtual space
# Possible reasons:
#   The system is out of physical RAM or swap space
#   The process is running with CompressedOops enabled, and the Java Heap may be blocking the growth of the native heap
# Possible solutions:
#   Reduce memory load on the system
#   Increase physical memory or swap space
#   Check if swap backing store is full
#   Decrease Java heap size (-Xmx/-Xms)
#   Decrease number of Java threads
#   Decrease Java thread stack sizes (-Xss)
#   Set larger code cache with -XX:ReservedCodeCacheSize=
#   JVM is running with Unscaled Compressed Oops mode in which the Java heap is
#     placed in the first 4GB address space. The Java Heap base address is the
#     maximum limit for the native heap growth. Please use -XX:HeapBaseMinAddress
#     to set the Java Heap base and to place the Java Heap above 4GB virtual address.
# This output file may be truncated or incomplete.
#
#  Out of Memory Error (os_windows.cpp:3541), pid=10388, tid=11296
#
# JRE version: OpenJDK Runtime Environment Temurin-17.0.4.1+1 (17.0.4.1+1) (build 17.0.4.1+1)
# Java VM: OpenJDK 64-Bit Server VM Temurin-17.0.4.1+1 (17.0.4.1+1, mixed mode, tiered, compressed oops, compressed class ptrs, g1 gc, windows-amd64)
# No core dump will be written. Minidumps are not enabled by default on client versions of Windows
#

---------------  S U M M A R Y ------------

Command Line: --module-path=C:\Users\hieuc\Downloads\Save\javafx-sdk-19\lib --add-modules=javafx.controls,javafx.fxml -Dfile.encoding=UTF-8 -XX:+ShowCodeDetailsInExceptionMessages application.Main

Host: Intel(R) Core(TM) i5-3320M CPU @ 2.60GHz, 4 cores, 7G,  Windows 10 , 64 bit Build 19041 (10.0.19041.2364)
Time: Sat Feb  4 14:51:07 2023 SE Asia Standard Time elapsed time: 3.979147 seconds (0d 0h 0m 3s)

---------------  T H R E A D  ---------------

Current thread (0x0000028977a722f0):  JavaThread "JavaFX Application Thread" [_thread_in_vm, id=11296, stack(0x000000e9da100000,0x000000e9da200000)]

Stack: [0x000000e9da100000,0x000000e9da200000]
Native frames: (J=compiled Java code, j=interpreted, Vv=VM code, C=native code)
V  [jvm.dll+0x67731a]
V  [jvm.dll+0x832284]
V  [jvm.dll+0x833a2e]
V  [jvm.dll+0x834093]
V  [jvm.dll+0x245775]
V  [jvm.dll+0x674209]
V  [jvm.dll+0x668a92]
V  [jvm.dll+0x30471b]
V  [jvm.dll+0x30bc66]
V  [jvm.dll+0x35b78b]
V  [jvm.dll+0x35bdb4]
V  [jvm.dll+0x35b966]
V  [jvm.dll+0x2dbb04]
V  [jvm.dll+0x2d7b46]
V  [jvm.dll+0x60a5b3]
V  [jvm.dll+0x2104f5]
V  [jvm.dll+0x7fc1b6]
V  [jvm.dll+0x381a4a]
C  0x000002896078b757

Java frames: (J=compiled Java code, j=interpreted, Vv=VM code)
j  com.sun.javafx.iio.jpeg.JPEGImageLoader.load(IIIZZ)Lcom/sun/javafx/iio/ImageFrame;+184 javafx.graphics@19
j  com.sun.javafx.iio.ImageStorage.loadAll(Lcom/sun/javafx/iio/ImageLoader;DDZFZ)[Lcom/sun/javafx/iio/ImageFrame;+55 javafx.graphics@19
j  com.sun.javafx.iio.ImageStorage.loadAll(Ljava/lang/String;Lcom/sun/javafx/iio/ImageLoadListener;DDZFZ)[Lcom/sun/javafx/iio/ImageFrame;+399 javafx.graphics@19
j  com.sun.javafx.tk.quantum.PrismImageLoader2.loadAll(Ljava/lang/String;DDZFZ)V+25 javafx.graphics@19
j  com.sun.javafx.tk.quantum.PrismImageLoader2.<init>(Ljava/lang/String;DDZFZ)V+15 javafx.graphics@19
j  com.sun.javafx.tk.quantum.QuantumToolkit.loadImage(Ljava/lang/String;DDZZ)Lcom/sun/javafx/tk/ImageLoader;+16 javafx.graphics@19
j  javafx.scene.image.Image.loadImage(Ljava/lang/String;DDZZ)Lcom/sun/javafx/tk/ImageLoader;+10 javafx.graphics@19
j  javafx.scene.image.Image.initialize(Ljava/lang/Object;)V+92 javafx.graphics@19
j  javafx.scene.image.Image.<init>(Ljava/lang/String;)V+16 javafx.graphics@19
j  views.screen.home.DockItemHandler.<init>(Ljavafx/stage/Stage;Ljava/lang/String;Lentity/dockitem/Dock;ILviews/screen/home/HomeScreenHandler;)V+183
j  views.screen.home.HomeScreenHandler.initialize(Ljava/net/URL;Ljava/util/ResourceBundle;)V+102
j  javafx.fxml.FXMLLoader.loadImpl(Ljava/io/InputStream;Ljava/lang/Class;)Ljava/lang/Object;+269 javafx.fxml@19
j  javafx.fxml.FXMLLoader.loadImpl(Ljava/lang/Class;)Ljava/lang/Object;+31 javafx.fxml@19
j  javafx.fxml.FXMLLoader.load()Ljava/lang/Object;+17 javafx.fxml@19
j  views.base.FXMLScreenHandler.<init>(Ljava/lang/String;)V+36
j  views.base.BaseScreenHandler.<init>(Ljavafx/stage/Stage;Ljava/lang/String;)V+2
j  views.screen.home.HomeScreenHandler.<init>(Ljavafx/stage/Stage;Ljava/lang/String;)V+3
j  application.Main.start(Ljavafx/stage/Stage;)V+8
j  com.sun.javafx.application.LauncherImpl.lambda$launchApplication1$9(Ljava/util/concurrent/atomic/AtomicBoolean;Ljavafx/application/Application;)V+20 javafx.graphics@19
j  com.sun.javafx.application.LauncherImpl$$Lambda$102+0x00000001000ffdd0.run()V+8 javafx.graphics@19
j  com.sun.javafx.application.PlatformImpl.lambda$runAndWait$12(Ljava/lang/Runnable;Ljava/util/concurrent/CountDownLatch;)V+1 javafx.graphics@19
j  com.sun.javafx.application.PlatformImpl$$Lambda$95+0x00000001000fd4a0.run()V+8 javafx.graphics@19
j  com.sun.javafx.application.PlatformImpl.lambda$runLater$10(Ljava/lang/Runnable;)Ljava/lang/Void;+1 javafx.graphics@19
j  com.sun.javafx.application.PlatformImpl$$Lambda$97+0x00000001000fe910.run()Ljava/lang/Object;+4 javafx.graphics@19
j  java.security.AccessController.executePrivileged(Ljava/security/PrivilegedAction;Ljava/security/AccessControlContext;Ljava/lang/Class;)Ljava/lang/Object;+29 java.base@17.0.4.1
j  java.security.AccessController.doPrivileged(Ljava/security/PrivilegedAction;Ljava/security/AccessControlContext;)Ljava/lang/Object;+13 java.base@17.0.4.1
j  com.sun.javafx.application.PlatformImpl.lambda$runLater$11(Ljava/lang/Runnable;Ljava/security/AccessControlContext;)V+7 javafx.graphics@19
j  com.sun.javafx.application.PlatformImpl$$Lambda$96+0x00000001000fd8c0.run()V+8 javafx.graphics@19
j  com.sun.glass.ui.InvokeLaterDispatcher$Future.run()V+4 javafx.graphics@19
v  ~StubRoutines::call_stub
j  com.sun.glass.ui.win.WinApplication._runLoop(Ljava/lang/Runnable;)V+0 javafx.graphics@19
j  com.sun.glass.ui.win.WinApplication.lambda$runLoop$3(ILjava/lang/Runnable;)V+8 javafx.graphics@19
j  com.sun.glass.ui.win.WinApplication$$Lambda$85+0x00000001000ec430.run()V+12 javafx.graphics@19
j  java.lang.Thread.run()V+11 java.base@17.0.4.1
v  ~StubRoutines::call_stub

---------------  P R O C E S S  ---------------

Threads class SMR info:
_java_thread_list=0x000002897ab15880, length=18, elements={
0x000002895d09ddd0, 0x00000289767b9630, 0x00000289767bbff0, 0x00000289768132a0,
0x0000028976816410, 0x00000289767e0890, 0x00000289767e18f0, 0x00000289774090e0,
0x000002897740d110, 0x000002897746d930, 0x000002897758eff0, 0x00000289777f4840,
0x00000289777cf4b0, 0x0000028977a9e160, 0x0000028977a722f0, 0x00000289775ed6f0,
0x0000028977c245b0, 0x000002897b6eeae0
}

Java Threads: ( => current thread )
  0x000002895d09ddd0 JavaThread "main" [_thread_blocked, id=4448, stack(0x000000e9d8900000,0x000000e9d8a00000)]
  0x00000289767b9630 JavaThread "Reference Handler" daemon [_thread_blocked, id=9800, stack(0x000000e9d9000000,0x000000e9d9100000)]
  0x00000289767bbff0 JavaThread "Finalizer" daemon [_thread_blocked, id=7380, stack(0x000000e9d9100000,0x000000e9d9200000)]
  0x00000289768132a0 JavaThread "Signal Dispatcher" daemon [_thread_blocked, id=9068, stack(0x000000e9d9200000,0x000000e9d9300000)]
  0x0000028976816410 JavaThread "Attach Listener" daemon [_thread_blocked, id=4176, stack(0x000000e9d9300000,0x000000e9d9400000)]
  0x00000289767e0890 JavaThread "Service Thread" daemon [_thread_blocked, id=3228, stack(0x000000e9d9400000,0x000000e9d9500000)]
  0x00000289767e18f0 JavaThread "Monitor Deflation Thread" daemon [_thread_blocked, id=4028, stack(0x000000e9d9500000,0x000000e9d9600000)]
  0x00000289774090e0 JavaThread "C2 CompilerThread0" daemon [_thread_blocked, id=8280, stack(0x000000e9d9600000,0x000000e9d9700000)]
  0x000002897740d110 JavaThread "C1 CompilerThread0" daemon [_thread_blocked, id=5160, stack(0x000000e9d9700000,0x000000e9d9800000)]
  0x000002897746d930 JavaThread "Sweeper thread" daemon [_thread_blocked, id=1168, stack(0x000000e9d9800000,0x000000e9d9900000)]
  0x000002897758eff0 JavaThread "Common-Cleaner" daemon [_thread_blocked, id=9272, stack(0x000000e9d9900000,0x000000e9d9a00000)]
  0x00000289777f4840 JavaThread "Notification Thread" daemon [_thread_blocked, id=1996, stack(0x000000e9d9b00000,0x000000e9d9c00000)]
  0x00000289777cf4b0 JavaThread "QuantumRenderer-0" daemon [_thread_blocked, id=10408, stack(0x000000e9d9a00000,0x000000e9d9b00000)]
  0x0000028977a9e160 JavaThread "InvokeLaterDispatcher" daemon [_thread_blocked, id=7108, stack(0x000000e9da000000,0x000000e9da100000)]
=>0x0000028977a722f0 JavaThread "JavaFX Application Thread" [_thread_in_vm, id=11296, stack(0x000000e9da100000,0x000000e9da200000)]
  0x00000289775ed6f0 JavaThread "JavaFX-Launcher" [_thread_blocked, id=10752, stack(0x000000e9daa00000,0x000000e9dab00000)]
  0x0000028977c245b0 JavaThread "Thread-2" daemon [_thread_in_native, id=11064, stack(0x000000e9da900000,0x000000e9daa00000)]
  0x000002897b6eeae0 JavaThread "Prism Font Disposer" daemon [_thread_blocked, id=4408, stack(0x000000e9dab00000,0x000000e9dac00000)]

Other Threads:
  0x0000028976773170 VMThread "VM Thread" [stack: 0x000000e9d8f00000,0x000000e9d9000000] [id=8240]
  0x000002897773f190 WatcherThread [stack: 0x000000e9d9c00000,0x000000e9d9d00000] [id=7788]
  0x000002895d0f8120 GCTaskThread "GC Thread#0" [stack: 0x000000e9d8a00000,0x000000e9d8b00000] [id=3772]
  0x0000028977c22d10 GCTaskThread "GC Thread#1" [stack: 0x000000e9da600000,0x000000e9da700000] [id=9892]
  0x0000028977c22fc0 GCTaskThread "GC Thread#2" [stack: 0x000000e9da700000,0x000000e9da800000] [id=10868]
  0x0000028977c23270 GCTaskThread "GC Thread#3" [stack: 0x000000e9da800000,0x000000e9da900000] [id=7476]
  0x000002895d10a270 ConcurrentGCThread "G1 Main Marker" [stack: 0x000000e9d8b00000,0x000000e9d8c00000] [id=7716]
  0x000002895d10c570 ConcurrentGCThread "G1 Conc#0" [stack: 0x000000e9d8c00000,0x000000e9d8d00000] [id=3988]
  0x0000028976630090 ConcurrentGCThread "G1 Refine#0" [stack: 0x000000e9d8d00000,0x000000e9d8e00000] [id=8624]
  0x0000028977eaed80 ConcurrentGCThread "G1 Refine#1" [stack: 0x000000e9dac00000,0x000000e9dad00000] [id=908]
  0x0000028976631390 ConcurrentGCThread "G1 Service" [stack: 0x000000e9d8e00000,0x000000e9d8f00000] [id=5028]

Threads with active compile tasks:

VM state: not at safepoint (normal execution)

VM Mutex/Monitor currently owned by a thread:  ([mutex/lock_event])
[0x000002895d099e20] Heap_lock - owner thread: 0x0000028977a722f0

Heap address: 0x0000000081000000, size: 2032 MB, Compressed Oops mode: 32-bit

CDS archive(s) not mapped
Compressed class space mapped at: 0x0000000100000000-0x0000000140000000, reserved size: 1073741824
Narrow klass base: 0x0000000000000000, Narrow klass shift: 3, Narrow klass range: 0x140000000

GC Precious Log:
 CPUs: 4 total, 4 available
 Memory: 8123M
 Large Page Support: Disabled
 NUMA Support: Disabled
 Compressed Oops: Enabled (32-bit)
 Heap Region Size: 1M
 Heap Min Capacity: 8M
 Heap Initial Capacity: 128M
 Heap Max Capacity: 2032M
 Pre-touch: Disabled
 Parallel Workers: 4
 Concurrent Workers: 1
 Concurrent Refinement Workers: 4
 Periodic GC: Disabled

Heap:
 garbage-first heap   total 120832K, used 82891K [0x0000000081000000, 0x0000000100000000)
  region size 1024K, 1 young (1024K), 1 survivors (1024K)
 Metaspace       used 26337K, committed 26496K, reserved 1073152K
  class space    used 2929K, committed 3008K, reserved 1048576K

Heap Regions: E=young(eden), S=young(survivor), O=old, HS=humongous(starts), HC=humongous(continues), CS=collection set, F=free, OA=open archive, CA=closed archive, TAMS=top-at-mark-start (previous, next)
|   0|0x0000000081000000, 0x0000000081100000, 0x0000000081100000|100%| O|  |TAMS 0x0000000081100000, 0x0000000081100000| Untracked 
|   1|0x0000000081100000, 0x0000000081200000, 0x0000000081200000|100%| O|  |TAMS 0x0000000081200000, 0x0000000081200000| Untracked 
|   2|0x0000000081200000, 0x0000000081300000, 0x0000000081300000|100%| O|  |TAMS 0x00000000812e2000, 0x0000000081300000| Untracked 
|   3|0x0000000081300000, 0x0000000081400000, 0x0000000081400000|100%| O|  |TAMS 0x0000000081300000, 0x0000000081400000| Untracked 
|   4|0x0000000081400000, 0x0000000081500000, 0x0000000081500000|100%| O|  |TAMS 0x0000000081400000, 0x0000000081500000| Untracked 
|   5|0x0000000081500000, 0x0000000081573e00, 0x0000000081600000| 45%| O|  |TAMS 0x0000000081500000, 0x0000000081573e00| Untracked 
|   6|0x0000000081600000, 0x0000000081700000, 0x0000000081700000|100%| O|  |TAMS 0x0000000081600000, 0x0000000081700000| Untracked 
|   7|0x0000000081700000, 0x0000000081800000, 0x0000000081800000|100%| O|  |TAMS 0x0000000081700000, 0x0000000081800000| Untracked 
|   8|0x0000000081800000, 0x0000000081900000, 0x0000000081900000|100%| O|  |TAMS 0x0000000081800000, 0x000000008182c600| Untracked 
|   9|0x0000000081900000, 0x000000008195e000, 0x0000000081a00000| 36%| O|  |TAMS 0x0000000081900000, 0x0000000081900000| Untracked 
|  10|0x0000000081a00000, 0x0000000081a00000, 0x0000000081b00000|  0%| F|  |TAMS 0x0000000081a00000, 0x0000000081a00000| Untracked 
|  11|0x0000000081b00000, 0x0000000081b00000, 0x0000000081c00000|  0%| F|  |TAMS 0x0000000081b00000, 0x0000000081b00000| Untracked 
|  12|0x0000000081c00000, 0x0000000081c00000, 0x0000000081d00000|  0%| F|  |TAMS 0x0000000081c00000, 0x0000000081c00000| Untracked 
|  13|0x0000000081d00000, 0x0000000081d00000, 0x0000000081e00000|  0%| F|  |TAMS 0x0000000081d00000, 0x0000000081d00000| Untracked 
|  14|0x0000000081e00000, 0x0000000081e00000, 0x0000000081f00000|  0%| F|  |TAMS 0x0000000081e00000, 0x0000000081e00000| Untracked 
|  15|0x0000000081f00000, 0x0000000081f00000, 0x0000000082000000|  0%| F|  |TAMS 0x0000000081f00000, 0x0000000081f00000| Untracked 
|  16|0x0000000082000000, 0x0000000082000000, 0x0000000082100000|  0%| F|  |TAMS 0x0000000082000000, 0x0000000082000000| Untracked 
|  17|0x0000000082100000, 0x0000000082100000, 0x0000000082200000|  0%| F|  |TAMS 0x0000000082100000, 0x0000000082100000| Untracked 
|  18|0x0000000082200000, 0x0000000082200000, 0x0000000082300000|  0%| F|  |TAMS 0x0000000082200000, 0x0000000082200000| Untracked 
|  19|0x0000000082300000, 0x0000000082300000, 0x0000000082400000|  0%| F|  |TAMS 0x0000000082300000, 0x0000000082300000| Untracked 
|  20|0x0000000082400000, 0x0000000082400000, 0x0000000082500000|  0%| F|  |TAMS 0x0000000082400000, 0x0000000082400000| Untracked 
|  21|0x0000000082500000, 0x0000000082500000, 0x0000000082600000|  0%| F|  |TAMS 0x0000000082500000, 0x0000000082500000| Untracked 
|  22|0x0000000082600000, 0x0000000082600000, 0x0000000082700000|  0%| F|  |TAMS 0x0000000082600000, 0x0000000082600000| Untracked 
|  23|0x0000000082700000, 0x0000000082800000, 0x0000000082800000|100%|HS|  |TAMS 0x0000000082700000, 0x0000000082800000| Complete 
|  24|0x0000000082800000, 0x0000000082900000, 0x0000000082900000|100%|HC|  |TAMS 0x0000000082800000, 0x0000000082900000| Complete 
|  25|0x0000000082900000, 0x0000000082a00000, 0x0000000082a00000|100%|HC|  |TAMS 0x0000000082900000, 0x0000000082a00000| Complete 
|  26|0x0000000082a00000, 0x0000000082b00000, 0x0000000082b00000|100%|HC|  |TAMS 0x0000000082a00000, 0x0000000082b00000| Complete 
|  27|0x0000000082b00000, 0x0000000082c00000, 0x0000000082c00000|100%|HC|  |TAMS 0x0000000082b00000, 0x0000000082c00000| Complete 
|  28|0x0000000082c00000, 0x0000000082d00000, 0x0000000082d00000|100%|HC|  |TAMS 0x0000000082c00000, 0x0000000082d00000| Complete 
|  29|0x0000000082d00000, 0x0000000082e00000, 0x0000000082e00000|100%|HC|  |TAMS 0x0000000082d00000, 0x0000000082e00000| Complete 
|  30|0x0000000082e00000, 0x0000000082f00000, 0x0000000082f00000|100%|HC|  |TAMS 0x0000000082e00000, 0x0000000082f00000| Complete 
|  31|0x0000000082f00000, 0x0000000083000000, 0x0000000083000000|100%|HC|  |TAMS 0x0000000082f00000, 0x0000000083000000| Complete 
|  32|0x0000000083000000, 0x0000000083100000, 0x0000000083100000|100%|HC|  |TAMS 0x0000000083000000, 0x0000000083100000| Complete 
|  33|0x0000000083100000, 0x0000000083200000, 0x0000000083200000|100%|HC|  |TAMS 0x0000000083100000, 0x0000000083200000| Complete 
|  34|0x0000000083200000, 0x0000000083300000, 0x0000000083300000|100%|HC|  |TAMS 0x0000000083200000, 0x0000000083300000| Complete 
|  35|0x0000000083300000, 0x0000000083400000, 0x0000000083400000|100%|HC|  |TAMS 0x0000000083300000, 0x0000000083400000| Complete 
|  36|0x0000000083400000, 0x0000000083500000, 0x0000000083500000|100%|HC|  |TAMS 0x0000000083400000, 0x0000000083500000| Complete 
|  37|0x0000000083500000, 0x0000000083600000, 0x0000000083600000|100%|HC|  |TAMS 0x0000000083500000, 0x0000000083600000| Complete 
|  38|0x0000000083600000, 0x0000000083700000, 0x0000000083700000|100%|HC|  |TAMS 0x0000000083600000, 0x0000000083700000| Complete 
|  39|0x0000000083700000, 0x0000000083800000, 0x0000000083800000|100%|HC|  |TAMS 0x0000000083700000, 0x0000000083800000| Complete 
|  40|0x0000000083800000, 0x0000000083900000, 0x0000000083900000|100%|HC|  |TAMS 0x0000000083800000, 0x0000000083900000| Complete 
|  41|0x0000000083900000, 0x0000000083a00000, 0x0000000083a00000|100%|HC|  |TAMS 0x0000000083900000, 0x0000000083a00000| Complete 
|  42|0x0000000083a00000, 0x0000000083b00000, 0x0000000083b00000|100%|HC|  |TAMS 0x0000000083a00000, 0x0000000083b00000| Complete 
|  43|0x0000000083b00000, 0x0000000083c00000, 0x0000000083c00000|100%|HC|  |TAMS 0x0000000083b00000, 0x0000000083c00000| Complete 
|  44|0x0000000083c00000, 0x0000000083d00000, 0x0000000083d00000|100%|HC|  |TAMS 0x0000000083c00000, 0x0000000083d00000| Complete 
|  45|0x0000000083d00000, 0x0000000083e00000, 0x0000000083e00000|100%|HC|  |TAMS 0x0000000083d00000, 0x0000000083e00000| Complete 
|  46|0x0000000083e00000, 0x0000000083f00000, 0x0000000083f00000|100%|HC|  |TAMS 0x0000000083e00000, 0x0000000083f00000| Complete 
|  47|0x0000000083f00000, 0x0000000084000000, 0x0000000084000000|100%|HC|  |TAMS 0x0000000083f00000, 0x0000000084000000| Complete 
|  48|0x0000000084000000, 0x0000000084100000, 0x0000000084100000|100%|HC|  |TAMS 0x0000000084000000, 0x0000000084100000| Complete 
|  49|0x0000000084100000, 0x0000000084200000, 0x0000000084200000|100%|HC|  |TAMS 0x0000000084100000, 0x0000000084200000| Complete 
|  50|0x0000000084200000, 0x0000000084300000, 0x0000000084300000|100%|HC|  |TAMS 0x0000000084200000, 0x0000000084300000| Complete 
|  51|0x0000000084300000, 0x0000000084400000, 0x0000000084400000|100%|HC|  |TAMS 0x0000000084300000, 0x0000000084400000| Complete 
|  52|0x0000000084400000, 0x0000000084500000, 0x0000000084500000|100%|HC|  |TAMS 0x0000000084400000, 0x0000000084500000| Complete 
|  53|0x0000000084500000, 0x0000000084600000, 0x0000000084600000|100%|HC|  |TAMS 0x0000000084500000, 0x0000000084600000| Complete 
|  54|0x0000000084600000, 0x0000000084700000, 0x0000000084700000|100%|HC|  |TAMS 0x0000000084600000, 0x0000000084700000| Complete 
|  55|0x0000000084700000, 0x0000000084800000, 0x0000000084800000|100%|HC|  |TAMS 0x0000000084700000, 0x0000000084800000| Complete 
|  56|0x0000000084800000, 0x0000000084900000, 0x0000000084900000|100%|HC|  |TAMS 0x0000000084800000, 0x0000000084900000| Complete 
|  57|0x0000000084900000, 0x0000000084a00000, 0x0000000084a00000|100%|HC|  |TAMS 0x0000000084900000, 0x0000000084a00000| Complete 
|  58|0x0000000084a00000, 0x0000000084b00000, 0x0000000084b00000|100%|HC|  |TAMS 0x0000000084a00000, 0x0000000084b00000| Complete 
|  59|0x0000000084b00000, 0x0000000084c00000, 0x0000000084c00000|100%|HC|  |TAMS 0x0000000084b00000, 0x0000000084c00000| Complete 
|  60|0x0000000084c00000, 0x0000000084d00000, 0x0000000084d00000|100%|HC|  |TAMS 0x0000000084c00000, 0x0000000084d00000| Complete 
|  61|0x0000000084d00000, 0x0000000084e00000, 0x0000000084e00000|100%|HC|  |TAMS 0x0000000084d00000, 0x0000000084e00000| Complete 
|  62|0x0000000084e00000, 0x0000000084f00000, 0x0000000084f00000|100%|HC|  |TAMS 0x0000000084e00000, 0x0000000084f00000| Complete 
|  63|0x0000000084f00000, 0x0000000085000000, 0x0000000085000000|100%|HC|  |TAMS 0x0000000084f00000, 0x0000000085000000| Complete 
|  64|0x0000000085000000, 0x0000000085100000, 0x0000000085100000|100%|HC|  |TAMS 0x0000000085000000, 0x0000000085100000| Complete 
|  65|0x0000000085100000, 0x0000000085200000, 0x0000000085200000|100%|HC|  |TAMS 0x0000000085100000, 0x0000000085200000| Complete 
|  66|0x0000000085200000, 0x0000000085300000, 0x0000000085300000|100%|HC|  |TAMS 0x0000000085200000, 0x0000000085300000| Complete 
|  67|0x0000000085300000, 0x0000000085400000, 0x0000000085400000|100%|HC|  |TAMS 0x0000000085300000, 0x0000000085400000| Complete 
|  68|0x0000000085400000, 0x0000000085500000, 0x0000000085500000|100%|HC|  |TAMS 0x0000000085400000, 0x0000000085500000| Complete 
|  69|0x0000000085500000, 0x0000000085600000, 0x0000000085600000|100%|HC|  |TAMS 0x0000000085500000, 0x0000000085600000| Complete 
|  70|0x0000000085600000, 0x0000000085700000, 0x0000000085700000|100%|HC|  |TAMS 0x0000000085600000, 0x0000000085700000| Complete 
|  71|0x0000000085700000, 0x0000000085800000, 0x0000000085800000|100%|HC|  |TAMS 0x0000000085700000, 0x0000000085800000| Complete 
|  72|0x0000000085800000, 0x0000000085900000, 0x0000000085900000|100%|HC|  |TAMS 0x0000000085800000, 0x0000000085900000| Complete 
|  73|0x0000000085900000, 0x0000000085a00000, 0x0000000085a00000|100%|HC|  |TAMS 0x0000000085900000, 0x0000000085a00000| Complete 
|  74|0x0000000085a00000, 0x0000000085b00000, 0x0000000085b00000|100%|HC|  |TAMS 0x0000000085a00000, 0x0000000085b00000| Complete 
|  75|0x0000000085b00000, 0x0000000085c00000, 0x0000000085c00000|100%|HC|  |TAMS 0x0000000085b00000, 0x0000000085c00000| Complete 
|  76|0x0000000085c00000, 0x0000000085d00000, 0x0000000085d00000|100%|HC|  |TAMS 0x0000000085c00000, 0x0000000085d00000| Complete 
|  77|0x0000000085d00000, 0x0000000085e00000, 0x0000000085e00000|100%|HC|  |TAMS 0x0000000085d00000, 0x0000000085e00000| Complete 
|  78|0x0000000085e00000, 0x0000000085f00000, 0x0000000085f00000|100%|HC|  |TAMS 0x0000000085e00000, 0x0000000085f00000| Complete 
|  79|0x0000000085f00000, 0x0000000086000000, 0x0000000086000000|100%|HC|  |TAMS 0x0000000085f00000, 0x0000000086000000| Complete 
|  80|0x0000000086000000, 0x0000000086100000, 0x0000000086100000|100%|HC|  |TAMS 0x0000000086000000, 0x0000000086100000| Complete 
|  81|0x0000000086100000, 0x0000000086200000, 0x0000000086200000|100%|HC|  |TAMS 0x0000000086100000, 0x0000000086200000| Complete 
|  82|0x0000000086200000, 0x0000000086300000, 0x0000000086300000|100%|HC|  |TAMS 0x0000000086200000, 0x0000000086300000| Complete 
|  83|0x0000000086300000, 0x0000000086400000, 0x0000000086400000|100%|HC|  |TAMS 0x0000000086300000, 0x0000000086400000| Complete 
|  84|0x0000000086400000, 0x0000000086500000, 0x0000000086500000|100%|HC|  |TAMS 0x0000000086400000, 0x0000000086500000| Complete 
|  85|0x0000000086500000, 0x0000000086600000, 0x0000000086600000|100%|HC|  |TAMS 0x0000000086500000, 0x0000000086600000| Complete 
|  86|0x0000000086600000, 0x0000000086700000, 0x0000000086700000|100%|HC|  |TAMS 0x0000000086600000, 0x0000000086700000| Complete 
|  87|0x0000000086700000, 0x0000000086800000, 0x0000000086800000|100%|HC|  |TAMS 0x0000000086700000, 0x0000000086800000| Complete 
|  88|0x0000000086800000, 0x0000000086900000, 0x0000000086900000|100%|HC|  |TAMS 0x0000000086800000, 0x0000000086900000| Complete 
|  89|0x0000000086900000, 0x0000000086a00000, 0x0000000086a00000|100%|HC|  |TAMS 0x0000000086900000, 0x0000000086a00000| Complete 
|  90|0x0000000086a00000, 0x0000000086b00000, 0x0000000086b00000|100%|HC|  |TAMS 0x0000000086a00000, 0x0000000086b00000| Complete 
|  91|0x0000000086b00000, 0x0000000086c00000, 0x0000000086c00000|100%|HC|  |TAMS 0x0000000086b00000, 0x0000000086c00000| Complete 
|  92|0x0000000086c00000, 0x0000000086d00000, 0x0000000086d00000|100%|HC|  |TAMS 0x0000000086c00000, 0x0000000086d00000| Complete 
|  93|0x0000000086d00000, 0x0000000086e00000, 0x0000000086e00000|100%|HC|  |TAMS 0x0000000086d00000, 0x0000000086e00000| Complete 
|  94|0x0000000086e00000, 0x0000000086f00000, 0x0000000086f00000|100%|HC|  |TAMS 0x0000000086e00000, 0x0000000086f00000| Complete 
| 111|0x0000000087f00000, 0x0000000087f00000, 0x0000000088000000|  0%| F|  |TAMS 0x0000000087f00000, 0x0000000087f00000| Untracked 
| 112|0x0000000088000000, 0x0000000088000000, 0x0000000088100000|  0%| F|  |TAMS 0x0000000088000000, 0x0000000088000000| Untracked 
| 113|0x0000000088100000, 0x0000000088121140, 0x0000000088200000| 12%| S|CS|TAMS 0x0000000088100000, 0x0000000088100000| Complete 
| 114|0x0000000088200000, 0x0000000088200000, 0x0000000088300000|  0%| F|  |TAMS 0x0000000088200000, 0x0000000088200000| Untracked 
| 115|0x0000000088300000, 0x0000000088300000, 0x0000000088400000|  0%| F|  |TAMS 0x0000000088300000, 0x0000000088300000| Untracked 
| 116|0x0000000088400000, 0x0000000088400000, 0x0000000088500000|  0%| F|  |TAMS 0x0000000088400000, 0x0000000088400000| Untracked 
| 117|0x0000000088500000, 0x0000000088500000, 0x0000000088600000|  0%| F|  |TAMS 0x0000000088500000, 0x0000000088500000| Untracked 
| 118|0x0000000088600000, 0x0000000088600000, 0x0000000088700000|  0%| F|  |TAMS 0x0000000088600000, 0x0000000088600000| Untracked 
| 119|0x0000000088700000, 0x0000000088700000, 0x0000000088800000|  0%| F|  |TAMS 0x0000000088700000, 0x0000000088700000| Untracked 
| 120|0x0000000088800000, 0x0000000088800000, 0x0000000088900000|  0%| F|  |TAMS 0x0000000088800000, 0x0000000088800000| Untracked 
| 121|0x0000000088900000, 0x0000000088900000, 0x0000000088a00000|  0%| F|  |TAMS 0x0000000088900000, 0x0000000088900000| Untracked 
| 122|0x0000000088a00000, 0x0000000088a00000, 0x0000000088b00000|  0%| F|  |TAMS 0x0000000088a00000, 0x0000000088a00000| Untracked 
| 123|0x0000000088b00000, 0x0000000088b00000, 0x0000000088c00000|  0%| F|  |TAMS 0x0000000088b00000, 0x0000000088b00000| Untracked 
| 124|0x0000000088c00000, 0x0000000088c00000, 0x0000000088d00000|  0%| F|  |TAMS 0x0000000088c00000, 0x0000000088c00000| Untracked 
| 125|0x0000000088d00000, 0x0000000088d00000, 0x0000000088e00000|  0%| F|  |TAMS 0x0000000088d00000, 0x0000000088d00000| Untracked 
| 126|0x0000000088e00000, 0x0000000088e00000, 0x0000000088f00000|  0%| F|  |TAMS 0x0000000088e00000, 0x0000000088e00000| Untracked 
| 127|0x0000000088f00000, 0x0000000088f00000, 0x0000000089000000|  0%| F|  |TAMS 0x0000000088f00000, 0x0000000088f00000| Untracked 
| 128|0x0000000089000000, 0x0000000089000000, 0x0000000089100000|  0%| F|  |TAMS 0x0000000089000000, 0x0000000089000000| Untracked 
| 129|0x0000000089100000, 0x0000000089100000, 0x0000000089200000|  0%| F|  |TAMS 0x0000000089100000, 0x0000000089100000| Untracked 
| 130|0x0000000089200000, 0x0000000089200000, 0x0000000089300000|  0%| F|  |TAMS 0x0000000089200000, 0x0000000089200000| Untracked 
| 131|0x0000000089300000, 0x0000000089300000, 0x0000000089400000|  0%| F|  |TAMS 0x0000000089300000, 0x0000000089300000| Untracked 
| 132|0x0000000089400000, 0x0000000089400000, 0x0000000089500000|  0%| F|  |TAMS 0x0000000089400000, 0x0000000089400000| Untracked 
| 133|0x0000000089500000, 0x0000000089500000, 0x0000000089600000|  0%| F|  |TAMS 0x0000000089500000, 0x0000000089500000| Untracked 

Card table byte_map: [0x000002896fb70000,0x000002896ff70000] _byte_map_base: 0x000002896f768000

Marking Bits (Prev, Next): (CMBitMap*) 0x000002895d0f9b80, (CMBitMap*) 0x000002895d0f9b40
 Prev Bits: [0x0000028972330000, 0x00000289742f0000)
 Next Bits: [0x0000028970370000, 0x0000028972330000)

Polling page: 0x000002895b050000

Metaspace:

Usage:
  Non-class:     22.86 MB used.
      Class:      2.86 MB used.
       Both:     25.72 MB used.

Virtual space:
  Non-class space:       24.00 MB reserved,      22.94 MB ( 96%) committed,  3 nodes.
      Class space:        1.00 GB reserved,       2.94 MB ( <1%) committed,  1 nodes.
             Both:        1.02 GB reserved,      25.88 MB (  2%) committed. 

Chunk freelists:
   Non-Class:  192.00 KB
       Class:  1.00 MB
        Both:  1.19 MB

MaxMetaspaceSize: unlimited
CompressedClassSpaceSize: 1.00 GB
Initial GC threshold: 21.00 MB
Current GC threshold: 35.25 MB
CDS: off
MetaspaceReclaimPolicy: balanced
 - commit_granule_bytes: 65536.
 - commit_granule_words: 8192.
 - virtual_space_node_default_size: 1048576.
 - enlarge_chunks_in_place: 1.
 - new_chunks_are_fully_committed: 0.
 - uncommit_free_chunks: 1.
 - use_allocation_guard: 0.
 - handle_deallocations: 1.


Internal statistics:

num_allocs_failed_limit: 3.
num_arena_births: 164.
num_arena_deaths: 0.
num_vsnodes_births: 4.
num_vsnodes_deaths: 0.
num_space_committed: 414.
num_space_uncommitted: 0.
num_chunks_returned_to_freelist: 3.
num_chunks_taken_from_freelist: 581.
num_chunk_merges: 0.
num_chunk_splits: 387.
num_chunks_enlarged: 283.
num_purges: 0.
num_inconsistent_stats: 0.

CodeHeap 'non-profiled nmethods': size=120000Kb used=814Kb max_used=814Kb free=119185Kb
 bounds [0x0000028968240000, 0x00000289684b0000, 0x000002896f770000]
CodeHeap 'profiled nmethods': size=120000Kb used=3881Kb max_used=3881Kb free=116118Kb
 bounds [0x0000028960d10000, 0x00000289610e0000, 0x0000028968240000]
CodeHeap 'non-nmethods': size=5760Kb used=1383Kb max_used=1399Kb free=4376Kb
 bounds [0x0000028960770000, 0x00000289609e0000, 0x0000028960d10000]
 total_blobs=2760 nmethods=2035 adapters=637
 compilation: enabled
              stopped_count=0, restarted_count=0
 full_count=0

Compilation events (20 events):
Event: 3.602 Thread 0x000002897740d110 2034       3       java.util.LinkedList$ListItr::next (56 bytes)
Event: 3.602 Thread 0x000002897740d110 nmethod 2034 0x00000289610d5190 code [0x00000289610d5380, 0x00000289610d5858]
Event: 3.602 Thread 0x000002897740d110 2035       3       java.util.LinkedList$ListItr::checkForComodification (23 bytes)
Event: 3.602 Thread 0x000002897740d110 nmethod 2035 0x00000289610d5a10 code [0x00000289610d5bc0, 0x00000289610d5d88]
Event: 3.603 Thread 0x000002897740d110 2036   !   3       java.util.concurrent.ConcurrentHashMap::replaceNode (437 bytes)
Event: 3.605 Thread 0x000002897740d110 nmethod 2036 0x00000289610d5e90 code [0x00000289610d61e0, 0x00000289610d7a78]
Event: 3.605 Thread 0x000002897740d110 2037       3       java.lang.invoke.InnerClassLambdaMetafactory::getLoadOpcode (26 bytes)
Event: 3.606 Thread 0x000002897740d110 nmethod 2037 0x00000289610d8790 code [0x00000289610d8940, 0x00000289610d8b78]
Event: 3.606 Thread 0x000002897740d110 2038       3       jdk.internal.org.objectweb.asm.MethodVisitor::visitVarInsn (17 bytes)
Event: 3.606 Thread 0x000002897740d110 nmethod 2038 0x00000289610d8c90 code [0x00000289610d8e40, 0x00000289610d9048]
Event: 3.608 Thread 0x000002897740d110 2039       3       com.sun.javafx.scene.NodeHelper::getHelper (59 bytes)
Event: 3.608 Thread 0x000002897740d110 nmethod 2039 0x00000289610d9110 code [0x00000289610d9300, 0x00000289610d98d8]
Event: 3.608 Thread 0x000002897740d110 2041       3       java.util.regex.Pattern$$Lambda$51/0x0000000100097ba8::is (5 bytes)
Event: 3.608 Thread 0x000002897740d110 nmethod 2041 0x00000289610d9a90 code [0x00000289610d9c40, 0x00000289610d9eb8]
Event: 3.609 Thread 0x000002897740d110 2040       3       javafx.scene.Node$1::getHelper (5 bytes)
Event: 3.609 Thread 0x000002897740d110 nmethod 2040 0x00000289610d9f90 code [0x00000289610da120, 0x00000289610da238]
Event: 3.768 Thread 0x000002897740d110 2042       3       java.util.concurrent.atomic.AtomicBoolean::get (13 bytes)
Event: 3.769 Thread 0x000002897740d110 nmethod 2042 0x00000289610da310 code [0x00000289610da4a0, 0x00000289610da618]
Event: 3.785 Thread 0x00000289774090e0 2043       4       java.io.BufferedInputStream::read1 (108 bytes)
Event: 3.796 Thread 0x00000289774090e0 nmethod 2043 0x000002896830ab90 code [0x000002896830ad40, 0x000002896830b538]

GC Heap History (10 events):
Event: 0.837 GC heap before
{Heap before GC invocations=0 (full 0):
 garbage-first heap   total 131072K, used 13312K [0x0000000081000000, 0x0000000100000000)
  region size 1024K, 13 young (13312K), 0 survivors (0K)
 Metaspace       used 9265K, committed 9472K, reserved 1064960K
  class space    used 870K, committed 960K, reserved 1048576K
}
Event: 0.840 GC heap after
{Heap after GC invocations=1 (full 0):
 garbage-first heap   total 131072K, used 1632K [0x0000000081000000, 0x0000000100000000)
  region size 1024K, 2 young (2048K), 2 survivors (2048K)
 Metaspace       used 9265K, committed 9472K, reserved 1064960K
  class space    used 870K, committed 960K, reserved 1048576K
}
Event: 1.419 GC heap before
{Heap before GC invocations=1 (full 0):
 garbage-first heap   total 131072K, used 19040K [0x0000000081000000, 0x0000000100000000)
  region size 1024K, 20 young (20480K), 2 survivors (2048K)
 Metaspace       used 16017K, committed 16192K, reserved 1064960K
  class space    used 1758K, committed 1856K, reserved 1048576K
}
Event: 1.425 GC heap after
{Heap after GC invocations=2 (full 0):
 garbage-first heap   total 131072K, used 6024K [0x0000000081000000, 0x0000000100000000)
  region size 1024K, 3 young (3072K), 3 survivors (3072K)
 Metaspace       used 16017K, committed 16192K, reserved 1064960K
  class space    used 1758K, committed 1856K, reserved 1048576K
}
Event: 2.194 GC heap before
{Heap before GC invocations=2 (full 0):
 garbage-first heap   total 131072K, used 18312K [0x0000000081000000, 0x0000000100000000)
  region size 1024K, 17 young (17408K), 3 survivors (3072K)
 Metaspace       used 21291K, committed 21504K, reserved 1073152K
  class space    used 2382K, committed 2496K, reserved 1048576K
}
Event: 2.201 GC heap after
{Heap after GC invocations=3 (full 0):
 garbage-first heap   total 131072K, used 7820K [0x0000000081000000, 0x0000000100000000)
  region size 1024K, 3 young (3072K), 3 survivors (3072K)
 Metaspace       used 21291K, committed 21504K, reserved 1073152K
  class space    used 2382K, committed 2496K, reserved 1048576K
}
Event: 3.020 GC heap before
{Heap before GC invocations=4 (full 0):
 garbage-first heap   total 34816K, used 14988K [0x0000000081000000, 0x0000000100000000)
  region size 1024K, 11 young (11264K), 3 survivors (3072K)
 Metaspace       used 26249K, committed 26432K, reserved 1073152K
  class space    used 2918K, committed 3008K, reserved 1048576K
}
Event: 3.025 GC heap after
{Heap after GC invocations=5 (full 0):
 garbage-first heap   total 34816K, used 9190K [0x0000000081000000, 0x0000000100000000)
  region size 1024K, 2 young (2048K), 2 survivors (2048K)
 Metaspace       used 26249K, committed 26432K, reserved 1073152K
  class space    used 2918K, committed 3008K, reserved 1048576K
}
Event: 3.944 GC heap before
{Heap before GC invocations=5 (full 0):
 garbage-first heap   total 101376K, used 82918K [0x0000000081000000, 0x0000000100000000)
  region size 1024K, 3 young (3072K), 2 survivors (2048K)
 Metaspace       used 26337K, committed 26496K, reserved 1073152K
  class space    used 2929K, committed 3008K, reserved 1048576K
}
Event: 3.948 GC heap after
{Heap after GC invocations=6 (full 0):
 garbage-first heap   total 101376K, used 82891K [0x0000000081000000, 0x0000000100000000)
  region size 1024K, 1 young (1024K), 1 survivors (1024K)
 Metaspace       used 26337K, committed 26496K, reserved 1073152K
  class space    used 2929K, committed 3008K, reserved 1048576K
}

Deoptimization events (20 events):
Event: 2.624 Thread 0x0000028977a722f0 DEOPT PACKING pc=0x00000289682f008c sp=0x000000e9da1fc490
Event: 2.624 Thread 0x0000028977a722f0 DEOPT UNPACKING pc=0x00000289607c23a3 sp=0x000000e9da1fc4b0 mode 2
Event: 2.624 Thread 0x0000028977a722f0 Uncommon trap: trap_request=0xffffffc6 fr.pc=0x00000289682f008c relative=0x0000000000000cac
Event: 2.624 Thread 0x0000028977a722f0 Uncommon trap: reason=bimorphic_or_optimized_type_check action=maybe_recompile pc=0x00000289682f008c method=java.util.regex.Pattern$Branch.match(Ljava/util/regex/Matcher;ILjava/lang/CharSequence;)Z @ 50 c2
Event: 2.624 Thread 0x0000028977a722f0 DEOPT PACKING pc=0x00000289682f008c sp=0x000000e9da1fc1e0
Event: 2.624 Thread 0x0000028977a722f0 DEOPT UNPACKING pc=0x00000289607c23a3 sp=0x000000e9da1fc200 mode 2
Event: 2.626 Thread 0x0000028977a722f0 Uncommon trap: trap_request=0xffffffde fr.pc=0x00000289682f66dc relative=0x0000000000000f9c
Event: 2.626 Thread 0x0000028977a722f0 Uncommon trap: reason=class_check action=maybe_recompile pc=0x00000289682f66dc method=java.util.regex.Pattern$Start.match(Ljava/util/regex/Matcher;ILjava/lang/CharSequence;)Z @ 44 c2
Event: 2.626 Thread 0x0000028977a722f0 DEOPT PACKING pc=0x00000289682f66dc sp=0x000000e9da1fcba0
Event: 2.626 Thread 0x0000028977a722f0 DEOPT UNPACKING pc=0x00000289607c23a3 sp=0x000000e9da1fcb90 mode 2
Event: 2.626 Thread 0x0000028977a722f0 Uncommon trap: trap_request=0xffffffde fr.pc=0x00000289682f66dc relative=0x0000000000000f9c
Event: 2.626 Thread 0x0000028977a722f0 Uncommon trap: reason=class_check action=maybe_recompile pc=0x00000289682f66dc method=java.util.regex.Pattern$Start.match(Ljava/util/regex/Matcher;ILjava/lang/CharSequence;)Z @ 44 c2
Event: 2.626 Thread 0x0000028977a722f0 DEOPT PACKING pc=0x00000289682f66dc sp=0x000000e9da1fcba0
Event: 2.626 Thread 0x0000028977a722f0 DEOPT UNPACKING pc=0x00000289607c23a3 sp=0x000000e9da1fcb90 mode 2
Event: 2.626 Thread 0x0000028977a722f0 Uncommon trap: trap_request=0xffffffde fr.pc=0x00000289682f66dc relative=0x0000000000000f9c
Event: 2.626 Thread 0x0000028977a722f0 Uncommon trap: reason=class_check action=maybe_recompile pc=0x00000289682f66dc method=java.util.regex.Pattern$Start.match(Ljava/util/regex/Matcher;ILjava/lang/CharSequence;)Z @ 44 c2
Event: 2.626 Thread 0x0000028977a722f0 DEOPT PACKING pc=0x00000289682f66dc sp=0x000000e9da1fcba0
Event: 2.626 Thread 0x0000028977a722f0 DEOPT UNPACKING pc=0x00000289607c23a3 sp=0x000000e9da1fcb90 mode 2
Event: 2.670 Thread 0x0000028977a722f0 DEOPT PACKING pc=0x0000028960f3f1e5 sp=0x000000e9da1f9730
Event: 2.670 Thread 0x0000028977a722f0 DEOPT UNPACKING pc=0x00000289607c2b43 sp=0x000000e9da1f8b80 mode 0

Classes unloaded (0 events):
No events

Classes redefined (0 events):
No events

Internal exceptions (20 events):
Event: 0.861 Thread 0x0000028977a722f0 Exception <a 'java/lang/NoSuchMethodError'{0x0000000088eaba10}: 'void java.lang.invoke.DirectMethodHandle$Holder.invokeStaticInit(java.lang.Object)'> (0x0000000088eaba10) 
thrown [s\src\hotspot\share\interpreter\linkResolver.cpp, line 759]
Event: 0.865 Thread 0x000002895d09ddd0 Exception <a 'java/lang/NoSuchMethodError'{0x0000000088ec33d8}: 'java.lang.Object java.lang.invoke.DirectMethodHandle$Holder.newInvokeSpecial(java.lang.Object, java.lang.Object, java.lang.Object, java.lang.Object, java.lang.Object, java.lang.Object)'> (0x0000000088ec33d8) 
thrown [s\src\hotspot\share\interpreter\linkResolver.cpp, line 759]
Event: 0.874 Thread 0x000002895d09ddd0 Exception <a 'java/lang/NoSuchMethodError'{0x0000000088ef3900}: 'java.lang.Object java.lang.invoke.DirectMethodHandle$Holder.newInvokeSpecial(java.lang.Object, java.lang.Object, java.lang.Object, java.lang.Object, java.lang.Object)'> (0x0000000088ef3900) 
thrown [s\src\hotspot\share\interpreter\linkResolver.cpp, line 759]
Event: 0.876 Thread 0x00000289775ed6f0 Exception <a 'java/lang/NoSuchMethodError'{0x0000000088d62160}: 'void java.lang.invoke.DirectMethodHandle$Holder.invokeStatic(java.lang.Object, java.lang.Object, java.lang.Object, java.lang.Object)'> (0x0000000088d62160) 
thrown [s\src\hotspot\share\interpreter\linkResolver.cpp, line 759]
Event: 1.159 Thread 0x0000028977a722f0 Exception <a 'java/lang/NoSuchMethodError'{0x00000000886a4bf0}: 'java.lang.Object java.lang.invoke.DirectMethodHandle$Holder.invokeStaticInit(java.lang.Object, java.lang.Object, java.lang.Object, java.lang.Object)'> (0x00000000886a4bf0) 
thrown [s\src\hotspot\share\interpreter\linkResolver.cpp, line 759]
Event: 1.161 Thread 0x0000028977a722f0 Exception <a 'java/lang/NullPointerException'{0x00000000886b0ab8}> (0x00000000886b0ab8) 
thrown [s\src\hotspot\share\interpreter\linkResolver.cpp, line 1350]
Event: 1.285 Thread 0x0000028977a722f0 Exception <a 'java/lang/ClassNotFoundException'{0x0000000088089fe0}: com/sun/glass/ui/win/themes> (0x0000000088089fe0) 
thrown [s\src\hotspot\share\prims\jni.cpp, line 535]
Event: 1.287 Thread 0x0000028977a722f0 Exception <a 'java/lang/ClassNotFoundException'{0x0000000088096350}: com/sun/glass/ui/win/themes_en> (0x0000000088096350) 
thrown [s\src\hotspot\share\prims\jni.cpp, line 535]
Event: 1.288 Thread 0x0000028977a722f0 Exception <a 'java/lang/ClassNotFoundException'{0x000000008809e398}: com/sun/glass/ui/win/themes_en_US> (0x000000008809e398) 
thrown [s\src\hotspot\share\prims\jni.cpp, line 535]
Event: 1.455 Thread 0x0000028977a722f0 Exception <a 'java/lang/NoSuchMethodError'{0x0000000088e21c58}: 'void java.lang.invoke.DirectMethodHandle$Holder.invokeStaticInit(java.lang.Object, java.lang.Object)'> (0x0000000088e21c58) 
thrown [s\src\hotspot\share\interpreter\linkResolver.cpp, line 759]
Event: 1.463 Thread 0x0000028977a722f0 Exception <a 'java/lang/NoSuchMethodError'{0x0000000088e98248}: 'void java.lang.invoke.DirectMethodHandle$Holder.invokeSpecial(java.lang.Object, java.lang.Object, java.lang.Object, java.lang.Object, java.lang.Object)'> (0x0000000088e98248) 
thrown [s\src\hotspot\share\interpreter\linkResolver.cpp, line 759]
Event: 1.831 Thread 0x0000028977a722f0 Exception <a 'java/lang/NoSuchMethodError'{0x00000000887351b0}: 'java.lang.Object java.lang.invoke.DirectMethodHandle$Holder.invokeInterface(java.lang.Object, java.lang.Object)'> (0x00000000887351b0) 
thrown [s\src\hotspot\share\interpreter\linkResolver.cpp, line 759]
Event: 2.037 Thread 0x0000028977a722f0 Exception <a 'java/lang/reflect/InvocationTargetException'{0x000000008830bd18}> (0x000000008830bd18) 
thrown [s\src\hotspot\share\runtime\reflection.cpp, line 1121]
Event: 2.044 Thread 0x0000028977a722f0 Exception <a 'java/lang/NoSuchMethodError'{0x00000000883142c0}: 'java.lang.Object java.lang.invoke.DirectMethodHandle$Holder.invokeStaticInit(java.lang.Object, int, int, int, int)'> (0x00000000883142c0) 
thrown [s\src\hotspot\share\interpreter\linkResolver.cpp, line 759]
Event: 2.177 Thread 0x0000028977a722f0 Exception <a 'java/lang/NoSuchMethodError'{0x00000000883d15c8}: 'java.lang.Object java.lang.invoke.DirectMethodHandle$Holder.invokeStaticInit(java.lang.Object, java.lang.Object, int, int, int, int)'> (0x00000000883d15c8) 
thrown [s\src\hotspot\share\interpreter\linkResolver.cpp, line 759]
Event: 2.225 Thread 0x0000028977a722f0 Exception <a 'sun/nio/fs/WindowsException'{0x0000000088f46138}> (0x0000000088f46138) 
thrown [s\src\hotspot\share\prims\jni.cpp, line 516]
Event: 2.241 Thread 0x0000028977a722f0 Exception <a 'java/lang/NoSuchMethodError'{0x0000000088f89590}: 'int java.lang.invoke.DirectMethodHandle$Holder.invokeStaticInit(java.lang.Object, java.lang.Object, java.lang.Object, java.lang.Object)'> (0x0000000088f89590) 
thrown [s\src\hotspot\share\interpreter\linkResolver.cpp, line 759]
Event: 2.242 Thread 0x0000028977a722f0 Exception <a 'java/lang/IncompatibleClassChangeError'{0x0000000088f92998}: Found class java.lang.Object, but interface was expected> (0x0000000088f92998) 
thrown [s\src\hotspot\share\interpreter\linkResolver.cpp, line 826]
Event: 2.243 Thread 0x0000028977a722f0 Exception <a 'java/lang/NoSuchMethodError'{0x0000000088f97f20}: 'int java.lang.invoke.DirectMethodHandle$Holder.invokeStaticInit(java.lang.Object, java.lang.Object)'> (0x0000000088f97f20) 
thrown [s\src\hotspot\share\interpreter\linkResolver.cpp, line 759]
Event: 2.634 Thread 0x0000028977a722f0 Exception <a 'java/lang/ClassNotFoundException'{0x0000000082948f68}: sun/util/logging/resources/spi/loggingProvider> (0x0000000082948f68) 
thrown [s\src\hotspot\share\classfile\systemDictionary.cpp, line 256]

VM Operations (20 events):
Event: 2.194 Executing VM operation: CollectForMetadataAllocation
Event: 2.201 Executing VM operation: CollectForMetadataAllocation done
Event: 2.211 Executing VM operation: G1Concurrent
Event: 2.213 Executing VM operation: G1Concurrent done
Event: 2.218 Executing VM operation: G1Concurrent
Event: 2.218 Executing VM operation: G1Concurrent done
Event: 2.227 Executing VM operation: HandshakeAllThreads
Event: 2.227 Executing VM operation: HandshakeAllThreads done
Event: 2.235 Executing VM operation: HandshakeAllThreads
Event: 2.235 Executing VM operation: HandshakeAllThreads done
Event: 2.309 Executing VM operation: HandshakeAllThreads
Event: 2.309 Executing VM operation: HandshakeAllThreads done
Event: 2.371 Executing VM operation: HandshakeAllThreads
Event: 2.372 Executing VM operation: HandshakeAllThreads done
Event: 2.381 Executing VM operation: HandshakeAllThreads
Event: 2.381 Executing VM operation: HandshakeAllThreads done
Event: 3.019 Executing VM operation: G1TryInitiateConcMark
Event: 3.025 Executing VM operation: G1TryInitiateConcMark done
Event: 3.944 Executing VM operation: G1TryInitiateConcMark
Event: 3.948 Executing VM operation: G1TryInitiateConcMark done

Events (20 events):
Event: 2.634 loading class java/util/ResourceBundle$3 done
Event: 2.634 loading class sun/util/logging/resources/logging
Event: 2.634 loading class sun/util/logging/resources/logging done
Event: 2.634 loading class sun/util/logging/resources/logging_en
Event: 2.634 loading class sun/util/logging/resources/logging_en done
Event: 2.634 loading class sun/util/logging/resources/logging_en
Event: 2.634 loading class sun/util/logging/resources/logging_en done
Event: 2.635 loading class sun/util/logging/resources/logging_en_US
Event: 2.635 loading class sun/util/logging/resources/logging_en_US done
Event: 2.635 loading class sun/util/logging/resources/logging_en_US
Event: 2.635 loading class sun/util/logging/resources/logging_en_US done
Event: 2.684 loading class java/time/OffsetTime
Event: 2.684 loading class java/time/OffsetTime done
Event: 2.685 loading class java/time/OffsetDateTime
Event: 2.685 loading class java/time/OffsetDateTime done
Event: 2.694 loading class java/math/MathContext
Event: 2.694 loading class java/math/MathContext done
Event: 2.742 Loaded shared library C:\Users\hieuc\Downloads\Save\javafx-sdk-19\bin\javafx_iio.dll
Event: 3.059 Thread 0x0000028977cd49e0 Thread exited: 0x0000028977cd49e0
Event: 3.590 Thread 0x000002897b6eeae0 Thread added: 0x000002897b6eeae0


Dynamic libraries:
0x00007ff728460000 - 0x00007ff72846e000 	C:\Users\hieuc\.p2\pool\plugins\org.eclipse.justj.openjdk.hotspot.jre.full.win32.x86_64_17.0.4.v20221004-1257\jre\bin\javaw.exe
0x00007fffc2350000 - 0x00007fffc2548000 	C:\WINDOWS\SYSTEM32\ntdll.dll
0x00007fffc1a70000 - 0x00007fffc1b2f000 	C:\WINDOWS\System32\KERNEL32.DLL
0x00007fffbfa40000 - 0x00007fffbfd12000 	C:\WINDOWS\System32\KERNELBASE.dll
0x00007fffbfdc0000 - 0x00007fffbfec0000 	C:\WINDOWS\System32\ucrtbase.dll
0x00007fffbcbe0000 - 0x00007fffbcbf8000 	C:\Users\hieuc\.p2\pool\plugins\org.eclipse.justj.openjdk.hotspot.jre.full.win32.x86_64_17.0.4.v20221004-1257\jre\bin\jli.dll
0x00007fffc18c0000 - 0x00007fffc1a61000 	C:\WINDOWS\System32\USER32.dll
0x00007fffbff50000 - 0x00007fffbff72000 	C:\WINDOWS\System32\win32u.dll
0x00007fffc1350000 - 0x00007fffc137b000 	C:\WINDOWS\System32\GDI32.dll
0x00007fffc01e0000 - 0x00007fffc02ef000 	C:\WINDOWS\System32\gdi32full.dll
0x00007fffc02f0000 - 0x00007fffc038d000 	C:\WINDOWS\System32\msvcp_win.dll
0x00007fffbce10000 - 0x00007fffbce29000 	C:\Users\hieuc\.p2\pool\plugins\org.eclipse.justj.openjdk.hotspot.jre.full.win32.x86_64_17.0.4.v20221004-1257\jre\bin\VCRUNTIME140.dll
0x00007fffabf10000 - 0x00007fffac1aa000 	C:\WINDOWS\WinSxS\amd64_microsoft.windows.common-controls_6595b64144ccf1df_6.0.19041.1110_none_60b5254171f9507e\COMCTL32.dll
0x00007fffc17c0000 - 0x00007fffc185e000 	C:\WINDOWS\System32\msvcrt.dll
0x00007fffc2230000 - 0x00007fffc2262000 	C:\WINDOWS\System32\IMM32.DLL
0x00007fffbd5a0000 - 0x00007fffbd5ac000 	C:\Users\hieuc\.p2\pool\plugins\org.eclipse.justj.openjdk.hotspot.jre.full.win32.x86_64_17.0.4.v20221004-1257\jre\bin\vcruntime140_1.dll
0x00007fff9b2a0000 - 0x00007fff9b331000 	C:\Users\hieuc\.p2\pool\plugins\org.eclipse.justj.openjdk.hotspot.jre.full.win32.x86_64_17.0.4.v20221004-1257\jre\bin\msvcp140.dll
0x00007fff7ad60000 - 0x00007fff7b9a6000 	C:\Users\hieuc\.p2\pool\plugins\org.eclipse.justj.openjdk.hotspot.jre.full.win32.x86_64_17.0.4.v20221004-1257\jre\bin\server\jvm.dll
0x00007fffc1180000 - 0x00007fffc122e000 	C:\WINDOWS\System32\ADVAPI32.dll
0x00007fffc2270000 - 0x00007fffc230c000 	C:\WINDOWS\System32\sechost.dll
0x00007fffc0440000 - 0x00007fffc0565000 	C:\WINDOWS\System32\RPCRT4.dll
0x00007fffc0410000 - 0x00007fffc0418000 	C:\WINDOWS\System32\PSAPI.DLL
0x00007fffa1490000 - 0x00007fffa1499000 	C:\WINDOWS\SYSTEM32\WSOCK32.dll
0x00007fffc16e0000 - 0x00007fffc174b000 	C:\WINDOWS\System32\WS2_32.dll
0x00007fffb3950000 - 0x00007fffb3977000 	C:\WINDOWS\SYSTEM32\WINMM.dll
0x00007fffb3940000 - 0x00007fffb394a000 	C:\WINDOWS\SYSTEM32\VERSION.dll
0x00007fffbd7b0000 - 0x00007fffbd7c2000 	C:\WINDOWS\SYSTEM32\kernel.appcore.dll
0x00007fff9dea0000 - 0x00007fff9deaa000 	C:\Users\hieuc\.p2\pool\plugins\org.eclipse.justj.openjdk.hotspot.jre.full.win32.x86_64_17.0.4.v20221004-1257\jre\bin\jimage.dll
0x00007fffacff0000 - 0x00007fffad1d4000 	C:\WINDOWS\SYSTEM32\DBGHELP.DLL
0x00007ffface60000 - 0x00007ffface95000 	C:\WINDOWS\SYSTEM32\dbgcore.DLL
0x00007fffbfec0000 - 0x00007fffbff42000 	C:\WINDOWS\System32\bcryptPrimitives.dll
0x00007fff7d380000 - 0x00007fff7d3a5000 	C:\Users\hieuc\.p2\pool\plugins\org.eclipse.justj.openjdk.hotspot.jre.full.win32.x86_64_17.0.4.v20221004-1257\jre\bin\java.dll
0x00007fff90040000 - 0x00007fff90058000 	C:\Users\hieuc\.p2\pool\plugins\org.eclipse.justj.openjdk.hotspot.jre.full.win32.x86_64_17.0.4.v20221004-1257\jre\bin\zip.dll
0x00007fffc0850000 - 0x00007fffc0f94000 	C:\WINDOWS\System32\SHELL32.dll
0x00007fffbdac0000 - 0x00007fffbe252000 	C:\WINDOWS\SYSTEM32\windows.storage.dll
0x00007fffc1380000 - 0x00007fffc16d5000 	C:\WINDOWS\System32\combase.dll
0x00007fffbf2e0000 - 0x00007fffbf310000 	C:\WINDOWS\SYSTEM32\Wldp.dll
0x00007fffc1b30000 - 0x00007fffc1bdd000 	C:\WINDOWS\System32\SHCORE.dll
0x00007fffc1760000 - 0x00007fffc17b5000 	C:\WINDOWS\System32\shlwapi.dll
0x00007fffbf980000 - 0x00007fffbf99f000 	C:\WINDOWS\SYSTEM32\profapi.dll
0x00007fff8f6c0000 - 0x00007fff8f6d9000 	C:\Users\hieuc\.p2\pool\plugins\org.eclipse.justj.openjdk.hotspot.jre.full.win32.x86_64_17.0.4.v20221004-1257\jre\bin\net.dll
0x00007fffb8ec0000 - 0x00007fffb8fcc000 	C:\WINDOWS\SYSTEM32\WINHTTP.dll
0x00007fffbf0c0000 - 0x00007fffbf12a000 	C:\WINDOWS\system32\mswsock.dll
0x00007fff8a770000 - 0x00007fff8a785000 	C:\Users\hieuc\.p2\pool\plugins\org.eclipse.justj.openjdk.hotspot.jre.full.win32.x86_64_17.0.4.v20221004-1257\jre\bin\nio.dll
0x000002895cfd0000 - 0x000002895cfd3000 	C:\Users\hieuc\Downloads\Save\javafx-sdk-19\bin\api-ms-win-core-console-l1-1-0.dll
0x000002895cfe0000 - 0x000002895cfe3000 	C:\Users\hieuc\Downloads\Save\javafx-sdk-19\bin\api-ms-win-core-console-l1-2-0.dll
0x000002895cff0000 - 0x000002895cff3000 	C:\Users\hieuc\Downloads\Save\javafx-sdk-19\bin\api-ms-win-core-datetime-l1-1-0.dll
0x000002895d000000 - 0x000002895d003000 	C:\Users\hieuc\Downloads\Save\javafx-sdk-19\bin\api-ms-win-core-debug-l1-1-0.dll
0x000002895d010000 - 0x000002895d013000 	C:\Users\hieuc\Downloads\Save\javafx-sdk-19\bin\api-ms-win-core-errorhandling-l1-1-0.dll
0x000002895d020000 - 0x000002895d024000 	C:\Users\hieuc\Downloads\Save\javafx-sdk-19\bin\api-ms-win-core-file-l1-1-0.dll
0x000002895d030000 - 0x000002895d033000 	C:\Users\hieuc\Downloads\Save\javafx-sdk-19\bin\api-ms-win-core-file-l1-2-0.dll
0x000002895d040000 - 0x000002895d043000 	C:\Users\hieuc\Downloads\Save\javafx-sdk-19\bin\api-ms-win-core-file-l2-1-0.dll
0x000002895d050000 - 0x000002895d053000 	C:\Users\hieuc\Downloads\Save\javafx-sdk-19\bin\api-ms-win-core-handle-l1-1-0.dll
0x000002895d060000 - 0x000002895d063000 	C:\Users\hieuc\Downloads\Save\javafx-sdk-19\bin\api-ms-win-core-heap-l1-1-0.dll
0x000002895d070000 - 0x000002895d073000 	C:\Users\hieuc\Downloads\Save\javafx-sdk-19\bin\api-ms-win-core-interlocked-l1-1-0.dll
0x0000028976920000 - 0x0000028976923000 	C:\Users\hieuc\Downloads\Save\javafx-sdk-19\bin\api-ms-win-core-libraryloader-l1-1-0.dll
0x0000028976930000 - 0x0000028976933000 	C:\Users\hieuc\Downloads\Save\javafx-sdk-19\bin\api-ms-win-core-localization-l1-2-0.dll
0x0000028976940000 - 0x0000028976943000 	C:\Users\hieuc\Downloads\Save\javafx-sdk-19\bin\api-ms-win-core-memory-l1-1-0.dll
0x0000028976950000 - 0x0000028976953000 	C:\Users\hieuc\Downloads\Save\javafx-sdk-19\bin\api-ms-win-core-namedpipe-l1-1-0.dll
0x0000028976960000 - 0x0000028976963000 	C:\Users\hieuc\Downloads\Save\javafx-sdk-19\bin\api-ms-win-core-processenvironment-l1-1-0.dll
0x0000028976970000 - 0x0000028976973000 	C:\Users\hieuc\Downloads\Save\javafx-sdk-19\bin\api-ms-win-core-processthreads-l1-1-0.dll
0x0000028976980000 - 0x0000028976983000 	C:\Users\hieuc\Downloads\Save\javafx-sdk-19\bin\api-ms-win-core-processthreads-l1-1-1.dll
0x0000028976990000 - 0x0000028976993000 	C:\Users\hieuc\Downloads\Save\javafx-sdk-19\bin\api-ms-win-core-profile-l1-1-0.dll
0x00000289769a0000 - 0x00000289769a3000 	C:\Users\hieuc\Downloads\Save\javafx-sdk-19\bin\api-ms-win-core-rtlsupport-l1-1-0.dll
0x00000289769b0000 - 0x00000289769b3000 	C:\Users\hieuc\Downloads\Save\javafx-sdk-19\bin\api-ms-win-core-string-l1-1-0.dll
0x00000289769c0000 - 0x00000289769c3000 	C:\Users\hieuc\Downloads\Save\javafx-sdk-19\bin\api-ms-win-core-synch-l1-1-0.dll
0x00000289769d0000 - 0x00000289769d3000 	C:\Users\hieuc\Downloads\Save\javafx-sdk-19\bin\api-ms-win-core-synch-l1-2-0.dll
0x00000289769e0000 - 0x00000289769e3000 	C:\Users\hieuc\Downloads\Save\javafx-sdk-19\bin\api-ms-win-core-sysinfo-l1-1-0.dll
0x00000289769f0000 - 0x00000289769f3000 	C:\Users\hieuc\Downloads\Save\javafx-sdk-19\bin\api-ms-win-core-timezone-l1-1-0.dll
0x0000028976a00000 - 0x0000028976a03000 	C:\Users\hieuc\Downloads\Save\javafx-sdk-19\bin\api-ms-win-core-util-l1-1-0.dll
0x0000028976a10000 - 0x0000028976a13000 	C:\Users\hieuc\Downloads\Save\javafx-sdk-19\bin\api-ms-win-crt-conio-l1-1-0.dll
0x0000028976a20000 - 0x0000028976a24000 	C:\Users\hieuc\Downloads\Save\javafx-sdk-19\bin\api-ms-win-crt-convert-l1-1-0.dll
0x0000028976a30000 - 0x0000028976a33000 	C:\Users\hieuc\Downloads\Save\javafx-sdk-19\bin\api-ms-win-crt-environment-l1-1-0.dll
0x0000028976a40000 - 0x0000028976a43000 	C:\Users\hieuc\Downloads\Save\javafx-sdk-19\bin\api-ms-win-crt-filesystem-l1-1-0.dll
0x0000028976a50000 - 0x0000028976a53000 	C:\Users\hieuc\Downloads\Save\javafx-sdk-19\bin\api-ms-win-crt-heap-l1-1-0.dll
0x0000028976a60000 - 0x0000028976a63000 	C:\Users\hieuc\Downloads\Save\javafx-sdk-19\bin\api-ms-win-crt-locale-l1-1-0.dll
0x0000028976a70000 - 0x0000028976a75000 	C:\Users\hieuc\Downloads\Save\javafx-sdk-19\bin\api-ms-win-crt-math-l1-1-0.dll
0x0000028976a80000 - 0x0000028976a85000 	C:\Users\hieuc\Downloads\Save\javafx-sdk-19\bin\api-ms-win-crt-multibyte-l1-1-0.dll
0x0000028976a90000 - 0x0000028976aa0000 	C:\Users\hieuc\Downloads\Save\javafx-sdk-19\bin\api-ms-win-crt-private-l1-1-0.dll
0x0000028976aa0000 - 0x0000028976aa3000 	C:\Users\hieuc\Downloads\Save\javafx-sdk-19\bin\api-ms-win-crt-process-l1-1-0.dll
0x0000028976ab0000 - 0x0000028976ab4000 	C:\Users\hieuc\Downloads\Save\javafx-sdk-19\bin\api-ms-win-crt-runtime-l1-1-0.dll
0x0000028976ac0000 - 0x0000028976ac4000 	C:\Users\hieuc\Downloads\Save\javafx-sdk-19\bin\api-ms-win-crt-stdio-l1-1-0.dll
0x0000028976ad0000 - 0x0000028976ad4000 	C:\Users\hieuc\Downloads\Save\javafx-sdk-19\bin\api-ms-win-crt-string-l1-1-0.dll
0x0000028976ae0000 - 0x0000028976ae3000 	C:\Users\hieuc\Downloads\Save\javafx-sdk-19\bin\api-ms-win-crt-time-l1-1-0.dll
0x0000028976af0000 - 0x0000028976af3000 	C:\Users\hieuc\Downloads\Save\javafx-sdk-19\bin\api-ms-win-crt-utility-l1-1-0.dll
0x00007fff98e10000 - 0x00007fff98f0c000 	C:\Users\hieuc\Downloads\Save\javafx-sdk-19\bin\ucrtbase.dll
0x00007fffb2c90000 - 0x00007fffb2cab000 	C:\Users\hieuc\Downloads\Save\javafx-sdk-19\bin\vcruntime140.dll
0x00007fffbcbb0000 - 0x00007fffbcbbc000 	C:\Users\hieuc\Downloads\Save\javafx-sdk-19\bin\vcruntime140_1.dll
0x00007fff98d80000 - 0x00007fff98e0e000 	C:\Users\hieuc\Downloads\Save\javafx-sdk-19\bin\msvcp140.dll
0x00007fffb9e20000 - 0x00007fffb9e29000 	C:\Users\hieuc\Downloads\Save\javafx-sdk-19\bin\msvcp140_1.dll
0x00007fffb0280000 - 0x00007fffb02b0000 	C:\Users\hieuc\Downloads\Save\javafx-sdk-19\bin\msvcp140_2.dll
0x00007fffa2e00000 - 0x00007fffa2e2c000 	C:\Users\hieuc\Downloads\Save\javafx-sdk-19\bin\prism_d3d.dll
0x00007fff886f0000 - 0x00007fff888be000 	C:\WINDOWS\system32\d3d9.dll
0x00007fffbd7d0000 - 0x00007fffbd7ff000 	C:\WINDOWS\SYSTEM32\dwmapi.dll
0x00007fffbd410000 - 0x00007fffbd4ae000 	C:\WINDOWS\system32\uxtheme.dll
0x00007fffb6e10000 - 0x00007fffb6f74000 	C:\WINDOWS\SYSTEM32\aticfx64.dll
0x00007fff9ce20000 - 0x00007fff9ce41000 	C:\WINDOWS\SYSTEM32\atiu9p64.dll
0x00007fff87e90000 - 0x00007fff886e9000 	C:\WINDOWS\SYSTEM32\atiumd64.dll
0x000000006dd60000 - 0x000000006e5e8000 	C:\WINDOWS\SYSTEM32\atiumd6a.dll
0x00007fffbf8b0000 - 0x00007fffbf8fb000 	C:\WINDOWS\SYSTEM32\POWRPROF.dll
0x00007fffbf890000 - 0x00007fffbf8a2000 	C:\WINDOWS\SYSTEM32\UMPDC.dll
0x00007fff9ffe0000 - 0x00007fffa0022000 	C:\Users\hieuc\Downloads\Save\javafx-sdk-19\bin\glass.dll
0x00007fffc1be0000 - 0x00007fffc1cba000 	C:\WINDOWS\System32\COMDLG32.dll
0x00007fffc1050000 - 0x00007fffc117a000 	C:\WINDOWS\System32\ole32.dll
0x00007fffc0780000 - 0x00007fffc084d000 	C:\WINDOWS\System32\OLEAUT32.dll
0x00007fffc1230000 - 0x00007fffc1345000 	C:\WINDOWS\System32\MSCTF.dll
0x00007fffb0260000 - 0x00007fffb0274000 	C:\Users\hieuc\Downloads\Save\javafx-sdk-19\bin\javafx_font.dll
0x00007fffa2550000 - 0x00007fffa27cf000 	C:\WINDOWS\SYSTEM32\dwrite.dll
0x00007fff79580000 - 0x00007fff79597000 	C:\WINDOWS\system32\napinsp.dll
0x00007fff79560000 - 0x00007fff7957b000 	C:\WINDOWS\system32\pnrpnsp.dll
0x00007fffbaf40000 - 0x00007fffbaf55000 	C:\WINDOWS\system32\wshbth.dll
0x00007fffbb440000 - 0x00007fffbb45d000 	C:\WINDOWS\system32\NLAapi.dll
0x00007fffbedd0000 - 0x00007fffbee0b000 	C:\WINDOWS\SYSTEM32\IPHLPAPI.DLL
0x00007fffbee60000 - 0x00007fffbef2a000 	C:\WINDOWS\SYSTEM32\DNSAPI.dll
0x00007fffc1cc0000 - 0x00007fffc1cc8000 	C:\WINDOWS\System32\NSI.dll
0x00007fff8a340000 - 0x00007fff8a352000 	C:\WINDOWS\System32\winrnr.dll
0x00007fffb12b0000 - 0x00007fffb12ba000 	C:\Windows\System32\rasadhlp.dll
0x00007fffb8160000 - 0x00007fffb81e0000 	C:\WINDOWS\System32\fwpuclnt.dll
0x00007fffbfd90000 - 0x00007fffbfdb7000 	C:\WINDOWS\System32\bcrypt.dll
0x00007fffbf610000 - 0x00007fffbf628000 	C:\WINDOWS\SYSTEM32\CRYPTSP.dll
0x00007fffbea00000 - 0x00007fffbea34000 	C:\WINDOWS\system32\rsaenh.dll
0x00007fffbf940000 - 0x00007fffbf96e000 	C:\WINDOWS\SYSTEM32\USERENV.dll
0x00007fffbf250000 - 0x00007fffbf25c000 	C:\WINDOWS\SYSTEM32\CRYPTBASE.dll
0x00007fffb9a50000 - 0x00007fffb9a67000 	C:\WINDOWS\SYSTEM32\dhcpcsvc6.DLL
0x00007fffb98c0000 - 0x00007fffb98dd000 	C:\WINDOWS\SYSTEM32\dhcpcsvc.DLL
0x00007fffbce30000 - 0x00007fffbce3e000 	C:\Users\hieuc\.p2\pool\plugins\org.eclipse.justj.openjdk.hotspot.jre.full.win32.x86_64_17.0.4.v20221004-1257\jre\bin\sunmscapi.dll
0x00007fffbff80000 - 0x00007fffc00d6000 	C:\WINDOWS\System32\CRYPT32.dll
0x00007fffbf350000 - 0x00007fffbf377000 	C:\WINDOWS\SYSTEM32\ncrypt.dll

dbghelp: loaded successfully - version: 4.0.5 - missing functions: none
symbol engine: initialized successfully - sym options: 0x614 - pdb path: .;C:\Users\hieuc\.p2\pool\plugins\org.eclipse.justj.openjdk.hotspot.jre.full.win32.x86_64_17.0.4.v20221004-1257\jre\bin;C:\WINDOWS\SYSTEM32;C:\WINDOWS\WinSxS\amd64_microsoft.windows.common-controls_6595b64144ccf1df_6.0.19041.1110_none_60b5254171f9507e;C:\Users\hieuc\.p2\pool\plugins\org.eclipse.justj.openjdk.hotspot.jre.full.win32.x86_64_17.0.4.v20221004-1257\jre\bin\server;C:\Users\hieuc\Downloads\Save\javafx-sdk-19\bin

VM Arguments:
jvm_args: --module-path=C:\Users\hieuc\Downloads\Save\javafx-sdk-19\lib --add-modules=javafx.controls,javafx.fxml -Dfile.encoding=UTF-8 -XX:+ShowCodeDetailsInExceptionMessages 
java_command: application.Main
java_class_path (initial): C:\Users\hieuc\Desktop\Class - Project ITSS\Project code\EcoBike\bin;C:\Users\hieuc\Downloads\Save\javafx-sdk-19\lib\javafx.base.jar;C:\Users\hieuc\Downloads\Save\javafx-sdk-19\lib\javafx.controls.jar;C:\Users\hieuc\Downloads\Save\javafx-sdk-19\lib\javafx.fxml.jar;C:\Users\hieuc\Downloads\Save\javafx-sdk-19\lib\javafx.graphics.jar;C:\Users\hieuc\Downloads\Save\javafx-sdk-19\lib\javafx.media.jar;C:\Users\hieuc\Downloads\Save\javafx-sdk-19\lib\javafx.swing.jar;C:\Users\hieuc\Downloads\Save\javafx-sdk-19\lib\javafx.web.jar;C:\Users\hieuc\Downloads\Save\javafx-sdk-19\lib\javafx-swt.jar;C:\Users\hieuc\Downloads\Save\sqljdbc_12.2\enu\mssql-jdbc-12.2.0.jre8.jar
Launcher Type: SUN_STANDARD

[Global flags]
     intx CICompilerCount                          = 3                                         {product} {ergonomic}
     uint ConcGCThreads                            = 1                                         {product} {ergonomic}
     uint G1ConcRefinementThreads                  = 4                                         {product} {ergonomic}
   size_t G1HeapRegionSize                         = 1048576                                   {product} {ergonomic}
    uintx GCDrainStackTargetSize                   = 64                                        {product} {ergonomic}
   size_t InitialHeapSize                          = 134217728                                 {product} {ergonomic}
   size_t MarkStackSize                            = 4194304                                   {product} {ergonomic}
   size_t MaxHeapSize                              = 2130706432                                {product} {ergonomic}
   size_t MaxNewSize                               = 1278214144                                {product} {ergonomic}
   size_t MinHeapDeltaBytes                        = 1048576                                   {product} {ergonomic}
   size_t MinHeapSize                              = 8388608                                   {product} {ergonomic}
    uintx NonNMethodCodeHeapSize                   = 5832780                                {pd product} {ergonomic}
    uintx NonProfiledCodeHeapSize                  = 122912730                              {pd product} {ergonomic}
    uintx ProfiledCodeHeapSize                     = 122912730                              {pd product} {ergonomic}
    uintx ReservedCodeCacheSize                    = 251658240                              {pd product} {ergonomic}
     bool SegmentedCodeCache                       = true                                      {product} {ergonomic}
     bool ShowCodeDetailsInExceptionMessages       = true                                   {manageable} {command line}
   size_t SoftMaxHeapSize                          = 2130706432                             {manageable} {ergonomic}
     bool UseCompressedClassPointers               = true                           {product lp64_product} {ergonomic}
     bool UseCompressedOops                        = true                           {product lp64_product} {ergonomic}
     bool UseG1GC                                  = true                                      {product} {ergonomic}
     bool UseLargePagesIndividualAllocation        = false                                  {pd product} {ergonomic}

Logging:
Log output configuration:
 #0: stdout all=warning uptime,level,tags
 #1: stderr all=off uptime,level,tags

Environment Variables:
PATH=C:/Users/hieuc/.p2/pool/plugins/org.eclipse.justj.openjdk.hotspot.jre.full.win32.x86_64_17.0.4.v20221004-1257/jre/bin/server;C:/Users/hieuc/.p2/pool/plugins/org.eclipse.justj.openjdk.hotspot.jre.full.win32.x86_64_17.0.4.v20221004-1257/jre/bin;C:\WINDOWS\system32;C:\WINDOWS;C:\WINDOWS\System32\Wbem;C:\WINDOWS\System32\WindowsPowerShell\v1.0\;C:\WINDOWS\System32\OpenSSH\;C:\Program Files\Git\cmd;C:\Program Files\nodejs\;C:\Program Files\Docker\Docker\resources\bin;C:\ProgramData\DockerDesktop\version-bin;C:\Program Files\OpenSSL-Win64\bin;C:\Program Files\Go\bin;C:\Program Files\Cloudflare\Cloudflare WARP\;C:\Program Files (x86)\Microsoft SQL Server\160\Tools\Binn\;C:\Program Files\Microsoft SQL Server\160\Tools\Binn\;C:\Program Files\Microsoft SQL Server\Client SDK\ODBC\170\Tools\Binn\;C:\Program Files\Microsoft SQL Server\160\DTS\Binn\;C:\Program Files (x86)\Microsoft SQL Server\160\DTS\Binn\;C:\Program Files\Azure Data Studio\bin;C:\Users\hieuc\AppData\Local\Programs\Python\Python310\Scripts\;C:\Users\hieuc\AppData\Local\Programs\Python\Python310\;C:\Users\hieuc\AppData\Local\Microsoft\WindowsApps;;C:\Users\hieuc\AppData\Local\Programs\Microsoft VS Code\bin;C:\Users\hieuc\AppData\Roaming\npm;C:\Users\hieuc\go\bin;C:\Program Files\Azure Data Studio\bin;C:\WINDOWS\System32;
USERNAME=hieuc
OS=Windows_NT
PROCESSOR_IDENTIFIER=Intel64 Family 6 Model 58 Stepping 9, GenuineIntel
TMP=C:\Users\hieuc\AppData\Local\Temp
TEMP=C:\Users\hieuc\AppData\Local\Temp



---------------  S Y S T E M  ---------------

OS:
 Windows 10 , 64 bit Build 19041 (10.0.19041.2364)
OS uptime: 2 days 1:03 hours
Hyper-V role detected

CPU: total 4 (initial active 4) (2 cores per cpu, 2 threads per core) family 6 model 58 stepping 9 microcode 0x21, cx8, cmov, fxsr, ht, mmx, sse, sse2, sse3, ssse3, sse4.1, sse4.2, popcnt, tsc, tscinvbit, avx, aes, erms, clmul, vzeroupper, clflush, hv

Memory: 4k page, system-wide physical 8123M (2719M free)
TotalPageFile size 10171M (AvailPageFile size 22M)
current process WorkingSet (physical memory assigned to process): 270M, peak: 270M
current process commit charge ("private bytes"): 330M, peak: 331M

vm_info: OpenJDK 64-Bit Server VM (17.0.4.1+1) for windows-amd64 JRE (17.0.4.1+1), built on Aug 17 2022 07:42:43 by "temurin" with MS VC++ 16.7 (VS2019)

END.
