#
# There is insufficient memory for the Java Runtime Environment to continue.
# Native memory allocation (mmap) failed to map 1048576 bytes for G1 virtual space
# Possible reasons:
#   The system is out of physical RAM or swap space
#   The process is running with CompressedOops enabled, and the Java Heap may be blocking the growth of the native heap
# Possible solutions:
#   Reduce memory load on the system
#   Increase physical memory or swap space
#   Check if swap backing store is full
#   Decrease Java heap size (-Xmx/-Xms)
#   Decrease number of Java threads
#   Decrease Java thread stack sizes (-Xss)
#   Set larger code cache with -XX:ReservedCodeCacheSize=
#   JVM is running with Unscaled Compressed Oops mode in which the Java heap is
#     placed in the first 4GB address space. The Java Heap base address is the
#     maximum limit for the native heap growth. Please use -XX:HeapBaseMinAddress
#     to set the Java Heap base and to place the Java Heap above 4GB virtual address.
# This output file may be truncated or incomplete.
#
#  Out of Memory Error (os_windows.cpp:3541), pid=1384, tid=11928
#
# JRE version: OpenJDK Runtime Environment Temurin-17.0.4.1+1 (17.0.4.1+1) (build 17.0.4.1+1)
# Java VM: OpenJDK 64-Bit Server VM Temurin-17.0.4.1+1 (17.0.4.1+1, mixed mode, tiered, compressed oops, compressed class ptrs, g1 gc, windows-amd64)
# No core dump will be written. Minidumps are not enabled by default on client versions of Windows
#

---------------  S U M M A R Y ------------

Command Line: --module-path=C:\Users\hieuc\Downloads\Save\javafx-sdk-19\lib --add-modules=javafx.controls,javafx.fxml -Dfile.encoding=UTF-8 -XX:+ShowCodeDetailsInExceptionMessages application.Main

Host: Intel(R) Core(TM) i5-3320M CPU @ 2.60GHz, 4 cores, 7G,  Windows 10 , 64 bit Build 19041 (10.0.19041.2364)
Time: Sat Feb  4 14:53:48 2023 SE Asia Standard Time elapsed time: 3.460990 seconds (0d 0h 0m 3s)

---------------  T H R E A D  ---------------

Current thread (0x0000029ee36f7b20):  JavaThread "JavaFX Application Thread" [_thread_in_vm, id=11928, stack(0x000000cb66700000,0x000000cb66800000)]

Stack: [0x000000cb66700000,0x000000cb66800000]
Native frames: (J=compiled Java code, j=interpreted, Vv=VM code, C=native code)
V  [jvm.dll+0x67731a]
V  [jvm.dll+0x832284]
V  [jvm.dll+0x833a2e]
V  [jvm.dll+0x834093]
V  [jvm.dll+0x245775]
V  [jvm.dll+0x674209]
V  [jvm.dll+0x668a92]
V  [jvm.dll+0x30471b]
V  [jvm.dll+0x30bc66]
V  [jvm.dll+0x35b78b]
V  [jvm.dll+0x35bdb4]
V  [jvm.dll+0x35b966]
V  [jvm.dll+0x2dbb04]
V  [jvm.dll+0x2d7b46]
V  [jvm.dll+0x60a5b3]
V  [jvm.dll+0x2104f5]
V  [jvm.dll+0x7fc1b6]
V  [jvm.dll+0x381a4a]
C  0x0000029ecbf5b757

Java frames: (J=compiled Java code, j=interpreted, Vv=VM code)
j  com.sun.javafx.iio.jpeg.JPEGImageLoader.load(IIIZZ)Lcom/sun/javafx/iio/ImageFrame;+184 javafx.graphics@19
j  com.sun.javafx.iio.ImageStorage.loadAll(Lcom/sun/javafx/iio/ImageLoader;DDZFZ)[Lcom/sun/javafx/iio/ImageFrame;+55 javafx.graphics@19
j  com.sun.javafx.iio.ImageStorage.loadAll(Ljava/lang/String;Lcom/sun/javafx/iio/ImageLoadListener;DDZFZ)[Lcom/sun/javafx/iio/ImageFrame;+399 javafx.graphics@19
j  com.sun.javafx.tk.quantum.PrismImageLoader2.loadAll(Ljava/lang/String;DDZFZ)V+25 javafx.graphics@19
j  com.sun.javafx.tk.quantum.PrismImageLoader2.<init>(Ljava/lang/String;DDZFZ)V+15 javafx.graphics@19
j  com.sun.javafx.tk.quantum.QuantumToolkit.loadImage(Ljava/lang/String;DDZZ)Lcom/sun/javafx/tk/ImageLoader;+16 javafx.graphics@19
j  javafx.scene.image.Image.loadImage(Ljava/lang/String;DDZZ)Lcom/sun/javafx/tk/ImageLoader;+10 javafx.graphics@19
j  javafx.scene.image.Image.initialize(Ljava/lang/Object;)V+92 javafx.graphics@19
j  javafx.scene.image.Image.<init>(Ljava/lang/String;)V+16 javafx.graphics@19
j  views.screen.home.DockItemHandler.<init>(Ljavafx/stage/Stage;Ljava/lang/String;Lentity/dockitem/Dock;ILviews/screen/home/HomeScreenHandler;)V+183
j  views.screen.home.HomeScreenHandler.initialize(Ljava/net/URL;Ljava/util/ResourceBundle;)V+102
j  javafx.fxml.FXMLLoader.loadImpl(Ljava/io/InputStream;Ljava/lang/Class;)Ljava/lang/Object;+269 javafx.fxml@19
j  javafx.fxml.FXMLLoader.loadImpl(Ljava/lang/Class;)Ljava/lang/Object;+31 javafx.fxml@19
j  javafx.fxml.FXMLLoader.load()Ljava/lang/Object;+17 javafx.fxml@19
j  views.base.FXMLScreenHandler.<init>(Ljava/lang/String;)V+36
j  views.base.BaseScreenHandler.<init>(Ljavafx/stage/Stage;Ljava/lang/String;)V+2
j  views.screen.home.HomeScreenHandler.<init>(Ljavafx/stage/Stage;Ljava/lang/String;)V+3
j  application.Main.start(Ljavafx/stage/Stage;)V+8
j  com.sun.javafx.application.LauncherImpl.lambda$launchApplication1$9(Ljava/util/concurrent/atomic/AtomicBoolean;Ljavafx/application/Application;)V+20 javafx.graphics@19
j  com.sun.javafx.application.LauncherImpl$$Lambda$102+0x0000000100104440.run()V+8 javafx.graphics@19
j  com.sun.javafx.application.PlatformImpl.lambda$runAndWait$12(Ljava/lang/Runnable;Ljava/util/concurrent/CountDownLatch;)V+1 javafx.graphics@19
j  com.sun.javafx.application.PlatformImpl$$Lambda$95+0x00000001000fdb70.run()V+8 javafx.graphics@19
j  com.sun.javafx.application.PlatformImpl.lambda$runLater$10(Ljava/lang/Runnable;)Ljava/lang/Void;+1 javafx.graphics@19
j  com.sun.javafx.application.PlatformImpl$$Lambda$97+0x00000001000fede0.run()Ljava/lang/Object;+4 javafx.graphics@19
j  java.security.AccessController.executePrivileged(Ljava/security/PrivilegedAction;Ljava/security/AccessControlContext;Ljava/lang/Class;)Ljava/lang/Object;+29 java.base@17.0.4.1
j  java.security.AccessController.doPrivileged(Ljava/security/PrivilegedAction;Ljava/security/AccessControlContext;)Ljava/lang/Object;+13 java.base@17.0.4.1
j  com.sun.javafx.application.PlatformImpl.lambda$runLater$11(Ljava/lang/Runnable;Ljava/security/AccessControlContext;)V+7 javafx.graphics@19
j  com.sun.javafx.application.PlatformImpl$$Lambda$96+0x00000001000fe560.run()V+8 javafx.graphics@19
j  com.sun.glass.ui.InvokeLaterDispatcher$Future.run()V+4 javafx.graphics@19
v  ~StubRoutines::call_stub
j  com.sun.glass.ui.win.WinApplication._runLoop(Ljava/lang/Runnable;)V+0 javafx.graphics@19
j  com.sun.glass.ui.win.WinApplication.lambda$runLoop$3(ILjava/lang/Runnable;)V+8 javafx.graphics@19
j  com.sun.glass.ui.win.WinApplication$$Lambda$85+0x00000001000ec820.run()V+12 javafx.graphics@19
j  java.lang.Thread.run()V+11 java.base@17.0.4.1
v  ~StubRoutines::call_stub

---------------  P R O C E S S  ---------------

Threads class SMR info:
_java_thread_list=0x0000029ee4078670, length=18, elements={
0x0000029ec886f540, 0x0000029ee1f8a050, 0x0000029ee1f8c060, 0x0000029ee1fe7750,
0x0000029ee1fdbfa0, 0x0000029ee2908070, 0x0000029ee290c5d0, 0x0000029ee290ddd0,
0x0000029ee2911280, 0x0000029ee2925710, 0x0000029ee1f29fc0, 0x0000029ee3266110,
0x0000029ee351d7c0, 0x0000029ee3629810, 0x0000029ee36f7b20, 0x0000029ee3681150,
0x0000029ee350c8e0, 0x0000029ee93f5400
}

Java Threads: ( => current thread )
  0x0000029ec886f540 JavaThread "main" [_thread_blocked, id=12160, stack(0x000000cb64e00000,0x000000cb64f00000)]
  0x0000029ee1f8a050 JavaThread "Reference Handler" daemon [_thread_blocked, id=6676, stack(0x000000cb65500000,0x000000cb65600000)]
  0x0000029ee1f8c060 JavaThread "Finalizer" daemon [_thread_blocked, id=6024, stack(0x000000cb65600000,0x000000cb65700000)]
  0x0000029ee1fe7750 JavaThread "Signal Dispatcher" daemon [_thread_blocked, id=10472, stack(0x000000cb65700000,0x000000cb65800000)]
  0x0000029ee1fdbfa0 JavaThread "Attach Listener" daemon [_thread_blocked, id=12676, stack(0x000000cb65800000,0x000000cb65900000)]
  0x0000029ee2908070 JavaThread "Service Thread" daemon [_thread_blocked, id=11016, stack(0x000000cb65900000,0x000000cb65a00000)]
  0x0000029ee290c5d0 JavaThread "Monitor Deflation Thread" daemon [_thread_blocked, id=13252, stack(0x000000cb65a00000,0x000000cb65b00000)]
  0x0000029ee290ddd0 JavaThread "C2 CompilerThread0" daemon [_thread_blocked, id=7312, stack(0x000000cb65b00000,0x000000cb65c00000)]
  0x0000029ee2911280 JavaThread "C1 CompilerThread0" daemon [_thread_blocked, id=12272, stack(0x000000cb65c00000,0x000000cb65d00000)]
  0x0000029ee2925710 JavaThread "Sweeper thread" daemon [_thread_blocked, id=784, stack(0x000000cb65d00000,0x000000cb65e00000)]
  0x0000029ee1f29fc0 JavaThread "Common-Cleaner" daemon [_thread_blocked, id=6832, stack(0x000000cb65e00000,0x000000cb65f00000)]
  0x0000029ee3266110 JavaThread "Notification Thread" daemon [_thread_blocked, id=10068, stack(0x000000cb66000000,0x000000cb66100000)]
  0x0000029ee351d7c0 JavaThread "QuantumRenderer-0" daemon [_thread_blocked, id=11820, stack(0x000000cb66200000,0x000000cb66300000)]
  0x0000029ee3629810 JavaThread "InvokeLaterDispatcher" daemon [_thread_blocked, id=10740, stack(0x000000cb66600000,0x000000cb66700000)]
=>0x0000029ee36f7b20 JavaThread "JavaFX Application Thread" [_thread_in_vm, id=11928, stack(0x000000cb66700000,0x000000cb66800000)]
  0x0000029ee3681150 JavaThread "JavaFX-Launcher" [_thread_blocked, id=9296, stack(0x000000cb67000000,0x000000cb67100000)]
  0x0000029ee350c8e0 JavaThread "Thread-2" daemon [_thread_in_native, id=3152, stack(0x000000cb66f00000,0x000000cb67000000)]
  0x0000029ee93f5400 JavaThread "Prism Font Disposer" daemon [_thread_blocked, id=2408, stack(0x000000cb65f00000,0x000000cb66000000)]

Other Threads:
  0x0000029ee1fa8e00 VMThread "VM Thread" [stack: 0x000000cb65400000,0x000000cb65500000] [id=5176]
  0x0000029ee2d189e0 WatcherThread [stack: 0x000000cb66100000,0x000000cb66200000] [id=11232]
  0x0000029ec88c8640 GCTaskThread "GC Thread#0" [stack: 0x000000cb64f00000,0x000000cb65000000] [id=9076]
  0x0000029ee3b86100 GCTaskThread "GC Thread#1" [stack: 0x000000cb66c00000,0x000000cb66d00000] [id=10376]
  0x0000029ee3b863b0 GCTaskThread "GC Thread#2" [stack: 0x000000cb66d00000,0x000000cb66e00000] [id=11100]
  0x0000029ee3b86660 GCTaskThread "GC Thread#3" [stack: 0x000000cb66e00000,0x000000cb66f00000] [id=4444]
  0x0000029ec88da790 ConcurrentGCThread "G1 Main Marker" [stack: 0x000000cb65000000,0x000000cb65100000] [id=2356]
  0x0000029ec88dca90 ConcurrentGCThread "G1 Conc#0" [stack: 0x000000cb65100000,0x000000cb65200000] [id=8076]
  0x0000029ee1e00090 ConcurrentGCThread "G1 Refine#0" [stack: 0x000000cb65200000,0x000000cb65300000] [id=9480]
  0x0000029ee1e00ab0 ConcurrentGCThread "G1 Service" [stack: 0x000000cb65300000,0x000000cb65400000] [id=552]

Threads with active compile tasks:

VM state: not at safepoint (normal execution)

VM Mutex/Monitor currently owned by a thread:  ([mutex/lock_event])
[0x0000029ec682dca0] Heap_lock - owner thread: 0x0000029ee36f7b20

Heap address: 0x0000000081000000, size: 2032 MB, Compressed Oops mode: 32-bit

CDS archive(s) not mapped
Compressed class space mapped at: 0x0000000100000000-0x0000000140000000, reserved size: 1073741824
Narrow klass base: 0x0000000000000000, Narrow klass shift: 3, Narrow klass range: 0x140000000

GC Precious Log:
 CPUs: 4 total, 4 available
 Memory: 8123M
 Large Page Support: Disabled
 NUMA Support: Disabled
 Compressed Oops: Enabled (32-bit)
 Heap Region Size: 1M
 Heap Min Capacity: 8M
 Heap Initial Capacity: 128M
 Heap Max Capacity: 2032M
 Pre-touch: Disabled
 Parallel Workers: 4
 Concurrent Workers: 1
 Concurrent Refinement Workers: 4
 Periodic GC: Disabled

Heap:
 garbage-first heap   total 181248K, used 89570K [0x0000000081000000, 0x0000000100000000)
  region size 1024K, 11 young (11264K), 3 survivors (3072K)
 Metaspace       used 26339K, committed 26496K, reserved 1073152K
  class space    used 2931K, committed 3008K, reserved 1048576K

Heap Regions: E=young(eden), S=young(survivor), O=old, HS=humongous(starts), HC=humongous(continues), CS=collection set, F=free, OA=open archive, CA=closed archive, TAMS=top-at-mark-start (previous, next)
|   0|0x0000000081000000, 0x0000000081100000, 0x0000000081100000|100%| O|  |TAMS 0x0000000081100000, 0x0000000081000000| Untracked 
|   1|0x0000000081100000, 0x0000000081200000, 0x0000000081200000|100%| O|  |TAMS 0x0000000081200000, 0x0000000081100000| Untracked 
|   2|0x0000000081200000, 0x0000000081300000, 0x0000000081300000|100%| O|  |TAMS 0x0000000081270c00, 0x0000000081200000| Untracked 
|   3|0x0000000081300000, 0x0000000081400000, 0x0000000081400000|100%| O|  |TAMS 0x0000000081300000, 0x0000000081300000| Untracked 
|   4|0x0000000081400000, 0x0000000081500000, 0x0000000081500000|100%| O|  |TAMS 0x0000000081400000, 0x0000000081400000| Untracked 
|   5|0x0000000081500000, 0x0000000081587200, 0x0000000081600000| 52%| O|  |TAMS 0x0000000081500000, 0x0000000081500000| Complete 
|   6|0x0000000081600000, 0x0000000081600000, 0x0000000081700000|  0%| F|  |TAMS 0x0000000081600000, 0x0000000081600000| Untracked 
|   7|0x0000000081700000, 0x0000000081700000, 0x0000000081800000|  0%| F|  |TAMS 0x0000000081700000, 0x0000000081700000| Untracked 
|   8|0x0000000081800000, 0x0000000081800000, 0x0000000081900000|  0%| F|  |TAMS 0x0000000081800000, 0x0000000081800000| Untracked 
|   9|0x0000000081900000, 0x0000000081900000, 0x0000000081a00000|  0%| F|  |TAMS 0x0000000081900000, 0x0000000081900000| Untracked 
|  10|0x0000000081a00000, 0x0000000081a00000, 0x0000000081b00000|  0%| F|  |TAMS 0x0000000081a00000, 0x0000000081a00000| Untracked 
|  11|0x0000000081b00000, 0x0000000081b00000, 0x0000000081c00000|  0%| F|  |TAMS 0x0000000081b00000, 0x0000000081b00000| Untracked 
|  12|0x0000000081c00000, 0x0000000081c00000, 0x0000000081d00000|  0%| F|  |TAMS 0x0000000081c00000, 0x0000000081c00000| Untracked 
|  13|0x0000000081d00000, 0x0000000081d00000, 0x0000000081e00000|  0%| F|  |TAMS 0x0000000081d00000, 0x0000000081d00000| Untracked 
|  14|0x0000000081e00000, 0x0000000081e00000, 0x0000000081f00000|  0%| F|  |TAMS 0x0000000081e00000, 0x0000000081e00000| Untracked 
|  15|0x0000000081f00000, 0x0000000081f00000, 0x0000000082000000|  0%| F|  |TAMS 0x0000000081f00000, 0x0000000081f00000| Untracked 
|  16|0x0000000082000000, 0x0000000082000000, 0x0000000082100000|  0%| F|  |TAMS 0x0000000082000000, 0x0000000082000000| Untracked 
|  17|0x0000000082100000, 0x0000000082100000, 0x0000000082200000|  0%| F|  |TAMS 0x0000000082100000, 0x0000000082100000| Untracked 
|  18|0x0000000082200000, 0x0000000082200000, 0x0000000082300000|  0%| F|  |TAMS 0x0000000082200000, 0x0000000082200000| Untracked 
|  19|0x0000000082300000, 0x0000000082300000, 0x0000000082400000|  0%| F|  |TAMS 0x0000000082300000, 0x0000000082300000| Untracked 
|  20|0x0000000082400000, 0x0000000082400000, 0x0000000082500000|  0%| F|  |TAMS 0x0000000082400000, 0x0000000082400000| Untracked 
|  21|0x0000000082500000, 0x0000000082500000, 0x0000000082600000|  0%| F|  |TAMS 0x0000000082500000, 0x0000000082500000| Untracked 
|  22|0x0000000082600000, 0x0000000082600000, 0x0000000082700000|  0%| F|  |TAMS 0x0000000082600000, 0x0000000082600000| Untracked 
|  23|0x0000000082700000, 0x00000000827db838, 0x0000000082800000| 85%| E|  |TAMS 0x0000000082700000, 0x0000000082700000| Complete 
|  24|0x0000000082800000, 0x0000000082900000, 0x0000000082900000|100%| E|CS|TAMS 0x0000000082800000, 0x0000000082800000| Complete 
|  25|0x0000000082900000, 0x0000000082a00000, 0x0000000082a00000|100%| E|CS|TAMS 0x0000000082900000, 0x0000000082900000| Complete 
|  26|0x0000000082a00000, 0x0000000082b00000, 0x0000000082b00000|100%| E|CS|TAMS 0x0000000082a00000, 0x0000000082a00000| Complete 
|  27|0x0000000082b00000, 0x0000000082c00000, 0x0000000082c00000|100%| E|CS|TAMS 0x0000000082b00000, 0x0000000082b00000| Complete 
|  28|0x0000000082c00000, 0x0000000082d00000, 0x0000000082d00000|100%| E|CS|TAMS 0x0000000082c00000, 0x0000000082c00000| Complete 
|  29|0x0000000082d00000, 0x0000000082e00000, 0x0000000082e00000|100%| E|CS|TAMS 0x0000000082d00000, 0x0000000082d00000| Complete 
|  30|0x0000000082e00000, 0x0000000082f00000, 0x0000000082f00000|100%|HS|  |TAMS 0x0000000082e00000, 0x0000000082e00000| Complete 
|  31|0x0000000082f00000, 0x0000000083000000, 0x0000000083000000|100%|HC|  |TAMS 0x0000000082f00000, 0x0000000082f00000| Complete 
|  32|0x0000000083000000, 0x0000000083100000, 0x0000000083100000|100%|HC|  |TAMS 0x0000000083000000, 0x0000000083000000| Complete 
|  33|0x0000000083100000, 0x0000000083200000, 0x0000000083200000|100%|HC|  |TAMS 0x0000000083100000, 0x0000000083100000| Complete 
|  34|0x0000000083200000, 0x0000000083300000, 0x0000000083300000|100%|HC|  |TAMS 0x0000000083200000, 0x0000000083200000| Complete 
|  35|0x0000000083300000, 0x0000000083400000, 0x0000000083400000|100%|HC|  |TAMS 0x0000000083300000, 0x0000000083300000| Complete 
|  36|0x0000000083400000, 0x0000000083500000, 0x0000000083500000|100%|HC|  |TAMS 0x0000000083400000, 0x0000000083400000| Complete 
|  37|0x0000000083500000, 0x0000000083600000, 0x0000000083600000|100%|HC|  |TAMS 0x0000000083500000, 0x0000000083500000| Complete 
|  38|0x0000000083600000, 0x0000000083700000, 0x0000000083700000|100%|HC|  |TAMS 0x0000000083600000, 0x0000000083600000| Complete 
|  39|0x0000000083700000, 0x0000000083800000, 0x0000000083800000|100%|HC|  |TAMS 0x0000000083700000, 0x0000000083700000| Complete 
|  40|0x0000000083800000, 0x0000000083900000, 0x0000000083900000|100%|HC|  |TAMS 0x0000000083800000, 0x0000000083800000| Complete 
|  41|0x0000000083900000, 0x0000000083a00000, 0x0000000083a00000|100%|HC|  |TAMS 0x0000000083900000, 0x0000000083900000| Complete 
|  42|0x0000000083a00000, 0x0000000083b00000, 0x0000000083b00000|100%|HC|  |TAMS 0x0000000083a00000, 0x0000000083a00000| Complete 
|  43|0x0000000083b00000, 0x0000000083c00000, 0x0000000083c00000|100%|HC|  |TAMS 0x0000000083b00000, 0x0000000083b00000| Complete 
|  44|0x0000000083c00000, 0x0000000083d00000, 0x0000000083d00000|100%|HC|  |TAMS 0x0000000083c00000, 0x0000000083c00000| Complete 
|  45|0x0000000083d00000, 0x0000000083e00000, 0x0000000083e00000|100%|HC|  |TAMS 0x0000000083d00000, 0x0000000083d00000| Complete 
|  46|0x0000000083e00000, 0x0000000083f00000, 0x0000000083f00000|100%|HC|  |TAMS 0x0000000083e00000, 0x0000000083e00000| Complete 
|  47|0x0000000083f00000, 0x0000000084000000, 0x0000000084000000|100%|HC|  |TAMS 0x0000000083f00000, 0x0000000083f00000| Complete 
|  48|0x0000000084000000, 0x0000000084100000, 0x0000000084100000|100%|HC|  |TAMS 0x0000000084000000, 0x0000000084000000| Complete 
|  49|0x0000000084100000, 0x0000000084200000, 0x0000000084200000|100%|HC|  |TAMS 0x0000000084100000, 0x0000000084100000| Complete 
|  50|0x0000000084200000, 0x0000000084300000, 0x0000000084300000|100%|HC|  |TAMS 0x0000000084200000, 0x0000000084200000| Complete 
|  51|0x0000000084300000, 0x0000000084400000, 0x0000000084400000|100%|HC|  |TAMS 0x0000000084300000, 0x0000000084300000| Complete 
|  52|0x0000000084400000, 0x0000000084500000, 0x0000000084500000|100%|HC|  |TAMS 0x0000000084400000, 0x0000000084400000| Complete 
|  53|0x0000000084500000, 0x0000000084600000, 0x0000000084600000|100%|HC|  |TAMS 0x0000000084500000, 0x0000000084500000| Complete 
|  54|0x0000000084600000, 0x0000000084700000, 0x0000000084700000|100%|HC|  |TAMS 0x0000000084600000, 0x0000000084600000| Complete 
|  55|0x0000000084700000, 0x0000000084800000, 0x0000000084800000|100%|HC|  |TAMS 0x0000000084700000, 0x0000000084700000| Complete 
|  56|0x0000000084800000, 0x0000000084900000, 0x0000000084900000|100%|HC|  |TAMS 0x0000000084800000, 0x0000000084800000| Complete 
|  57|0x0000000084900000, 0x0000000084a00000, 0x0000000084a00000|100%|HC|  |TAMS 0x0000000084900000, 0x0000000084900000| Complete 
|  58|0x0000000084a00000, 0x0000000084b00000, 0x0000000084b00000|100%|HC|  |TAMS 0x0000000084a00000, 0x0000000084a00000| Complete 
|  59|0x0000000084b00000, 0x0000000084c00000, 0x0000000084c00000|100%|HC|  |TAMS 0x0000000084b00000, 0x0000000084b00000| Complete 
|  60|0x0000000084c00000, 0x0000000084d00000, 0x0000000084d00000|100%|HC|  |TAMS 0x0000000084c00000, 0x0000000084c00000| Complete 
|  61|0x0000000084d00000, 0x0000000084e00000, 0x0000000084e00000|100%|HC|  |TAMS 0x0000000084d00000, 0x0000000084d00000| Complete 
|  62|0x0000000084e00000, 0x0000000084f00000, 0x0000000084f00000|100%|HC|  |TAMS 0x0000000084e00000, 0x0000000084e00000| Complete 
|  63|0x0000000084f00000, 0x0000000085000000, 0x0000000085000000|100%|HC|  |TAMS 0x0000000084f00000, 0x0000000084f00000| Complete 
|  64|0x0000000085000000, 0x0000000085100000, 0x0000000085100000|100%|HC|  |TAMS 0x0000000085000000, 0x0000000085000000| Complete 
|  65|0x0000000085100000, 0x0000000085200000, 0x0000000085200000|100%|HC|  |TAMS 0x0000000085100000, 0x0000000085100000| Complete 
|  66|0x0000000085200000, 0x0000000085300000, 0x0000000085300000|100%|HC|  |TAMS 0x0000000085200000, 0x0000000085200000| Complete 
|  67|0x0000000085300000, 0x0000000085400000, 0x0000000085400000|100%|HC|  |TAMS 0x0000000085300000, 0x0000000085300000| Complete 
|  68|0x0000000085400000, 0x0000000085500000, 0x0000000085500000|100%|HC|  |TAMS 0x0000000085400000, 0x0000000085400000| Complete 
|  69|0x0000000085500000, 0x0000000085600000, 0x0000000085600000|100%|HC|  |TAMS 0x0000000085500000, 0x0000000085500000| Complete 
|  70|0x0000000085600000, 0x0000000085700000, 0x0000000085700000|100%|HC|  |TAMS 0x0000000085600000, 0x0000000085600000| Complete 
|  71|0x0000000085700000, 0x0000000085800000, 0x0000000085800000|100%|HC|  |TAMS 0x0000000085700000, 0x0000000085700000| Complete 
|  72|0x0000000085800000, 0x0000000085900000, 0x0000000085900000|100%|HC|  |TAMS 0x0000000085800000, 0x0000000085800000| Complete 
|  73|0x0000000085900000, 0x0000000085a00000, 0x0000000085a00000|100%|HC|  |TAMS 0x0000000085900000, 0x0000000085900000| Complete 
|  74|0x0000000085a00000, 0x0000000085b00000, 0x0000000085b00000|100%|HC|  |TAMS 0x0000000085a00000, 0x0000000085a00000| Complete 
|  75|0x0000000085b00000, 0x0000000085c00000, 0x0000000085c00000|100%|HC|  |TAMS 0x0000000085b00000, 0x0000000085b00000| Complete 
|  76|0x0000000085c00000, 0x0000000085d00000, 0x0000000085d00000|100%|HC|  |TAMS 0x0000000085c00000, 0x0000000085c00000| Complete 
|  77|0x0000000085d00000, 0x0000000085e00000, 0x0000000085e00000|100%|HC|  |TAMS 0x0000000085d00000, 0x0000000085d00000| Complete 
|  78|0x0000000085e00000, 0x0000000085f00000, 0x0000000085f00000|100%|HC|  |TAMS 0x0000000085e00000, 0x0000000085e00000| Complete 
|  79|0x0000000085f00000, 0x0000000086000000, 0x0000000086000000|100%|HC|  |TAMS 0x0000000085f00000, 0x0000000085f00000| Complete 
|  80|0x0000000086000000, 0x0000000086100000, 0x0000000086100000|100%|HC|  |TAMS 0x0000000086000000, 0x0000000086000000| Complete 
|  81|0x0000000086100000, 0x0000000086200000, 0x0000000086200000|100%|HC|  |TAMS 0x0000000086100000, 0x0000000086100000| Complete 
|  82|0x0000000086200000, 0x0000000086300000, 0x0000000086300000|100%|HC|  |TAMS 0x0000000086200000, 0x0000000086200000| Complete 
|  83|0x0000000086300000, 0x0000000086400000, 0x0000000086400000|100%|HC|  |TAMS 0x0000000086300000, 0x0000000086300000| Complete 
|  84|0x0000000086400000, 0x0000000086500000, 0x0000000086500000|100%|HC|  |TAMS 0x0000000086400000, 0x0000000086400000| Complete 
|  85|0x0000000086500000, 0x0000000086600000, 0x0000000086600000|100%|HC|  |TAMS 0x0000000086500000, 0x0000000086500000| Complete 
|  86|0x0000000086600000, 0x0000000086700000, 0x0000000086700000|100%|HC|  |TAMS 0x0000000086600000, 0x0000000086600000| Complete 
|  87|0x0000000086700000, 0x0000000086800000, 0x0000000086800000|100%|HC|  |TAMS 0x0000000086700000, 0x0000000086700000| Complete 
|  88|0x0000000086800000, 0x0000000086900000, 0x0000000086900000|100%|HC|  |TAMS 0x0000000086800000, 0x0000000086800000| Complete 
|  89|0x0000000086900000, 0x0000000086a00000, 0x0000000086a00000|100%|HC|  |TAMS 0x0000000086900000, 0x0000000086900000| Complete 
|  90|0x0000000086a00000, 0x0000000086b00000, 0x0000000086b00000|100%|HC|  |TAMS 0x0000000086a00000, 0x0000000086a00000| Complete 
|  91|0x0000000086b00000, 0x0000000086c00000, 0x0000000086c00000|100%|HC|  |TAMS 0x0000000086b00000, 0x0000000086b00000| Complete 
|  92|0x0000000086c00000, 0x0000000086d00000, 0x0000000086d00000|100%|HC|  |TAMS 0x0000000086c00000, 0x0000000086c00000| Complete 
|  93|0x0000000086d00000, 0x0000000086e00000, 0x0000000086e00000|100%|HC|  |TAMS 0x0000000086d00000, 0x0000000086d00000| Complete 
|  94|0x0000000086e00000, 0x0000000086f00000, 0x0000000086f00000|100%|HC|  |TAMS 0x0000000086e00000, 0x0000000086e00000| Complete 
|  95|0x0000000086f00000, 0x0000000087000000, 0x0000000087000000|100%|HC|  |TAMS 0x0000000086f00000, 0x0000000086f00000| Complete 
|  96|0x0000000087000000, 0x0000000087100000, 0x0000000087100000|100%|HC|  |TAMS 0x0000000087000000, 0x0000000087000000| Complete 
|  97|0x0000000087100000, 0x0000000087200000, 0x0000000087200000|100%|HC|  |TAMS 0x0000000087100000, 0x0000000087100000| Complete 
|  98|0x0000000087200000, 0x0000000087300000, 0x0000000087300000|100%|HC|  |TAMS 0x0000000087200000, 0x0000000087200000| Complete 
|  99|0x0000000087300000, 0x0000000087400000, 0x0000000087400000|100%|HC|  |TAMS 0x0000000087300000, 0x0000000087300000| Complete 
| 100|0x0000000087400000, 0x0000000087500000, 0x0000000087500000|100%|HC|  |TAMS 0x0000000087400000, 0x0000000087400000| Complete 
| 101|0x0000000087500000, 0x0000000087600000, 0x0000000087600000|100%|HC|  |TAMS 0x0000000087500000, 0x0000000087500000| Complete 
| 111|0x0000000087f00000, 0x0000000087f15ed0, 0x0000000088000000|  8%| S|CS|TAMS 0x0000000087f00000, 0x0000000087f00000| Complete 
| 112|0x0000000088000000, 0x0000000088100000, 0x0000000088100000|100%| S|CS|TAMS 0x0000000088000000, 0x0000000088000000| Complete 
| 113|0x0000000088100000, 0x0000000088200000, 0x0000000088200000|100%| S|CS|TAMS 0x0000000088100000, 0x0000000088100000| Complete 
| 127|0x0000000088f00000, 0x0000000089000000, 0x0000000089000000|100%| E|CS|TAMS 0x0000000088f00000, 0x0000000088f00000| Complete 
| 128|0x0000000089000000, 0x0000000089000000, 0x0000000089100000|  0%| F|  |TAMS 0x0000000089000000, 0x0000000089000000| Untracked 
| 129|0x0000000089100000, 0x0000000089100000, 0x0000000089200000|  0%| F|  |TAMS 0x0000000089100000, 0x0000000089100000| Untracked 
| 130|0x0000000089200000, 0x0000000089200000, 0x0000000089300000|  0%| F|  |TAMS 0x0000000089200000, 0x0000000089200000| Untracked 
| 131|0x0000000089300000, 0x0000000089300000, 0x0000000089400000|  0%| F|  |TAMS 0x0000000089300000, 0x0000000089300000| Untracked 
| 132|0x0000000089400000, 0x0000000089400000, 0x0000000089500000|  0%| F|  |TAMS 0x0000000089400000, 0x0000000089400000| Untracked 
| 133|0x0000000089500000, 0x0000000089500000, 0x0000000089600000|  0%| F|  |TAMS 0x0000000089500000, 0x0000000089500000| Untracked 
| 134|0x0000000089600000, 0x0000000089600000, 0x0000000089700000|  0%| F|  |TAMS 0x0000000089600000, 0x0000000089600000| Untracked 
| 135|0x0000000089700000, 0x0000000089700000, 0x0000000089800000|  0%| F|  |TAMS 0x0000000089700000, 0x0000000089700000| Untracked 
| 136|0x0000000089800000, 0x0000000089800000, 0x0000000089900000|  0%| F|  |TAMS 0x0000000089800000, 0x0000000089800000| Untracked 
| 137|0x0000000089900000, 0x0000000089900000, 0x0000000089a00000|  0%| F|  |TAMS 0x0000000089900000, 0x0000000089900000| Untracked 
| 138|0x0000000089a00000, 0x0000000089a00000, 0x0000000089b00000|  0%| F|  |TAMS 0x0000000089a00000, 0x0000000089a00000| Untracked 
| 139|0x0000000089b00000, 0x0000000089b00000, 0x0000000089c00000|  0%| F|  |TAMS 0x0000000089b00000, 0x0000000089b00000| Untracked 
| 140|0x0000000089c00000, 0x0000000089c00000, 0x0000000089d00000|  0%| F|  |TAMS 0x0000000089c00000, 0x0000000089c00000| Untracked 
| 141|0x0000000089d00000, 0x0000000089d00000, 0x0000000089e00000|  0%| F|  |TAMS 0x0000000089d00000, 0x0000000089d00000| Untracked 
| 142|0x0000000089e00000, 0x0000000089e00000, 0x0000000089f00000|  0%| F|  |TAMS 0x0000000089e00000, 0x0000000089e00000| Untracked 
| 143|0x0000000089f00000, 0x0000000089f00000, 0x000000008a000000|  0%| F|  |TAMS 0x0000000089f00000, 0x0000000089f00000| Untracked 
| 144|0x000000008a000000, 0x000000008a000000, 0x000000008a100000|  0%| F|  |TAMS 0x000000008a000000, 0x000000008a000000| Untracked 
| 145|0x000000008a100000, 0x000000008a100000, 0x000000008a200000|  0%| F|  |TAMS 0x000000008a100000, 0x000000008a100000| Untracked 
| 146|0x000000008a200000, 0x000000008a200000, 0x000000008a300000|  0%| F|  |TAMS 0x000000008a200000, 0x000000008a200000| Untracked 
| 147|0x000000008a300000, 0x000000008a300000, 0x000000008a400000|  0%| F|  |TAMS 0x000000008a300000, 0x000000008a300000| Untracked 
| 148|0x000000008a400000, 0x000000008a400000, 0x000000008a500000|  0%| F|  |TAMS 0x000000008a400000, 0x000000008a400000| Untracked 
| 149|0x000000008a500000, 0x000000008a500000, 0x000000008a600000|  0%| F|  |TAMS 0x000000008a500000, 0x000000008a500000| Untracked 
| 150|0x000000008a600000, 0x000000008a600000, 0x000000008a700000|  0%| F|  |TAMS 0x000000008a600000, 0x000000008a600000| Untracked 
| 151|0x000000008a700000, 0x000000008a700000, 0x000000008a800000|  0%| F|  |TAMS 0x000000008a700000, 0x000000008a700000| Untracked 
| 152|0x000000008a800000, 0x000000008a800000, 0x000000008a900000|  0%| F|  |TAMS 0x000000008a800000, 0x000000008a800000| Untracked 
| 153|0x000000008a900000, 0x000000008a900000, 0x000000008aa00000|  0%| F|  |TAMS 0x000000008a900000, 0x000000008a900000| Untracked 
| 154|0x000000008aa00000, 0x000000008aa00000, 0x000000008ab00000|  0%| F|  |TAMS 0x000000008aa00000, 0x000000008aa00000| Untracked 
| 155|0x000000008ab00000, 0x000000008ab00000, 0x000000008ac00000|  0%| F|  |TAMS 0x000000008ab00000, 0x000000008ab00000| Untracked 
| 156|0x000000008ac00000, 0x000000008ac00000, 0x000000008ad00000|  0%| F|  |TAMS 0x000000008ac00000, 0x000000008ac00000| Untracked 
| 157|0x000000008ad00000, 0x000000008ad00000, 0x000000008ae00000|  0%| F|  |TAMS 0x000000008ad00000, 0x000000008ad00000| Untracked 
| 158|0x000000008ae00000, 0x000000008ae00000, 0x000000008af00000|  0%| F|  |TAMS 0x000000008ae00000, 0x000000008ae00000| Untracked 
| 159|0x000000008af00000, 0x000000008af00000, 0x000000008b000000|  0%| F|  |TAMS 0x000000008af00000, 0x000000008af00000| Untracked 
| 160|0x000000008b000000, 0x000000008b000000, 0x000000008b100000|  0%| F|  |TAMS 0x000000008b000000, 0x000000008b000000| Untracked 
| 161|0x000000008b100000, 0x000000008b100000, 0x000000008b200000|  0%| F|  |TAMS 0x000000008b100000, 0x000000008b100000| Untracked 
| 162|0x000000008b200000, 0x000000008b200000, 0x000000008b300000|  0%| F|  |TAMS 0x000000008b200000, 0x000000008b200000| Untracked 
| 163|0x000000008b300000, 0x000000008b300000, 0x000000008b400000|  0%| F|  |TAMS 0x000000008b300000, 0x000000008b300000| Untracked 
| 164|0x000000008b400000, 0x000000008b400000, 0x000000008b500000|  0%| F|  |TAMS 0x000000008b400000, 0x000000008b400000| Untracked 
| 165|0x000000008b500000, 0x000000008b500000, 0x000000008b600000|  0%| F|  |TAMS 0x000000008b500000, 0x000000008b500000| Untracked 
| 166|0x000000008b600000, 0x000000008b600000, 0x000000008b700000|  0%| F|  |TAMS 0x000000008b600000, 0x000000008b600000| Untracked 
| 167|0x000000008b700000, 0x000000008b700000, 0x000000008b800000|  0%| F|  |TAMS 0x000000008b700000, 0x000000008b700000| Untracked 
| 168|0x000000008b800000, 0x000000008b800000, 0x000000008b900000|  0%| F|  |TAMS 0x000000008b800000, 0x000000008b800000| Untracked 
| 169|0x000000008b900000, 0x000000008b900000, 0x000000008ba00000|  0%| F|  |TAMS 0x000000008b900000, 0x000000008b900000| Untracked 
| 170|0x000000008ba00000, 0x000000008ba00000, 0x000000008bb00000|  0%| F|  |TAMS 0x000000008ba00000, 0x000000008ba00000| Untracked 
| 171|0x000000008bb00000, 0x000000008bb00000, 0x000000008bc00000|  0%| F|  |TAMS 0x000000008bb00000, 0x000000008bb00000| Untracked 
| 172|0x000000008bc00000, 0x000000008bc00000, 0x000000008bd00000|  0%| F|  |TAMS 0x000000008bc00000, 0x000000008bc00000| Untracked 
| 173|0x000000008bd00000, 0x000000008bd00000, 0x000000008be00000|  0%| F|  |TAMS 0x000000008bd00000, 0x000000008bd00000| Untracked 
| 174|0x000000008be00000, 0x000000008be00000, 0x000000008bf00000|  0%| F|  |TAMS 0x000000008be00000, 0x000000008be00000| Untracked 
| 175|0x000000008bf00000, 0x000000008bf00000, 0x000000008c000000|  0%| F|  |TAMS 0x000000008bf00000, 0x000000008bf00000| Untracked 
| 176|0x000000008c000000, 0x000000008c000000, 0x000000008c100000|  0%| F|  |TAMS 0x000000008c000000, 0x000000008c000000| Untracked 
| 177|0x000000008c100000, 0x000000008c100000, 0x000000008c200000|  0%| F|  |TAMS 0x000000008c100000, 0x000000008c100000| Untracked 
| 178|0x000000008c200000, 0x000000008c200000, 0x000000008c300000|  0%| F|  |TAMS 0x000000008c200000, 0x000000008c200000| Untracked 
| 179|0x000000008c300000, 0x000000008c300000, 0x000000008c400000|  0%| F|  |TAMS 0x000000008c300000, 0x000000008c300000| Untracked 
| 180|0x000000008c400000, 0x000000008c400000, 0x000000008c500000|  0%| F|  |TAMS 0x000000008c400000, 0x000000008c400000| Untracked 
| 181|0x000000008c500000, 0x000000008c500000, 0x000000008c600000|  0%| F|  |TAMS 0x000000008c500000, 0x000000008c500000| Untracked 
| 182|0x000000008c600000, 0x000000008c600000, 0x000000008c700000|  0%| F|  |TAMS 0x000000008c600000, 0x000000008c600000| Untracked 
| 183|0x000000008c700000, 0x000000008c700000, 0x000000008c800000|  0%| F|  |TAMS 0x000000008c700000, 0x000000008c700000| Untracked 
| 184|0x000000008c800000, 0x000000008c800000, 0x000000008c900000|  0%| F|  |TAMS 0x000000008c800000, 0x000000008c800000| Untracked 
| 185|0x000000008c900000, 0x000000008c900000, 0x000000008ca00000|  0%| F|  |TAMS 0x000000008c900000, 0x000000008c900000| Untracked 
| 186|0x000000008ca00000, 0x000000008ca00000, 0x000000008cb00000|  0%| F|  |TAMS 0x000000008ca00000, 0x000000008ca00000| Untracked 
| 187|0x000000008cb00000, 0x000000008cb00000, 0x000000008cc00000|  0%| F|  |TAMS 0x000000008cb00000, 0x000000008cb00000| Untracked 
| 188|0x000000008cc00000, 0x000000008cc00000, 0x000000008cd00000|  0%| F|  |TAMS 0x000000008cc00000, 0x000000008cc00000| Untracked 
| 189|0x000000008cd00000, 0x000000008cd00000, 0x000000008ce00000|  0%| F|  |TAMS 0x000000008cd00000, 0x000000008cd00000| Untracked 
| 190|0x000000008ce00000, 0x000000008ce00000, 0x000000008cf00000|  0%| F|  |TAMS 0x000000008ce00000, 0x000000008ce00000| Untracked 
| 191|0x000000008cf00000, 0x000000008cf00000, 0x000000008d000000|  0%| F|  |TAMS 0x000000008cf00000, 0x000000008cf00000| Untracked 
| 192|0x000000008d000000, 0x000000008d000000, 0x000000008d100000|  0%| F|  |TAMS 0x000000008d000000, 0x000000008d000000| Untracked 
| 193|0x000000008d100000, 0x000000008d100000, 0x000000008d200000|  0%| F|  |TAMS 0x000000008d100000, 0x000000008d100000| Untracked 
| 194|0x000000008d200000, 0x000000008d200000, 0x000000008d300000|  0%| F|  |TAMS 0x000000008d200000, 0x000000008d200000| Untracked 
| 195|0x000000008d300000, 0x000000008d300000, 0x000000008d400000|  0%| F|  |TAMS 0x000000008d300000, 0x000000008d300000| Untracked 
| 196|0x000000008d400000, 0x000000008d400000, 0x000000008d500000|  0%| F|  |TAMS 0x000000008d400000, 0x000000008d400000| Untracked 
| 197|0x000000008d500000, 0x000000008d500000, 0x000000008d600000|  0%| F|  |TAMS 0x000000008d500000, 0x000000008d500000| Untracked 
| 198|0x000000008d600000, 0x000000008d600000, 0x000000008d700000|  0%| F|  |TAMS 0x000000008d600000, 0x000000008d600000| Untracked 

Card table byte_map: [0x0000029edb340000,0x0000029edb740000] _byte_map_base: 0x0000029edaf38000

Marking Bits (Prev, Next): (CMBitMap*) 0x0000029ec88ca0a0, (CMBitMap*) 0x0000029ec88ca060
 Prev Bits: [0x0000029eddb00000, 0x0000029edfac0000)
 Next Bits: [0x0000029edbb40000, 0x0000029eddb00000)

Polling page: 0x0000029ec6830000

Metaspace:

Usage:
  Non-class:     22.86 MB used.
      Class:      2.86 MB used.
       Both:     25.72 MB used.

Virtual space:
  Non-class space:       24.00 MB reserved,      22.94 MB ( 96%) committed,  3 nodes.
      Class space:        1.00 GB reserved,       2.94 MB ( <1%) committed,  1 nodes.
             Both:        1.02 GB reserved,      25.88 MB (  2%) committed. 

Chunk freelists:
   Non-Class:  192.00 KB
       Class:  1.02 MB
        Both:  1.20 MB

MaxMetaspaceSize: unlimited
CompressedClassSpaceSize: 1.00 GB
Initial GC threshold: 21.00 MB
Current GC threshold: 35.31 MB
CDS: off
MetaspaceReclaimPolicy: balanced
 - commit_granule_bytes: 65536.
 - commit_granule_words: 8192.
 - virtual_space_node_default_size: 1048576.
 - enlarge_chunks_in_place: 1.
 - new_chunks_are_fully_committed: 0.
 - uncommit_free_chunks: 1.
 - use_allocation_guard: 0.
 - handle_deallocations: 1.


Internal statistics:

num_allocs_failed_limit: 3.
num_arena_births: 164.
num_arena_deaths: 0.
num_vsnodes_births: 4.
num_vsnodes_deaths: 0.
num_space_committed: 414.
num_space_uncommitted: 0.
num_chunks_returned_to_freelist: 3.
num_chunks_taken_from_freelist: 576.
num_chunk_merges: 0.
num_chunk_splits: 386.
num_chunks_enlarged: 284.
num_purges: 0.
num_inconsistent_stats: 0.

CodeHeap 'non-profiled nmethods': size=120000Kb used=782Kb max_used=782Kb free=119217Kb
 bounds [0x0000029ed3a10000, 0x0000029ed3c80000, 0x0000029edaf40000]
CodeHeap 'profiled nmethods': size=120000Kb used=3842Kb max_used=3842Kb free=116158Kb
 bounds [0x0000029ecc4e0000, 0x0000029ecc8b0000, 0x0000029ed3a10000]
CodeHeap 'non-nmethods': size=5760Kb used=1382Kb max_used=1397Kb free=4378Kb
 bounds [0x0000029ecbf40000, 0x0000029ecc1b0000, 0x0000029ecc4e0000]
 total_blobs=2759 nmethods=2034 adapters=637
 compilation: enabled
              stopped_count=0, restarted_count=0
 full_count=0

Compilation events (20 events):
Event: 3.158 Thread 0x0000029ee290ddd0 2028       4       java.util.HashMap::get (19 bytes)
Event: 3.159 Thread 0x0000029ee2911280 2029       3       java.lang.invoke.InnerClassLambdaMetafactory::getLoadOpcode (26 bytes)
Event: 3.159 Thread 0x0000029ee2911280 nmethod 2029 0x0000029ecc89b690 code [0x0000029ecc89b840, 0x0000029ecc89ba78]
Event: 3.159 Thread 0x0000029ee2911280 2030       3       jdk.internal.org.objectweb.asm.MethodVisitor::visitVarInsn (17 bytes)
Event: 3.159 Thread 0x0000029ee2911280 nmethod 2030 0x0000029ecc89bb90 code [0x0000029ecc89bd40, 0x0000029ecc89bf48]
Event: 3.162 Thread 0x0000029ee2911280 2031       3       java.lang.AbstractStringBuilder::checkRange (63 bytes)
Event: 3.163 Thread 0x0000029ee2911280 nmethod 2031 0x0000029ecc89c010 code [0x0000029ecc89c2a0, 0x0000029ecc89cbd8]
Event: 3.163 Thread 0x0000029ee2911280 2032       3       com.sun.javafx.scene.NodeHelper::getHelper (59 bytes)
Event: 3.163 Thread 0x0000029ee290ddd0 nmethod 2028 0x0000029ed3ad2390 code [0x0000029ed3ad2540, 0x0000029ed3ad2818]
Event: 3.164 Thread 0x0000029ee2911280 nmethod 2032 0x0000029ecc89cf90 code [0x0000029ecc89d180, 0x0000029ecc89d758]
Event: 3.164 Thread 0x0000029ee2911280 2033       3       javafx.scene.Node$1::getHelper (5 bytes)
Event: 3.164 Thread 0x0000029ee2911280 nmethod 2033 0x0000029ecc89d910 code [0x0000029ecc89daa0, 0x0000029ecc89dbb8]
Event: 3.164 Thread 0x0000029ee2911280 2034       3       java.lang.AbstractStringBuilder::appendChars (207 bytes)
Event: 3.165 Thread 0x0000029ee2911280 nmethod 2034 0x0000029ecc89dc90 code [0x0000029ecc89df40, 0x0000029ecc89eec8]
Event: 3.165 Thread 0x0000029ee2911280 2035       3       java.net.URI$Parser::scan (76 bytes)
Event: 3.167 Thread 0x0000029ee2911280 nmethod 2035 0x0000029ecc89f490 code [0x0000029ecc89f6c0, 0x0000029ecc89ff58]
Event: 3.167 Thread 0x0000029ee2911280 2036       3       java.util.regex.Pattern$$Lambda$51/0x0000000100097ba8::is (5 bytes)
Event: 3.167 Thread 0x0000029ee2911280 nmethod 2036 0x0000029ecc8a0310 code [0x0000029ecc8a04c0, 0x0000029ecc8a0738]
Event: 3.372 Thread 0x0000029ee290ddd0 2037       4       java.io.BufferedInputStream::read1 (108 bytes)
Event: 3.384 Thread 0x0000029ee290ddd0 nmethod 2037 0x0000029ed3ad2b10 code [0x0000029ed3ad2ce0, 0x0000029ed3ad3528]

GC Heap History (6 events):
Event: 0.939 GC heap before
{Heap before GC invocations=0 (full 0):
 garbage-first heap   total 131072K, used 13312K [0x0000000081000000, 0x0000000100000000)
  region size 1024K, 13 young (13312K), 0 survivors (0K)
 Metaspace       used 9264K, committed 9472K, reserved 1064960K
  class space    used 871K, committed 960K, reserved 1048576K
}
Event: 0.942 GC heap after
{Heap after GC invocations=1 (full 0):
 garbage-first heap   total 131072K, used 1616K [0x0000000081000000, 0x0000000100000000)
  region size 1024K, 2 young (2048K), 2 survivors (2048K)
 Metaspace       used 9264K, committed 9472K, reserved 1064960K
  class space    used 871K, committed 960K, reserved 1048576K
}
Event: 1.468 GC heap before
{Heap before GC invocations=1 (full 0):
 garbage-first heap   total 131072K, used 19024K [0x0000000081000000, 0x0000000100000000)
  region size 1024K, 20 young (20480K), 2 survivors (2048K)
 Metaspace       used 16078K, committed 16256K, reserved 1064960K
  class space    used 1764K, committed 1856K, reserved 1048576K
}
Event: 1.477 GC heap after
{Heap after GC invocations=2 (full 0):
 garbage-first heap   total 131072K, used 5571K [0x0000000081000000, 0x0000000100000000)
  region size 1024K, 3 young (3072K), 3 survivors (3072K)
 Metaspace       used 16078K, committed 16256K, reserved 1064960K
  class space    used 1764K, committed 1856K, reserved 1048576K
}
Event: 2.136 GC heap before
{Heap before GC invocations=2 (full 0):
 garbage-first heap   total 131072K, used 17859K [0x0000000081000000, 0x0000000100000000)
  region size 1024K, 17 young (17408K), 3 survivors (3072K)
 Metaspace       used 21311K, committed 21504K, reserved 1073152K
  class space    used 2387K, committed 2496K, reserved 1048576K
}
Event: 2.142 GC heap after
{Heap after GC invocations=3 (full 0):
 garbage-first heap   total 131072K, used 7796K [0x0000000081000000, 0x0000000100000000)
  region size 1024K, 3 young (3072K), 3 survivors (3072K)
 Metaspace       used 21311K, committed 21504K, reserved 1073152K
  class space    used 2387K, committed 2496K, reserved 1048576K
}

Deoptimization events (20 events):
Event: 2.495 Thread 0x0000029ee36f7b20 DEOPT PACKING pc=0x0000029ed3abc338 sp=0x000000cb667fbd40
Event: 2.495 Thread 0x0000029ee36f7b20 DEOPT UNPACKING pc=0x0000029ecbf923a3 sp=0x000000cb667fbd60 mode 2
Event: 2.535 Thread 0x0000029ee36f7b20 DEOPT PACKING pc=0x0000029ecc705ee5 sp=0x000000cb667f9200
Event: 2.535 Thread 0x0000029ee36f7b20 DEOPT UNPACKING pc=0x0000029ecbf92b43 sp=0x000000cb667f8650 mode 0
Event: 2.609 Thread 0x0000029ee36f7b20 Uncommon trap: trap_request=0xffffffde fr.pc=0x0000029ed3acdfac relative=0x000000000000010c
Event: 2.609 Thread 0x0000029ee36f7b20 Uncommon trap: reason=class_check action=maybe_recompile pc=0x0000029ed3acdfac method=jdk.internal.misc.Unsafe.allocateUninitializedArray(Ljava/lang/Class;I)Ljava/lang/Object; @ 51 c2
Event: 2.609 Thread 0x0000029ee36f7b20 DEOPT PACKING pc=0x0000029ed3acdfac sp=0x000000cb667fc820
Event: 2.609 Thread 0x0000029ee36f7b20 DEOPT UNPACKING pc=0x0000029ecbf923a3 sp=0x000000cb667fc7a8 mode 2
Event: 2.613 Thread 0x0000029ee36f7b20 Uncommon trap: trap_request=0xffffffde fr.pc=0x0000029ed3acdfac relative=0x000000000000010c
Event: 2.613 Thread 0x0000029ee36f7b20 Uncommon trap: reason=class_check action=maybe_recompile pc=0x0000029ed3acdfac method=jdk.internal.misc.Unsafe.allocateUninitializedArray(Ljava/lang/Class;I)Ljava/lang/Object; @ 51 c2
Event: 2.613 Thread 0x0000029ee36f7b20 DEOPT PACKING pc=0x0000029ed3acdfac sp=0x000000cb667fc7a0
Event: 2.613 Thread 0x0000029ee36f7b20 DEOPT UNPACKING pc=0x0000029ecbf923a3 sp=0x000000cb667fc728 mode 2
Event: 3.143 Thread 0x0000029ee36f7b20 Uncommon trap: trap_request=0xffffffde fr.pc=0x0000029ed3acdfac relative=0x000000000000010c
Event: 3.143 Thread 0x0000029ee36f7b20 Uncommon trap: reason=class_check action=maybe_recompile pc=0x0000029ed3acdfac method=jdk.internal.misc.Unsafe.allocateUninitializedArray(Ljava/lang/Class;I)Ljava/lang/Object; @ 51 c2
Event: 3.143 Thread 0x0000029ee36f7b20 DEOPT PACKING pc=0x0000029ed3acdfac sp=0x000000cb667fd610
Event: 3.143 Thread 0x0000029ee36f7b20 DEOPT UNPACKING pc=0x0000029ecbf923a3 sp=0x000000cb667fd598 mode 2
Event: 3.143 Thread 0x0000029ee36f7b20 Uncommon trap: trap_request=0xffffffde fr.pc=0x0000029ed3acdfac relative=0x000000000000010c
Event: 3.143 Thread 0x0000029ee36f7b20 Uncommon trap: reason=class_check action=maybe_recompile pc=0x0000029ed3acdfac method=jdk.internal.misc.Unsafe.allocateUninitializedArray(Ljava/lang/Class;I)Ljava/lang/Object; @ 51 c2
Event: 3.143 Thread 0x0000029ee36f7b20 DEOPT PACKING pc=0x0000029ed3acdfac sp=0x000000cb667fd650
Event: 3.143 Thread 0x0000029ee36f7b20 DEOPT UNPACKING pc=0x0000029ecbf923a3 sp=0x000000cb667fd5d8 mode 2

Classes unloaded (0 events):
No events

Classes redefined (0 events):
No events

Internal exceptions (20 events):
Event: 0.964 Thread 0x0000029ee36f7b20 Exception <a 'java/lang/NoSuchMethodError'{0x0000000088eaaeb0}: 'void java.lang.invoke.DirectMethodHandle$Holder.invokeStaticInit(java.lang.Object)'> (0x0000000088eaaeb0) 
thrown [s\src\hotspot\share\interpreter\linkResolver.cpp, line 759]
Event: 0.968 Thread 0x0000029ec886f540 Exception <a 'java/lang/NoSuchMethodError'{0x0000000088ec8c18}: 'java.lang.Object java.lang.invoke.DirectMethodHandle$Holder.newInvokeSpecial(java.lang.Object, java.lang.Object, java.lang.Object, java.lang.Object, java.lang.Object, java.lang.Object)'> (0x0000000088ec8c18) 
thrown [s\src\hotspot\share\interpreter\linkResolver.cpp, line 759]
Event: 0.976 Thread 0x0000029ec886f540 Exception <a 'java/lang/NoSuchMethodError'{0x0000000088ef9140}: 'java.lang.Object java.lang.invoke.DirectMethodHandle$Holder.newInvokeSpecial(java.lang.Object, java.lang.Object, java.lang.Object, java.lang.Object, java.lang.Object)'> (0x0000000088ef9140) 
thrown [s\src\hotspot\share\interpreter\linkResolver.cpp, line 759]
Event: 0.978 Thread 0x0000029ee3681150 Exception <a 'java/lang/NoSuchMethodError'{0x0000000088d62170}: 'void java.lang.invoke.DirectMethodHandle$Holder.invokeStatic(java.lang.Object, java.lang.Object, java.lang.Object, java.lang.Object)'> (0x0000000088d62170) 
thrown [s\src\hotspot\share\interpreter\linkResolver.cpp, line 759]
Event: 1.226 Thread 0x0000029ee36f7b20 Exception <a 'java/lang/NoSuchMethodError'{0x00000000886a0a28}: 'java.lang.Object java.lang.invoke.DirectMethodHandle$Holder.invokeStaticInit(java.lang.Object, java.lang.Object, java.lang.Object, java.lang.Object)'> (0x00000000886a0a28) 
thrown [s\src\hotspot\share\interpreter\linkResolver.cpp, line 759]
Event: 1.228 Thread 0x0000029ee36f7b20 Exception <a 'java/lang/NullPointerException'{0x00000000886ac690}> (0x00000000886ac690) 
thrown [s\src\hotspot\share\interpreter\linkResolver.cpp, line 1350]
Event: 1.343 Thread 0x0000029ee36f7b20 Exception <a 'java/lang/ClassNotFoundException'{0x0000000088086dc8}: com/sun/glass/ui/win/themes> (0x0000000088086dc8) 
thrown [s\src\hotspot\share\prims\jni.cpp, line 535]
Event: 1.345 Thread 0x0000029ee36f7b20 Exception <a 'java/lang/ClassNotFoundException'{0x0000000088093b78}: com/sun/glass/ui/win/themes_en> (0x0000000088093b78) 
thrown [s\src\hotspot\share\prims\jni.cpp, line 535]
Event: 1.346 Thread 0x0000029ee36f7b20 Exception <a 'java/lang/ClassNotFoundException'{0x000000008809bbc0}: com/sun/glass/ui/win/themes_en_US> (0x000000008809bbc0) 
thrown [s\src\hotspot\share\prims\jni.cpp, line 535]
Event: 1.491 Thread 0x0000029ee36f7b20 Exception <a 'java/lang/NoSuchMethodError'{0x0000000088f9a9c0}: 'void java.lang.invoke.DirectMethodHandle$Holder.invokeStaticInit(java.lang.Object, java.lang.Object)'> (0x0000000088f9a9c0) 
thrown [s\src\hotspot\share\interpreter\linkResolver.cpp, line 759]
Event: 1.499 Thread 0x0000029ee36f7b20 Exception <a 'java/lang/NoSuchMethodError'{0x0000000088fd02e8}: 'void java.lang.invoke.DirectMethodHandle$Holder.invokeSpecial(java.lang.Object, java.lang.Object, java.lang.Object, java.lang.Object, java.lang.Object)'> (0x0000000088fd02e8) 
thrown [s\src\hotspot\share\interpreter\linkResolver.cpp, line 759]
Event: 1.822 Thread 0x0000029ee36f7b20 Exception <a 'java/lang/NoSuchMethodError'{0x00000000888f4c20}: 'java.lang.Object java.lang.invoke.DirectMethodHandle$Holder.invokeInterface(java.lang.Object, java.lang.Object)'> (0x00000000888f4c20) 
thrown [s\src\hotspot\share\interpreter\linkResolver.cpp, line 759]
Event: 2.017 Thread 0x0000029ee36f7b20 Exception <a 'java/lang/reflect/InvocationTargetException'{0x00000000884ca530}> (0x00000000884ca530) 
thrown [s\src\hotspot\share\runtime\reflection.cpp, line 1121]
Event: 2.023 Thread 0x0000029ee36f7b20 Exception <a 'java/lang/NoSuchMethodError'{0x00000000884d2ad8}: 'java.lang.Object java.lang.invoke.DirectMethodHandle$Holder.invokeStaticInit(java.lang.Object, int, int, int, int)'> (0x00000000884d2ad8) 
thrown [s\src\hotspot\share\interpreter\linkResolver.cpp, line 759]
Event: 2.111 Thread 0x0000029ee36f7b20 Exception <a 'java/lang/NoSuchMethodError'{0x000000008838fe78}: 'java.lang.Object java.lang.invoke.DirectMethodHandle$Holder.invokeStaticInit(java.lang.Object, java.lang.Object, int, int, int, int)'> (0x000000008838fe78) 
thrown [s\src\hotspot\share\interpreter\linkResolver.cpp, line 759]
Event: 2.162 Thread 0x0000029ee36f7b20 Exception <a 'sun/nio/fs/WindowsException'{0x0000000088f496e8}> (0x0000000088f496e8) 
thrown [s\src\hotspot\share\prims\jni.cpp, line 516]
Event: 2.177 Thread 0x0000029ee36f7b20 Exception <a 'java/lang/NoSuchMethodError'{0x0000000088f8dce0}: 'int java.lang.invoke.DirectMethodHandle$Holder.invokeStaticInit(java.lang.Object, java.lang.Object, java.lang.Object, java.lang.Object)'> (0x0000000088f8dce0) 
thrown [s\src\hotspot\share\interpreter\linkResolver.cpp, line 759]
Event: 2.178 Thread 0x0000029ee36f7b20 Exception <a 'java/lang/IncompatibleClassChangeError'{0x0000000088f970e8}: Found class java.lang.Object, but interface was expected> (0x0000000088f970e8) 
thrown [s\src\hotspot\share\interpreter\linkResolver.cpp, line 826]
Event: 2.179 Thread 0x0000029ee36f7b20 Exception <a 'java/lang/NoSuchMethodError'{0x0000000088f9c610}: 'int java.lang.invoke.DirectMethodHandle$Holder.invokeStaticInit(java.lang.Object, java.lang.Object)'> (0x0000000088f9c610) 
thrown [s\src\hotspot\share\interpreter\linkResolver.cpp, line 759]
Event: 2.503 Thread 0x0000029ee36f7b20 Exception <a 'java/lang/ClassNotFoundException'{0x0000000082aec0f0}: sun/util/logging/resources/spi/loggingProvider> (0x0000000082aec0f0) 
thrown [s\src\hotspot\share\classfile\systemDictionary.cpp, line 256]

VM Operations (20 events):
Event: 1.931 Executing VM operation: HandshakeAllThreads
Event: 1.931 Executing VM operation: HandshakeAllThreads done
Event: 2.136 Executing VM operation: CollectForMetadataAllocation
Event: 2.142 Executing VM operation: CollectForMetadataAllocation done
Event: 2.151 Executing VM operation: G1Concurrent
Event: 2.153 Executing VM operation: G1Concurrent done
Event: 2.158 Executing VM operation: G1Concurrent
Event: 2.158 Executing VM operation: G1Concurrent done
Event: 2.163 Executing VM operation: HandshakeAllThreads
Event: 2.163 Executing VM operation: HandshakeAllThreads done
Event: 2.171 Executing VM operation: HandshakeAllThreads
Event: 2.171 Executing VM operation: HandshakeAllThreads done
Event: 2.246 Executing VM operation: HandshakeAllThreads
Event: 2.246 Executing VM operation: HandshakeAllThreads done
Event: 2.286 Executing VM operation: HandshakeAllThreads
Event: 2.286 Executing VM operation: HandshakeAllThreads done
Event: 2.296 Executing VM operation: HandshakeAllThreads
Event: 2.296 Executing VM operation: HandshakeAllThreads done
Event: 3.296 Executing VM operation: Cleanup
Event: 3.297 Executing VM operation: Cleanup done

Events (20 events):
Event: 2.503 loading class java/util/ResourceBundle$3 done
Event: 2.503 loading class sun/util/logging/resources/logging
Event: 2.503 loading class sun/util/logging/resources/logging done
Event: 2.504 loading class sun/util/logging/resources/logging_en
Event: 2.504 loading class sun/util/logging/resources/logging_en done
Event: 2.504 loading class sun/util/logging/resources/logging_en
Event: 2.504 loading class sun/util/logging/resources/logging_en done
Event: 2.504 loading class sun/util/logging/resources/logging_en_US
Event: 2.504 loading class sun/util/logging/resources/logging_en_US done
Event: 2.504 loading class sun/util/logging/resources/logging_en_US
Event: 2.504 loading class sun/util/logging/resources/logging_en_US done
Event: 2.550 loading class java/time/OffsetTime
Event: 2.551 loading class java/time/OffsetTime done
Event: 2.551 loading class java/time/OffsetDateTime
Event: 2.552 loading class java/time/OffsetDateTime done
Event: 2.560 loading class java/math/MathContext
Event: 2.560 loading class java/math/MathContext done
Event: 2.612 Loaded shared library C:\Users\hieuc\Downloads\Save\javafx-sdk-19\bin\javafx_iio.dll
Event: 2.844 Thread 0x0000029ee2b0a070 Thread exited: 0x0000029ee2b0a070
Event: 3.149 Thread 0x0000029ee93f5400 Thread added: 0x0000029ee93f5400


Dynamic libraries:
0x00007ff728460000 - 0x00007ff72846e000 	C:\Users\hieuc\.p2\pool\plugins\org.eclipse.justj.openjdk.hotspot.jre.full.win32.x86_64_17.0.4.v20221004-1257\jre\bin\javaw.exe
0x00007fffc2350000 - 0x00007fffc2548000 	C:\WINDOWS\SYSTEM32\ntdll.dll
0x00007fffc1a70000 - 0x00007fffc1b2f000 	C:\WINDOWS\System32\KERNEL32.DLL
0x00007fffbfa40000 - 0x00007fffbfd12000 	C:\WINDOWS\System32\KERNELBASE.dll
0x00007fffbfdc0000 - 0x00007fffbfec0000 	C:\WINDOWS\System32\ucrtbase.dll
0x00007fffbcbe0000 - 0x00007fffbcbf8000 	C:\Users\hieuc\.p2\pool\plugins\org.eclipse.justj.openjdk.hotspot.jre.full.win32.x86_64_17.0.4.v20221004-1257\jre\bin\jli.dll
0x00007fffc18c0000 - 0x00007fffc1a61000 	C:\WINDOWS\System32\USER32.dll
0x00007fffbff50000 - 0x00007fffbff72000 	C:\WINDOWS\System32\win32u.dll
0x00007fffc1350000 - 0x00007fffc137b000 	C:\WINDOWS\System32\GDI32.dll
0x00007fffc01e0000 - 0x00007fffc02ef000 	C:\WINDOWS\System32\gdi32full.dll
0x00007fffc02f0000 - 0x00007fffc038d000 	C:\WINDOWS\System32\msvcp_win.dll
0x00007fffbce10000 - 0x00007fffbce29000 	C:\Users\hieuc\.p2\pool\plugins\org.eclipse.justj.openjdk.hotspot.jre.full.win32.x86_64_17.0.4.v20221004-1257\jre\bin\VCRUNTIME140.dll
0x00007fffabf10000 - 0x00007fffac1aa000 	C:\WINDOWS\WinSxS\amd64_microsoft.windows.common-controls_6595b64144ccf1df_6.0.19041.1110_none_60b5254171f9507e\COMCTL32.dll
0x00007fffc17c0000 - 0x00007fffc185e000 	C:\WINDOWS\System32\msvcrt.dll
0x00007fffc2230000 - 0x00007fffc2262000 	C:\WINDOWS\System32\IMM32.DLL
0x00007fffbd5a0000 - 0x00007fffbd5ac000 	C:\Users\hieuc\.p2\pool\plugins\org.eclipse.justj.openjdk.hotspot.jre.full.win32.x86_64_17.0.4.v20221004-1257\jre\bin\vcruntime140_1.dll
0x00007fff9b2a0000 - 0x00007fff9b331000 	C:\Users\hieuc\.p2\pool\plugins\org.eclipse.justj.openjdk.hotspot.jre.full.win32.x86_64_17.0.4.v20221004-1257\jre\bin\msvcp140.dll
0x00007fff7ad60000 - 0x00007fff7b9a6000 	C:\Users\hieuc\.p2\pool\plugins\org.eclipse.justj.openjdk.hotspot.jre.full.win32.x86_64_17.0.4.v20221004-1257\jre\bin\server\jvm.dll
0x00007fffc1180000 - 0x00007fffc122e000 	C:\WINDOWS\System32\ADVAPI32.dll
0x00007fffc2270000 - 0x00007fffc230c000 	C:\WINDOWS\System32\sechost.dll
0x00007fffc0440000 - 0x00007fffc0565000 	C:\WINDOWS\System32\RPCRT4.dll
0x00007fffc0410000 - 0x00007fffc0418000 	C:\WINDOWS\System32\PSAPI.DLL
0x00007fffa1490000 - 0x00007fffa1499000 	C:\WINDOWS\SYSTEM32\WSOCK32.dll
0x00007fffc16e0000 - 0x00007fffc174b000 	C:\WINDOWS\System32\WS2_32.dll
0x00007fffb3950000 - 0x00007fffb3977000 	C:\WINDOWS\SYSTEM32\WINMM.dll
0x00007fffb3940000 - 0x00007fffb394a000 	C:\WINDOWS\SYSTEM32\VERSION.dll
0x00007fffbd7b0000 - 0x00007fffbd7c2000 	C:\WINDOWS\SYSTEM32\kernel.appcore.dll
0x00007fff9dea0000 - 0x00007fff9deaa000 	C:\Users\hieuc\.p2\pool\plugins\org.eclipse.justj.openjdk.hotspot.jre.full.win32.x86_64_17.0.4.v20221004-1257\jre\bin\jimage.dll
0x00007fffacff0000 - 0x00007fffad1d4000 	C:\WINDOWS\SYSTEM32\DBGHELP.DLL
0x00007ffface60000 - 0x00007ffface95000 	C:\WINDOWS\SYSTEM32\dbgcore.DLL
0x00007fffbfec0000 - 0x00007fffbff42000 	C:\WINDOWS\System32\bcryptPrimitives.dll
0x00007fff7d380000 - 0x00007fff7d3a5000 	C:\Users\hieuc\.p2\pool\plugins\org.eclipse.justj.openjdk.hotspot.jre.full.win32.x86_64_17.0.4.v20221004-1257\jre\bin\java.dll
0x00007fff90040000 - 0x00007fff90058000 	C:\Users\hieuc\.p2\pool\plugins\org.eclipse.justj.openjdk.hotspot.jre.full.win32.x86_64_17.0.4.v20221004-1257\jre\bin\zip.dll
0x00007fffc0850000 - 0x00007fffc0f94000 	C:\WINDOWS\System32\SHELL32.dll
0x00007fffbdac0000 - 0x00007fffbe252000 	C:\WINDOWS\SYSTEM32\windows.storage.dll
0x00007fffc1380000 - 0x00007fffc16d5000 	C:\WINDOWS\System32\combase.dll
0x00007fffbf2e0000 - 0x00007fffbf310000 	C:\WINDOWS\SYSTEM32\Wldp.dll
0x00007fffc1b30000 - 0x00007fffc1bdd000 	C:\WINDOWS\System32\SHCORE.dll
0x00007fffc1760000 - 0x00007fffc17b5000 	C:\WINDOWS\System32\shlwapi.dll
0x00007fffbf980000 - 0x00007fffbf99f000 	C:\WINDOWS\SYSTEM32\profapi.dll
0x00007fff8f6c0000 - 0x00007fff8f6d9000 	C:\Users\hieuc\.p2\pool\plugins\org.eclipse.justj.openjdk.hotspot.jre.full.win32.x86_64_17.0.4.v20221004-1257\jre\bin\net.dll
0x00007fffb8ec0000 - 0x00007fffb8fcc000 	C:\WINDOWS\SYSTEM32\WINHTTP.dll
0x00007fffbf0c0000 - 0x00007fffbf12a000 	C:\WINDOWS\system32\mswsock.dll
0x00007fff8a770000 - 0x00007fff8a785000 	C:\Users\hieuc\.p2\pool\plugins\org.eclipse.justj.openjdk.hotspot.jre.full.win32.x86_64_17.0.4.v20221004-1257\jre\bin\nio.dll
0x0000029ec6870000 - 0x0000029ec6873000 	C:\Users\hieuc\Downloads\Save\javafx-sdk-19\bin\api-ms-win-core-console-l1-1-0.dll
0x0000029ec6880000 - 0x0000029ec6883000 	C:\Users\hieuc\Downloads\Save\javafx-sdk-19\bin\api-ms-win-core-console-l1-2-0.dll
0x0000029ec6890000 - 0x0000029ec6893000 	C:\Users\hieuc\Downloads\Save\javafx-sdk-19\bin\api-ms-win-core-datetime-l1-1-0.dll
0x0000029ec87e0000 - 0x0000029ec87e3000 	C:\Users\hieuc\Downloads\Save\javafx-sdk-19\bin\api-ms-win-core-debug-l1-1-0.dll
0x0000029ec87f0000 - 0x0000029ec87f3000 	C:\Users\hieuc\Downloads\Save\javafx-sdk-19\bin\api-ms-win-core-errorhandling-l1-1-0.dll
0x0000029ec8800000 - 0x0000029ec8804000 	C:\Users\hieuc\Downloads\Save\javafx-sdk-19\bin\api-ms-win-core-file-l1-1-0.dll
0x0000029ec8810000 - 0x0000029ec8813000 	C:\Users\hieuc\Downloads\Save\javafx-sdk-19\bin\api-ms-win-core-file-l1-2-0.dll
0x0000029ec8820000 - 0x0000029ec8823000 	C:\Users\hieuc\Downloads\Save\javafx-sdk-19\bin\api-ms-win-core-file-l2-1-0.dll
0x0000029ec8830000 - 0x0000029ec8833000 	C:\Users\hieuc\Downloads\Save\javafx-sdk-19\bin\api-ms-win-core-handle-l1-1-0.dll
0x0000029ec8840000 - 0x0000029ec8843000 	C:\Users\hieuc\Downloads\Save\javafx-sdk-19\bin\api-ms-win-core-heap-l1-1-0.dll
0x0000029ee1ff0000 - 0x0000029ee1ff3000 	C:\Users\hieuc\Downloads\Save\javafx-sdk-19\bin\api-ms-win-core-interlocked-l1-1-0.dll
0x0000029ee44d0000 - 0x0000029ee44d3000 	C:\Users\hieuc\Downloads\Save\javafx-sdk-19\bin\api-ms-win-core-libraryloader-l1-1-0.dll
0x0000029ee44e0000 - 0x0000029ee44e3000 	C:\Users\hieuc\Downloads\Save\javafx-sdk-19\bin\api-ms-win-core-localization-l1-2-0.dll
0x0000029ee44f0000 - 0x0000029ee44f3000 	C:\Users\hieuc\Downloads\Save\javafx-sdk-19\bin\api-ms-win-core-memory-l1-1-0.dll
0x0000029ee4500000 - 0x0000029ee4503000 	C:\Users\hieuc\Downloads\Save\javafx-sdk-19\bin\api-ms-win-core-namedpipe-l1-1-0.dll
0x0000029ee4630000 - 0x0000029ee4633000 	C:\Users\hieuc\Downloads\Save\javafx-sdk-19\bin\api-ms-win-core-processenvironment-l1-1-0.dll
0x0000029ee4510000 - 0x0000029ee4513000 	C:\Users\hieuc\Downloads\Save\javafx-sdk-19\bin\api-ms-win-core-processthreads-l1-1-0.dll
0x0000029ee4520000 - 0x0000029ee4523000 	C:\Users\hieuc\Downloads\Save\javafx-sdk-19\bin\api-ms-win-core-processthreads-l1-1-1.dll
0x0000029ee4530000 - 0x0000029ee4533000 	C:\Users\hieuc\Downloads\Save\javafx-sdk-19\bin\api-ms-win-core-profile-l1-1-0.dll
0x0000029ee4540000 - 0x0000029ee4543000 	C:\Users\hieuc\Downloads\Save\javafx-sdk-19\bin\api-ms-win-core-rtlsupport-l1-1-0.dll
0x0000029ee4550000 - 0x0000029ee4553000 	C:\Users\hieuc\Downloads\Save\javafx-sdk-19\bin\api-ms-win-core-string-l1-1-0.dll
0x0000029ee4560000 - 0x0000029ee4563000 	C:\Users\hieuc\Downloads\Save\javafx-sdk-19\bin\api-ms-win-core-synch-l1-1-0.dll
0x0000029ee4570000 - 0x0000029ee4573000 	C:\Users\hieuc\Downloads\Save\javafx-sdk-19\bin\api-ms-win-core-synch-l1-2-0.dll
0x0000029ee4580000 - 0x0000029ee4583000 	C:\Users\hieuc\Downloads\Save\javafx-sdk-19\bin\api-ms-win-core-sysinfo-l1-1-0.dll
0x0000029ee4590000 - 0x0000029ee4593000 	C:\Users\hieuc\Downloads\Save\javafx-sdk-19\bin\api-ms-win-core-timezone-l1-1-0.dll
0x0000029ee45a0000 - 0x0000029ee45a3000 	C:\Users\hieuc\Downloads\Save\javafx-sdk-19\bin\api-ms-win-core-util-l1-1-0.dll
0x0000029ee45b0000 - 0x0000029ee45b3000 	C:\Users\hieuc\Downloads\Save\javafx-sdk-19\bin\api-ms-win-crt-conio-l1-1-0.dll
0x0000029ee45c0000 - 0x0000029ee45c4000 	C:\Users\hieuc\Downloads\Save\javafx-sdk-19\bin\api-ms-win-crt-convert-l1-1-0.dll
0x0000029ee45d0000 - 0x0000029ee45d3000 	C:\Users\hieuc\Downloads\Save\javafx-sdk-19\bin\api-ms-win-crt-environment-l1-1-0.dll
0x0000029ee45e0000 - 0x0000029ee45e3000 	C:\Users\hieuc\Downloads\Save\javafx-sdk-19\bin\api-ms-win-crt-filesystem-l1-1-0.dll
0x0000029ee45f0000 - 0x0000029ee45f3000 	C:\Users\hieuc\Downloads\Save\javafx-sdk-19\bin\api-ms-win-crt-heap-l1-1-0.dll
0x0000029ee4600000 - 0x0000029ee4603000 	C:\Users\hieuc\Downloads\Save\javafx-sdk-19\bin\api-ms-win-crt-locale-l1-1-0.dll
0x0000029ee4610000 - 0x0000029ee4615000 	C:\Users\hieuc\Downloads\Save\javafx-sdk-19\bin\api-ms-win-crt-math-l1-1-0.dll
0x0000029ee4620000 - 0x0000029ee4625000 	C:\Users\hieuc\Downloads\Save\javafx-sdk-19\bin\api-ms-win-crt-multibyte-l1-1-0.dll
0x0000029ee4640000 - 0x0000029ee4650000 	C:\Users\hieuc\Downloads\Save\javafx-sdk-19\bin\api-ms-win-crt-private-l1-1-0.dll
0x0000029ee4650000 - 0x0000029ee4653000 	C:\Users\hieuc\Downloads\Save\javafx-sdk-19\bin\api-ms-win-crt-process-l1-1-0.dll
0x0000029ee4660000 - 0x0000029ee4664000 	C:\Users\hieuc\Downloads\Save\javafx-sdk-19\bin\api-ms-win-crt-runtime-l1-1-0.dll
0x0000029ee4670000 - 0x0000029ee4674000 	C:\Users\hieuc\Downloads\Save\javafx-sdk-19\bin\api-ms-win-crt-stdio-l1-1-0.dll
0x0000029ee4680000 - 0x0000029ee4684000 	C:\Users\hieuc\Downloads\Save\javafx-sdk-19\bin\api-ms-win-crt-string-l1-1-0.dll
0x0000029ee4690000 - 0x0000029ee4693000 	C:\Users\hieuc\Downloads\Save\javafx-sdk-19\bin\api-ms-win-crt-time-l1-1-0.dll
0x0000029ee46a0000 - 0x0000029ee46a3000 	C:\Users\hieuc\Downloads\Save\javafx-sdk-19\bin\api-ms-win-crt-utility-l1-1-0.dll
0x00007fff98e10000 - 0x00007fff98f0c000 	C:\Users\hieuc\Downloads\Save\javafx-sdk-19\bin\ucrtbase.dll
0x00007fffb2c90000 - 0x00007fffb2cab000 	C:\Users\hieuc\Downloads\Save\javafx-sdk-19\bin\vcruntime140.dll
0x00007fffbcbb0000 - 0x00007fffbcbbc000 	C:\Users\hieuc\Downloads\Save\javafx-sdk-19\bin\vcruntime140_1.dll
0x00007fff98d80000 - 0x00007fff98e0e000 	C:\Users\hieuc\Downloads\Save\javafx-sdk-19\bin\msvcp140.dll
0x00007fffb9e20000 - 0x00007fffb9e29000 	C:\Users\hieuc\Downloads\Save\javafx-sdk-19\bin\msvcp140_1.dll
0x00007fffb0280000 - 0x00007fffb02b0000 	C:\Users\hieuc\Downloads\Save\javafx-sdk-19\bin\msvcp140_2.dll
0x00007fffa2e00000 - 0x00007fffa2e2c000 	C:\Users\hieuc\Downloads\Save\javafx-sdk-19\bin\prism_d3d.dll
0x00007fff886f0000 - 0x00007fff888be000 	C:\WINDOWS\system32\d3d9.dll
0x00007fffbd7d0000 - 0x00007fffbd7ff000 	C:\WINDOWS\SYSTEM32\dwmapi.dll
0x00007fffbd410000 - 0x00007fffbd4ae000 	C:\WINDOWS\system32\uxtheme.dll
0x00007fffb6e10000 - 0x00007fffb6f74000 	C:\WINDOWS\SYSTEM32\aticfx64.dll
0x00007fff9ce20000 - 0x00007fff9ce41000 	C:\WINDOWS\SYSTEM32\atiu9p64.dll
0x00007fff87e90000 - 0x00007fff886e9000 	C:\WINDOWS\SYSTEM32\atiumd64.dll
0x000000006dd60000 - 0x000000006e5e8000 	C:\WINDOWS\SYSTEM32\atiumd6a.dll
0x00007fffbf8b0000 - 0x00007fffbf8fb000 	C:\WINDOWS\SYSTEM32\POWRPROF.dll
0x00007fffbf890000 - 0x00007fffbf8a2000 	C:\WINDOWS\SYSTEM32\UMPDC.dll
0x00007fff9ffe0000 - 0x00007fffa0022000 	C:\Users\hieuc\Downloads\Save\javafx-sdk-19\bin\glass.dll
0x00007fffc1be0000 - 0x00007fffc1cba000 	C:\WINDOWS\System32\COMDLG32.dll
0x00007fffc1050000 - 0x00007fffc117a000 	C:\WINDOWS\System32\ole32.dll
0x00007fffc0780000 - 0x00007fffc084d000 	C:\WINDOWS\System32\OLEAUT32.dll
0x00007fffc1230000 - 0x00007fffc1345000 	C:\WINDOWS\System32\MSCTF.dll
0x00007fffb0260000 - 0x00007fffb0274000 	C:\Users\hieuc\Downloads\Save\javafx-sdk-19\bin\javafx_font.dll
0x00007fffa2550000 - 0x00007fffa27cf000 	C:\WINDOWS\SYSTEM32\dwrite.dll
0x00007fff79580000 - 0x00007fff79597000 	C:\WINDOWS\system32\napinsp.dll
0x00007fff79560000 - 0x00007fff7957b000 	C:\WINDOWS\system32\pnrpnsp.dll
0x00007fffbaf40000 - 0x00007fffbaf55000 	C:\WINDOWS\system32\wshbth.dll
0x00007fffbb440000 - 0x00007fffbb45d000 	C:\WINDOWS\system32\NLAapi.dll
0x00007fffbedd0000 - 0x00007fffbee0b000 	C:\WINDOWS\SYSTEM32\IPHLPAPI.DLL
0x00007fffbee60000 - 0x00007fffbef2a000 	C:\WINDOWS\SYSTEM32\DNSAPI.dll
0x00007fffc1cc0000 - 0x00007fffc1cc8000 	C:\WINDOWS\System32\NSI.dll
0x00007fff8a340000 - 0x00007fff8a352000 	C:\WINDOWS\System32\winrnr.dll
0x00007fffb12b0000 - 0x00007fffb12ba000 	C:\Windows\System32\rasadhlp.dll
0x00007fffb8160000 - 0x00007fffb81e0000 	C:\WINDOWS\System32\fwpuclnt.dll
0x00007fffbfd90000 - 0x00007fffbfdb7000 	C:\WINDOWS\System32\bcrypt.dll
0x00007fffbf610000 - 0x00007fffbf628000 	C:\WINDOWS\SYSTEM32\CRYPTSP.dll
0x00007fffbea00000 - 0x00007fffbea34000 	C:\WINDOWS\system32\rsaenh.dll
0x00007fffbf940000 - 0x00007fffbf96e000 	C:\WINDOWS\SYSTEM32\USERENV.dll
0x00007fffbf250000 - 0x00007fffbf25c000 	C:\WINDOWS\SYSTEM32\CRYPTBASE.dll
0x00007fffb9a50000 - 0x00007fffb9a67000 	C:\WINDOWS\SYSTEM32\dhcpcsvc6.DLL
0x00007fffb98c0000 - 0x00007fffb98dd000 	C:\WINDOWS\SYSTEM32\dhcpcsvc.DLL
0x00007fffbce30000 - 0x00007fffbce3e000 	C:\Users\hieuc\.p2\pool\plugins\org.eclipse.justj.openjdk.hotspot.jre.full.win32.x86_64_17.0.4.v20221004-1257\jre\bin\sunmscapi.dll
0x00007fffbff80000 - 0x00007fffc00d6000 	C:\WINDOWS\System32\CRYPT32.dll
0x00007fffbf350000 - 0x00007fffbf377000 	C:\WINDOWS\SYSTEM32\ncrypt.dll

dbghelp: loaded successfully - version: 4.0.5 - missing functions: none
symbol engine: initialized successfully - sym options: 0x614 - pdb path: .;C:\Users\hieuc\.p2\pool\plugins\org.eclipse.justj.openjdk.hotspot.jre.full.win32.x86_64_17.0.4.v20221004-1257\jre\bin;C:\WINDOWS\SYSTEM32;C:\WINDOWS\WinSxS\amd64_microsoft.windows.common-controls_6595b64144ccf1df_6.0.19041.1110_none_60b5254171f9507e;C:\Users\hieuc\.p2\pool\plugins\org.eclipse.justj.openjdk.hotspot.jre.full.win32.x86_64_17.0.4.v20221004-1257\jre\bin\server;C:\Users\hieuc\Downloads\Save\javafx-sdk-19\bin

VM Arguments:
jvm_args: --module-path=C:\Users\hieuc\Downloads\Save\javafx-sdk-19\lib --add-modules=javafx.controls,javafx.fxml -Dfile.encoding=UTF-8 -XX:+ShowCodeDetailsInExceptionMessages 
java_command: application.Main
java_class_path (initial): C:\Users\hieuc\Desktop\Class - Project ITSS\Project code\EcoBike\bin;C:\Users\hieuc\Downloads\Save\javafx-sdk-19\lib\javafx.base.jar;C:\Users\hieuc\Downloads\Save\javafx-sdk-19\lib\javafx.controls.jar;C:\Users\hieuc\Downloads\Save\javafx-sdk-19\lib\javafx.fxml.jar;C:\Users\hieuc\Downloads\Save\javafx-sdk-19\lib\javafx.graphics.jar;C:\Users\hieuc\Downloads\Save\javafx-sdk-19\lib\javafx.media.jar;C:\Users\hieuc\Downloads\Save\javafx-sdk-19\lib\javafx.swing.jar;C:\Users\hieuc\Downloads\Save\javafx-sdk-19\lib\javafx.web.jar;C:\Users\hieuc\Downloads\Save\javafx-sdk-19\lib\javafx-swt.jar;C:\Users\hieuc\Downloads\Save\sqljdbc_12.2\enu\mssql-jdbc-12.2.0.jre8.jar
Launcher Type: SUN_STANDARD

[Global flags]
     intx CICompilerCount                          = 3                                         {product} {ergonomic}
     uint ConcGCThreads                            = 1                                         {product} {ergonomic}
     uint G1ConcRefinementThreads                  = 4                                         {product} {ergonomic}
   size_t G1HeapRegionSize                         = 1048576                                   {product} {ergonomic}
    uintx GCDrainStackTargetSize                   = 64                                        {product} {ergonomic}
   size_t InitialHeapSize                          = 134217728                                 {product} {ergonomic}
   size_t MarkStackSize                            = 4194304                                   {product} {ergonomic}
   size_t MaxHeapSize                              = 2130706432                                {product} {ergonomic}
   size_t MaxNewSize                               = 1278214144                                {product} {ergonomic}
   size_t MinHeapDeltaBytes                        = 1048576                                   {product} {ergonomic}
   size_t MinHeapSize                              = 8388608                                   {product} {ergonomic}
    uintx NonNMethodCodeHeapSize                   = 5832780                                {pd product} {ergonomic}
    uintx NonProfiledCodeHeapSize                  = 122912730                              {pd product} {ergonomic}
    uintx ProfiledCodeHeapSize                     = 122912730                              {pd product} {ergonomic}
    uintx ReservedCodeCacheSize                    = 251658240                              {pd product} {ergonomic}
     bool SegmentedCodeCache                       = true                                      {product} {ergonomic}
     bool ShowCodeDetailsInExceptionMessages       = true                                   {manageable} {command line}
   size_t SoftMaxHeapSize                          = 2130706432                             {manageable} {ergonomic}
     bool UseCompressedClassPointers               = true                           {product lp64_product} {ergonomic}
     bool UseCompressedOops                        = true                           {product lp64_product} {ergonomic}
     bool UseG1GC                                  = true                                      {product} {ergonomic}
     bool UseLargePagesIndividualAllocation        = false                                  {pd product} {ergonomic}

Logging:
Log output configuration:
 #0: stdout all=warning uptime,level,tags
 #1: stderr all=off uptime,level,tags

Environment Variables:
PATH=C:/Users/hieuc/.p2/pool/plugins/org.eclipse.justj.openjdk.hotspot.jre.full.win32.x86_64_17.0.4.v20221004-1257/jre/bin/server;C:/Users/hieuc/.p2/pool/plugins/org.eclipse.justj.openjdk.hotspot.jre.full.win32.x86_64_17.0.4.v20221004-1257/jre/bin;C:\WINDOWS\system32;C:\WINDOWS;C:\WINDOWS\System32\Wbem;C:\WINDOWS\System32\WindowsPowerShell\v1.0\;C:\WINDOWS\System32\OpenSSH\;C:\Program Files\Git\cmd;C:\Program Files\nodejs\;C:\Program Files\Docker\Docker\resources\bin;C:\ProgramData\DockerDesktop\version-bin;C:\Program Files\OpenSSL-Win64\bin;C:\Program Files\Go\bin;C:\Program Files\Cloudflare\Cloudflare WARP\;C:\Program Files (x86)\Microsoft SQL Server\160\Tools\Binn\;C:\Program Files\Microsoft SQL Server\160\Tools\Binn\;C:\Program Files\Microsoft SQL Server\Client SDK\ODBC\170\Tools\Binn\;C:\Program Files\Microsoft SQL Server\160\DTS\Binn\;C:\Program Files (x86)\Microsoft SQL Server\160\DTS\Binn\;C:\Program Files\Azure Data Studio\bin;C:\Users\hieuc\AppData\Local\Programs\Python\Python310\Scripts\;C:\Users\hieuc\AppData\Local\Programs\Python\Python310\;C:\Users\hieuc\AppData\Local\Microsoft\WindowsApps;;C:\Users\hieuc\AppData\Local\Programs\Microsoft VS Code\bin;C:\Users\hieuc\AppData\Roaming\npm;C:\Users\hieuc\go\bin;C:\Program Files\Azure Data Studio\bin;C:\WINDOWS\System32;
USERNAME=hieuc
OS=Windows_NT
PROCESSOR_IDENTIFIER=Intel64 Family 6 Model 58 Stepping 9, GenuineIntel
TMP=C:\Users\hieuc\AppData\Local\Temp
TEMP=C:\Users\hieuc\AppData\Local\Temp



---------------  S Y S T E M  ---------------

OS:
 Windows 10 , 64 bit Build 19041 (10.0.19041.2364)
OS uptime: 2 days 1:06 hours
Hyper-V role detected

CPU: total 4 (initial active 4) (2 cores per cpu, 2 threads per core) family 6 model 58 stepping 9 microcode 0x21, cx8, cmov, fxsr, ht, mmx, sse, sse2, sse3, ssse3, sse4.1, sse4.2, popcnt, tsc, tscinvbit, avx, aes, erms, clmul, vzeroupper, clflush, hv

Memory: 4k page, system-wide physical 8123M (2806M free)
TotalPageFile size 10171M (AvailPageFile size 11M)
current process WorkingSet (physical memory assigned to process): 268M, peak: 268M
current process commit charge ("private bytes"): 388M, peak: 389M

vm_info: OpenJDK 64-Bit Server VM (17.0.4.1+1) for windows-amd64 JRE (17.0.4.1+1), built on Aug 17 2022 07:42:43 by "temurin" with MS VC++ 16.7 (VS2019)

END.
